CRITICAL - 2021-09-21 22:36:20 --> Trying to access array offset on value of type null
#0 C:\laragon\www\penyaluranapp\app\Views\sidemenu.php(17): CodeIgniter\Debug\Exceptions->errorHandler(8, 'Trying to acces...', 'C:\\laragon\\www\\...', 17, Array)
#1 C:\laragon\www\penyaluranapp\vendor\codeigniter4\framework\system\View\View.php(230): include('C:\\laragon\\www\\...')
#2 C:\laragon\www\penyaluranapp\vendor\codeigniter4\framework\system\View\View.php(232): CodeIgniter\View\View->CodeIgniter\View\{closure}()
#3 C:\laragon\www\penyaluranapp\vendor\codeigniter4\framework\system\Common.php(1271): CodeIgniter\View\View->render('sidemenu', Array, true)
#4 C:\laragon\www\penyaluranapp\app\Controllers\Upload_file.php(111): view('sidemenu', Array)
#5 C:\laragon\www\penyaluranapp\vendor\codeigniter4\framework\system\CodeIgniter.php(928): App\Controllers\Upload_file->daftar_upload('8')
#6 C:\laragon\www\penyaluranapp\vendor\codeigniter4\framework\system\CodeIgniter.php(436): CodeIgniter\CodeIgniter->runController(Object(App\Controllers\Upload_file))
#7 C:\laragon\www\penyaluranapp\vendor\codeigniter4\framework\system\CodeIgniter.php(336): CodeIgniter\CodeIgniter->handleRequest(NULL, Object(Config\Cache), false)
#8 C:\laragon\www\penyaluranapp\public\index.php(37): CodeIgniter\CodeIgniter->run()
#9 {main}
ERROR - 2021-09-21 22:36:21 --> [Microsoft][ODBC Driver 17 for SQL Server][SQL Server]Error converting data type nvarchar to int.
CRITICAL - 2021-09-21 22:36:21 --> [Microsoft][ODBC Driver 17 for SQL Server][SQL Server]Error converting data type nvarchar to int.
#0 C:\laragon\www\penyaluranapp\vendor\codeigniter4\framework\system\Database\BaseConnection.php(732): CodeIgniter\Database\SQLSRV\Connection->execute('exec penyaluran...')
#1 C:\laragon\www\penyaluranapp\vendor\codeigniter4\framework\system\Database\BaseConnection.php(647): CodeIgniter\Database\BaseConnection->simpleQuery('exec penyaluran...')
#2 C:\laragon\www\penyaluranapp\app\Models\Upload_fileModel.php(22): CodeIgniter\Database\BaseConnection->query('exec penyaluran...')
#3 C:\laragon\www\penyaluranapp\app\Controllers\Upload_file.php(101): App\Models\Upload_fileModel->getall('assets')
#4 C:\laragon\www\penyaluranapp\vendor\codeigniter4\framework\system\CodeIgniter.php(928): App\Controllers\Upload_file->daftar_upload('assets', 'dist', 'img', 'user1-128x128.j...')
#5 C:\laragon\www\penyaluranapp\vendor\codeigniter4\framework\system\CodeIgniter.php(436): CodeIgniter\CodeIgniter->runController(Object(App\Controllers\Upload_file))
#6 C:\laragon\www\penyaluranapp\vendor\codeigniter4\framework\system\CodeIgniter.php(336): CodeIgniter\CodeIgniter->handleRequest(NULL, Object(Config\Cache), false)
#7 C:\laragon\www\penyaluranapp\public\index.php(37): CodeIgniter\CodeIgniter->run()
#8 {main}
ERROR - 2021-09-21 22:36:21 --> [Microsoft][ODBC Driver 17 for SQL Server][SQL Server]Error converting data type nvarchar to int.
CRITICAL - 2021-09-21 22:36:21 --> [Microsoft][ODBC Driver 17 for SQL Server][SQL Server]Error converting data type nvarchar to int.
#0 C:\laragon\www\penyaluranapp\vendor\codeigniter4\framework\system\Database\BaseConnection.php(732): CodeIgniter\Database\SQLSRV\Connection->execute('exec penyaluran...')
#1 C:\laragon\www\penyaluranapp\vendor\codeigniter4\framework\system\Database\BaseConnection.php(647): CodeIgniter\Database\BaseConnection->simpleQuery('exec penyaluran...')
#2 C:\laragon\www\penyaluranapp\app\Models\Upload_fileModel.php(22): CodeIgniter\Database\BaseConnection->query('exec penyaluran...')
#3 C:\laragon\www\penyaluranapp\app\Controllers\Upload_file.php(101): App\Models\Upload_fileModel->getall('assets')
#4 C:\laragon\www\penyaluranapp\vendor\codeigniter4\framework\system\CodeIgniter.php(928): App\Controllers\Upload_file->daftar_upload('assets', 'dist', 'img', 'user8-128x128.j...')
#5 C:\laragon\www\penyaluranapp\vendor\codeigniter4\framework\system\CodeIgniter.php(436): CodeIgniter\CodeIgniter->runController(Object(App\Controllers\Upload_file))
#6 C:\laragon\www\penyaluranapp\vendor\codeigniter4\framework\system\CodeIgniter.php(336): CodeIgniter\CodeIgniter->handleRequest(NULL, Object(Config\Cache), false)
#7 C:\laragon\www\penyaluranapp\public\index.php(37): CodeIgniter\CodeIgniter->run()
#8 {main}
ERROR - 2021-09-21 22:36:21 --> [Microsoft][ODBC Driver 17 for SQL Server][SQL Server]Error converting data type nvarchar to int.
CRITICAL - 2021-09-21 22:36:21 --> [Microsoft][ODBC Driver 17 for SQL Server][SQL Server]Error converting data type nvarchar to int.
#0 C:\laragon\www\penyaluranapp\vendor\codeigniter4\framework\system\Database\BaseConnection.php(732): CodeIgniter\Database\SQLSRV\Connection->execute('exec penyaluran...')
#1 C:\laragon\www\penyaluranapp\vendor\codeigniter4\framework\system\Database\BaseConnection.php(647): CodeIgniter\Database\BaseConnection->simpleQuery('exec penyaluran...')
#2 C:\laragon\www\penyaluranapp\app\Models\Upload_fileModel.php(22): CodeIgniter\Database\BaseConnection->query('exec penyaluran...')
#3 C:\laragon\www\penyaluranapp\app\Controllers\Upload_file.php(101): App\Models\Upload_fileModel->getall('assets')
#4 C:\laragon\www\penyaluranapp\vendor\codeigniter4\framework\system\CodeIgniter.php(928): App\Controllers\Upload_file->daftar_upload('assets', 'dist', 'img', 'user3-128x128.j...')
#5 C:\laragon\www\penyaluranapp\vendor\codeigniter4\framework\system\CodeIgniter.php(436): CodeIgniter\CodeIgniter->runController(Object(App\Controllers\Upload_file))
#6 C:\laragon\www\penyaluranapp\vendor\codeigniter4\framework\system\CodeIgniter.php(336): CodeIgniter\CodeIgniter->handleRequest(NULL, Object(Config\Cache), false)
#7 C:\laragon\www\penyaluranapp\public\index.php(37): CodeIgniter\CodeIgniter->run()
#8 {main}
ERROR - 2021-09-21 22:36:40 --> [Microsoft][ODBC Driver 17 for SQL Server][SQL Server]Error converting data type nvarchar to int.
CRITICAL - 2021-09-21 22:36:40 --> [Microsoft][ODBC Driver 17 for SQL Server][SQL Server]Error converting data type nvarchar to int.
#0 C:\laragon\www\penyaluranapp\vendor\codeigniter4\framework\system\Database\BaseConnection.php(732): CodeIgniter\Database\SQLSRV\Connection->execute('exec penyaluran...')
#1 C:\laragon\www\penyaluranapp\vendor\codeigniter4\framework\system\Database\BaseConnection.php(647): CodeIgniter\Database\BaseConnection->simpleQuery('exec penyaluran...')
#2 C:\laragon\www\penyaluranapp\app\Models\Upload_fileModel.php(22): CodeIgniter\Database\BaseConnection->query('exec penyaluran...')
#3 C:\laragon\www\penyaluranapp\app\Controllers\Upload_file.php(101): App\Models\Upload_fileModel->getall('assets')
#4 C:\laragon\www\penyaluranapp\vendor\codeigniter4\framework\system\CodeIgniter.php(928): App\Controllers\Upload_file->daftar_upload('assets', 'dist', 'img', 'user8-128x128.j...')
#5 C:\laragon\www\penyaluranapp\vendor\codeigniter4\framework\system\CodeIgniter.php(436): CodeIgniter\CodeIgniter->runController(Object(App\Controllers\Upload_file))
#6 C:\laragon\www\penyaluranapp\vendor\codeigniter4\framework\system\CodeIgniter.php(336): CodeIgniter\CodeIgniter->handleRequest(NULL, Object(Config\Cache), false)
#7 C:\laragon\www\penyaluranapp\public\index.php(37): CodeIgniter\CodeIgniter->run()
#8 {main}
ERROR - 2021-09-21 22:36:40 --> [Microsoft][ODBC Driver 17 for SQL Server][SQL Server]Error converting data type nvarchar to int.
CRITICAL - 2021-09-21 22:36:40 --> [Microsoft][ODBC Driver 17 for SQL Server][SQL Server]Error converting data type nvarchar to int.
#0 C:\laragon\www\penyaluranapp\vendor\codeigniter4\framework\system\Database\BaseConnection.php(732): CodeIgniter\Database\SQLSRV\Connection->execute('exec penyaluran...')
#1 C:\laragon\www\penyaluranapp\vendor\codeigniter4\framework\system\Database\BaseConnection.php(647): CodeIgniter\Database\BaseConnection->simpleQuery('exec penyaluran...')
#2 C:\laragon\www\penyaluranapp\app\Models\Upload_fileModel.php(22): CodeIgniter\Database\BaseConnection->query('exec penyaluran...')
#3 C:\laragon\www\penyaluranapp\app\Controllers\Upload_file.php(101): App\Models\Upload_fileModel->getall('assets')
#4 C:\laragon\www\penyaluranapp\vendor\codeigniter4\framework\system\CodeIgniter.php(928): App\Controllers\Upload_file->daftar_upload('assets', 'dist', 'img', 'user3-128x128.j...')
#5 C:\laragon\www\penyaluranapp\vendor\codeigniter4\framework\system\CodeIgniter.php(436): CodeIgniter\CodeIgniter->runController(Object(App\Controllers\Upload_file))
#6 C:\laragon\www\penyaluranapp\vendor\codeigniter4\framework\system\CodeIgniter.php(336): CodeIgniter\CodeIgniter->handleRequest(NULL, Object(Config\Cache), false)
#7 C:\laragon\www\penyaluranapp\public\index.php(37): CodeIgniter\CodeIgniter->run()
#8 {main}
ERROR - 2021-09-21 22:36:41 --> [Microsoft][ODBC Driver 17 for SQL Server][SQL Server]Error converting data type nvarchar to int.
CRITICAL - 2021-09-21 22:36:41 --> [Microsoft][ODBC Driver 17 for SQL Server][SQL Server]Error converting data type nvarchar to int.
#0 C:\laragon\www\penyaluranapp\vendor\codeigniter4\framework\system\Database\BaseConnection.php(732): CodeIgniter\Database\SQLSRV\Connection->execute('exec penyaluran...')
#1 C:\laragon\www\penyaluranapp\vendor\codeigniter4\framework\system\Database\BaseConnection.php(647): CodeIgniter\Database\BaseConnection->simpleQuery('exec penyaluran...')
#2 C:\laragon\www\penyaluranapp\app\Models\Upload_fileModel.php(22): CodeIgniter\Database\BaseConnection->query('exec penyaluran...')
#3 C:\laragon\www\penyaluranapp\app\Controllers\Upload_file.php(101): App\Models\Upload_fileModel->getall('assets')
#4 C:\laragon\www\penyaluranapp\vendor\codeigniter4\framework\system\CodeIgniter.php(928): App\Controllers\Upload_file->daftar_upload('assets', 'dist', 'img', 'user1-128x128.j...')
#5 C:\laragon\www\penyaluranapp\vendor\codeigniter4\framework\system\CodeIgniter.php(436): CodeIgniter\CodeIgniter->runController(Object(App\Controllers\Upload_file))
#6 C:\laragon\www\penyaluranapp\vendor\codeigniter4\framework\system\CodeIgniter.php(336): CodeIgniter\CodeIgniter->handleRequest(NULL, Object(Config\Cache), false)
#7 C:\laragon\www\penyaluranapp\public\index.php(37): CodeIgniter\CodeIgniter->run()
#8 {main}
ERROR - 2021-09-21 22:45:44 --> [Microsoft][ODBC Driver 17 for SQL Server][SQL Server]Error converting data type nvarchar to int.
CRITICAL - 2021-09-21 22:45:44 --> [Microsoft][ODBC Driver 17 for SQL Server][SQL Server]Error converting data type nvarchar to int.
#0 C:\laragon\www\penyaluranapp\vendor\codeigniter4\framework\system\Database\BaseConnection.php(732): CodeIgniter\Database\SQLSRV\Connection->execute('exec penyaluran...')
#1 C:\laragon\www\penyaluranapp\vendor\codeigniter4\framework\system\Database\BaseConnection.php(647): CodeIgniter\Database\BaseConnection->simpleQuery('exec penyaluran...')
#2 C:\laragon\www\penyaluranapp\app\Models\Upload_fileModel.php(22): CodeIgniter\Database\BaseConnection->query('exec penyaluran...')
#3 C:\laragon\www\penyaluranapp\app\Controllers\Upload_file.php(106): App\Models\Upload_fileModel->getall('assets')
#4 C:\laragon\www\penyaluranapp\vendor\codeigniter4\framework\system\CodeIgniter.php(928): App\Controllers\Upload_file->daftar_upload('assets', 'dist', 'img', 'user1-128x128.j...')
#5 C:\laragon\www\penyaluranapp\vendor\codeigniter4\framework\system\CodeIgniter.php(436): CodeIgniter\CodeIgniter->runController(Object(App\Controllers\Upload_file))
#6 C:\laragon\www\penyaluranapp\vendor\codeigniter4\framework\system\CodeIgniter.php(336): CodeIgniter\CodeIgniter->handleRequest(NULL, Object(Config\Cache), false)
#7 C:\laragon\www\penyaluranapp\public\index.php(37): CodeIgniter\CodeIgniter->run()
#8 {main}
ERROR - 2021-09-21 22:45:44 --> [Microsoft][ODBC Driver 17 for SQL Server][SQL Server]Error converting data type nvarchar to int.
CRITICAL - 2021-09-21 22:45:44 --> [Microsoft][ODBC Driver 17 for SQL Server][SQL Server]Error converting data type nvarchar to int.
#0 C:\laragon\www\penyaluranapp\vendor\codeigniter4\framework\system\Database\BaseConnection.php(732): CodeIgniter\Database\SQLSRV\Connection->execute('exec penyaluran...')
#1 C:\laragon\www\penyaluranapp\vendor\codeigniter4\framework\system\Database\BaseConnection.php(647): CodeIgniter\Database\BaseConnection->simpleQuery('exec penyaluran...')
#2 C:\laragon\www\penyaluranapp\app\Models\Upload_fileModel.php(22): CodeIgniter\Database\BaseConnection->query('exec penyaluran...')
#3 C:\laragon\www\penyaluranapp\app\Controllers\Upload_file.php(106): App\Models\Upload_fileModel->getall('assets')
#4 C:\laragon\www\penyaluranapp\vendor\codeigniter4\framework\system\CodeIgniter.php(928): App\Controllers\Upload_file->daftar_upload('assets', 'dist', 'img', 'user8-128x128.j...')
#5 C:\laragon\www\penyaluranapp\vendor\codeigniter4\framework\system\CodeIgniter.php(436): CodeIgniter\CodeIgniter->runController(Object(App\Controllers\Upload_file))
#6 C:\laragon\www\penyaluranapp\vendor\codeigniter4\framework\system\CodeIgniter.php(336): CodeIgniter\CodeIgniter->handleRequest(NULL, Object(Config\Cache), false)
#7 C:\laragon\www\penyaluranapp\public\index.php(37): CodeIgniter\CodeIgniter->run()
#8 {main}
ERROR - 2021-09-21 22:45:44 --> [Microsoft][ODBC Driver 17 for SQL Server][SQL Server]Error converting data type nvarchar to int.
CRITICAL - 2021-09-21 22:45:44 --> [Microsoft][ODBC Driver 17 for SQL Server][SQL Server]Error converting data type nvarchar to int.
#0 C:\laragon\www\penyaluranapp\vendor\codeigniter4\framework\system\Database\BaseConnection.php(732): CodeIgniter\Database\SQLSRV\Connection->execute('exec penyaluran...')
#1 C:\laragon\www\penyaluranapp\vendor\codeigniter4\framework\system\Database\BaseConnection.php(647): CodeIgniter\Database\BaseConnection->simpleQuery('exec penyaluran...')
#2 C:\laragon\www\penyaluranapp\app\Models\Upload_fileModel.php(22): CodeIgniter\Database\BaseConnection->query('exec penyaluran...')
#3 C:\laragon\www\penyaluranapp\app\Controllers\Upload_file.php(106): App\Models\Upload_fileModel->getall('assets')
#4 C:\laragon\www\penyaluranapp\vendor\codeigniter4\framework\system\CodeIgniter.php(928): App\Controllers\Upload_file->daftar_upload('assets', 'dist', 'img', 'user3-128x128.j...')
#5 C:\laragon\www\penyaluranapp\vendor\codeigniter4\framework\system\CodeIgniter.php(436): CodeIgniter\CodeIgniter->runController(Object(App\Controllers\Upload_file))
#6 C:\laragon\www\penyaluranapp\vendor\codeigniter4\framework\system\CodeIgniter.php(336): CodeIgniter\CodeIgniter->handleRequest(NULL, Object(Config\Cache), false)
#7 C:\laragon\www\penyaluranapp\public\index.php(37): CodeIgniter\CodeIgniter->run()
#8 {main}
CRITICAL - 2021-09-21 22:48:12 --> Undefined variable: response
#0 C:\laragon\www\penyaluranapp\app\Controllers\Upload_file.php(98): CodeIgniter\Debug\Exceptions->errorHandler(8, 'Undefined varia...', 'C:\\laragon\\www\\...', 98, Array)
#1 C:\laragon\www\penyaluranapp\vendor\codeigniter4\framework\system\CodeIgniter.php(928): App\Controllers\Upload_file->downloadtemplate('8')
#2 C:\laragon\www\penyaluranapp\vendor\codeigniter4\framework\system\CodeIgniter.php(436): CodeIgniter\CodeIgniter->runController(Object(App\Controllers\Upload_file))
#3 C:\laragon\www\penyaluranapp\vendor\codeigniter4\framework\system\CodeIgniter.php(336): CodeIgniter\CodeIgniter->handleRequest(NULL, Object(Config\Cache), false)
#4 C:\laragon\www\penyaluranapp\public\index.php(37): CodeIgniter\CodeIgniter->run()
#5 {main}
CRITICAL - 2021-09-21 22:49:45 --> File not found: http://localhost:8080/penyaluranapp/public/templates/cari_kpm.csv
#0 C:\laragon\www\penyaluranapp\vendor\codeigniter4\framework\system\Files\File.php(51): CodeIgniter\Files\Exceptions\FileNotFoundException::forFileNotFound('http://localhos...')
#1 C:\laragon\www\penyaluranapp\vendor\codeigniter4\framework\system\HTTP\DownloadResponse.php(116): CodeIgniter\Files\File->__construct('http://localhos...', true)
#2 C:\laragon\www\penyaluranapp\vendor\codeigniter4\framework\system\HTTP\ResponseTrait.php(786): CodeIgniter\HTTP\DownloadResponse->setFilePath('http://localhos...')
#3 C:\laragon\www\penyaluranapp\app\Controllers\Upload_file.php(98): CodeIgniter\HTTP\Response->download('cari_kpm.csv', NULL)
#4 C:\laragon\www\penyaluranapp\vendor\codeigniter4\framework\system\CodeIgniter.php(928): App\Controllers\Upload_file->downloadtemplate('8')
#5 C:\laragon\www\penyaluranapp\vendor\codeigniter4\framework\system\CodeIgniter.php(436): CodeIgniter\CodeIgniter->runController(Object(App\Controllers\Upload_file))
#6 C:\laragon\www\penyaluranapp\vendor\codeigniter4\framework\system\CodeIgniter.php(336): CodeIgniter\CodeIgniter->handleRequest(NULL, Object(Config\Cache), false)
#7 C:\laragon\www\penyaluranapp\public\index.php(37): CodeIgniter\CodeIgniter->run()
#8 {main}
CRITICAL - 2021-09-21 22:52:03 --> File not found: http://localhost:8080/penyaluranapp/public/templates/cari_kpm.csv
#0 C:\laragon\www\penyaluranapp\vendor\codeigniter4\framework\system\Files\File.php(51): CodeIgniter\Files\Exceptions\FileNotFoundException::forFileNotFound('http://localhos...')
#1 C:\laragon\www\penyaluranapp\vendor\codeigniter4\framework\system\HTTP\DownloadResponse.php(116): CodeIgniter\Files\File->__construct('http://localhos...', true)
#2 C:\laragon\www\penyaluranapp\vendor\codeigniter4\framework\system\HTTP\ResponseTrait.php(786): CodeIgniter\HTTP\DownloadResponse->setFilePath('http://localhos...')
#3 C:\laragon\www\penyaluranapp\app\Controllers\Upload_file.php(98): CodeIgniter\HTTP\Response->download('cari_kpm.csv', NULL)
#4 C:\laragon\www\penyaluranapp\vendor\codeigniter4\framework\system\CodeIgniter.php(928): App\Controllers\Upload_file->downloadtemplate('8')
#5 C:\laragon\www\penyaluranapp\vendor\codeigniter4\framework\system\CodeIgniter.php(436): CodeIgniter\CodeIgniter->runController(Object(App\Controllers\Upload_file))
#6 C:\laragon\www\penyaluranapp\vendor\codeigniter4\framework\system\CodeIgniter.php(336): CodeIgniter\CodeIgniter->handleRequest(NULL, Object(Config\Cache), false)
#7 C:\laragon\www\penyaluranapp\public\index.php(37): CodeIgniter\CodeIgniter->run()
#8 {main}
CRITICAL - 2021-09-21 22:52:35 --> File not found: http://localhost:8080/penyaluranapp/public/templates/cari_kpm.csv
#0 C:\laragon\www\penyaluranapp\vendor\codeigniter4\framework\system\Files\File.php(51): CodeIgniter\Files\Exceptions\FileNotFoundException::forFileNotFound('http://localhos...')
#1 C:\laragon\www\penyaluranapp\vendor\codeigniter4\framework\system\HTTP\DownloadResponse.php(116): CodeIgniter\Files\File->__construct('http://localhos...', true)
#2 C:\laragon\www\penyaluranapp\vendor\codeigniter4\framework\system\HTTP\ResponseTrait.php(786): CodeIgniter\HTTP\DownloadResponse->setFilePath('http://localhos...')
#3 C:\laragon\www\penyaluranapp\app\Controllers\Upload_file.php(98): CodeIgniter\HTTP\Response->download('cari_kpm.csv', NULL)
#4 C:\laragon\www\penyaluranapp\vendor\codeigniter4\framework\system\CodeIgniter.php(928): App\Controllers\Upload_file->downloadtemplate('8')
#5 C:\laragon\www\penyaluranapp\vendor\codeigniter4\framework\system\CodeIgniter.php(436): CodeIgniter\CodeIgniter->runController(Object(App\Controllers\Upload_file))
#6 C:\laragon\www\penyaluranapp\vendor\codeigniter4\framework\system\CodeIgniter.php(336): CodeIgniter\CodeIgniter->handleRequest(NULL, Object(Config\Cache), false)
#7 C:\laragon\www\penyaluranapp\public\index.php(37): CodeIgniter\CodeIgniter->run()
#8 {main}
CRITICAL - 2021-09-21 22:54:22 --> File not found: /templates/cari_kpm.csv
#0 C:\laragon\www\penyaluranapp\vendor\codeigniter4\framework\system\Files\File.php(51): CodeIgniter\Files\Exceptions\FileNotFoundException::forFileNotFound('/templates/cari...')
#1 C:\laragon\www\penyaluranapp\vendor\codeigniter4\framework\system\HTTP\DownloadResponse.php(116): CodeIgniter\Files\File->__construct('/templates/cari...', true)
#2 C:\laragon\www\penyaluranapp\vendor\codeigniter4\framework\system\HTTP\ResponseTrait.php(786): CodeIgniter\HTTP\DownloadResponse->setFilePath('/templates/cari...')
#3 C:\laragon\www\penyaluranapp\app\Controllers\Upload_file.php(98): CodeIgniter\HTTP\Response->download('cari_kpm.csv', NULL)
#4 C:\laragon\www\penyaluranapp\vendor\codeigniter4\framework\system\CodeIgniter.php(928): App\Controllers\Upload_file->downloadtemplate('8')
#5 C:\laragon\www\penyaluranapp\vendor\codeigniter4\framework\system\CodeIgniter.php(436): CodeIgniter\CodeIgniter->runController(Object(App\Controllers\Upload_file))
#6 C:\laragon\www\penyaluranapp\vendor\codeigniter4\framework\system\CodeIgniter.php(336): CodeIgniter\CodeIgniter->handleRequest(NULL, Object(Config\Cache), false)
#7 C:\laragon\www\penyaluranapp\public\index.php(37): CodeIgniter\CodeIgniter->run()
#8 {main}
CRITICAL - 2021-09-21 22:54:55 --> File not found: ./templates/cari_kpm.csv
#0 C:\laragon\www\penyaluranapp\vendor\codeigniter4\framework\system\Files\File.php(51): CodeIgniter\Files\Exceptions\FileNotFoundException::forFileNotFound('./templates/car...')
#1 C:\laragon\www\penyaluranapp\vendor\codeigniter4\framework\system\HTTP\DownloadResponse.php(116): CodeIgniter\Files\File->__construct('./templates/car...', true)
#2 C:\laragon\www\penyaluranapp\vendor\codeigniter4\framework\system\HTTP\ResponseTrait.php(786): CodeIgniter\HTTP\DownloadResponse->setFilePath('./templates/car...')
#3 C:\laragon\www\penyaluranapp\app\Controllers\Upload_file.php(98): CodeIgniter\HTTP\Response->download('cari_kpm.csv', NULL)
#4 C:\laragon\www\penyaluranapp\vendor\codeigniter4\framework\system\CodeIgniter.php(928): App\Controllers\Upload_file->downloadtemplate('8')
#5 C:\laragon\www\penyaluranapp\vendor\codeigniter4\framework\system\CodeIgniter.php(436): CodeIgniter\CodeIgniter->runController(Object(App\Controllers\Upload_file))
#6 C:\laragon\www\penyaluranapp\vendor\codeigniter4\framework\system\CodeIgniter.php(336): CodeIgniter\CodeIgniter->handleRequest(NULL, Object(Config\Cache), false)
#7 C:\laragon\www\penyaluranapp\public\index.php(37): CodeIgniter\CodeIgniter->run()
#8 {main}
CRITICAL - 2021-09-21 22:56:48 --> Call to undefined function App\Controllers\get_env()
#0 C:\laragon\www\penyaluranapp\vendor\codeigniter4\framework\system\CodeIgniter.php(928): App\Controllers\Upload_file->downloadtemplate('8')
#1 C:\laragon\www\penyaluranapp\vendor\codeigniter4\framework\system\CodeIgniter.php(436): CodeIgniter\CodeIgniter->runController(Object(App\Controllers\Upload_file))
#2 C:\laragon\www\penyaluranapp\vendor\codeigniter4\framework\system\CodeIgniter.php(336): CodeIgniter\CodeIgniter->handleRequest(NULL, Object(Config\Cache), false)
#3 C:\laragon\www\penyaluranapp\public\index.php(37): CodeIgniter\CodeIgniter->run()
#4 {main}
CRITICAL - 2021-09-21 22:58:51 --> File not found: C:/laragon/www/penyaluranapp/public/templates//cari_kpm.csv
#0 C:\laragon\www\penyaluranapp\vendor\codeigniter4\framework\system\Files\File.php(51): CodeIgniter\Files\Exceptions\FileNotFoundException::forFileNotFound('C:/laragon/www/...')
#1 C:\laragon\www\penyaluranapp\vendor\codeigniter4\framework\system\HTTP\DownloadResponse.php(116): CodeIgniter\Files\File->__construct('C:/laragon/www/...', true)
#2 C:\laragon\www\penyaluranapp\vendor\codeigniter4\framework\system\HTTP\ResponseTrait.php(786): CodeIgniter\HTTP\DownloadResponse->setFilePath('C:/laragon/www/...')
#3 C:\laragon\www\penyaluranapp\app\Controllers\Upload_file.php(98): CodeIgniter\HTTP\Response->download('cari_kpm.csv', NULL)
#4 C:\laragon\www\penyaluranapp\vendor\codeigniter4\framework\system\CodeIgniter.php(928): App\Controllers\Upload_file->downloadtemplate('8')
#5 C:\laragon\www\penyaluranapp\vendor\codeigniter4\framework\system\CodeIgniter.php(436): CodeIgniter\CodeIgniter->runController(Object(App\Controllers\Upload_file))
#6 C:\laragon\www\penyaluranapp\vendor\codeigniter4\framework\system\CodeIgniter.php(336): CodeIgniter\CodeIgniter->handleRequest(NULL, Object(Config\Cache), false)
#7 C:\laragon\www\penyaluranapp\public\index.php(37): CodeIgniter\CodeIgniter->run()
#8 {main}
CRITICAL - 2021-09-21 22:59:04 --> File not found: C:/laragon/www/penyaluranapp/public/templates/cari_kpm.csv
#0 C:\laragon\www\penyaluranapp\vendor\codeigniter4\framework\system\Files\File.php(51): CodeIgniter\Files\Exceptions\FileNotFoundException::forFileNotFound('C:/laragon/www/...')
#1 C:\laragon\www\penyaluranapp\vendor\codeigniter4\framework\system\HTTP\DownloadResponse.php(116): CodeIgniter\Files\File->__construct('C:/laragon/www/...', true)
#2 C:\laragon\www\penyaluranapp\vendor\codeigniter4\framework\system\HTTP\ResponseTrait.php(786): CodeIgniter\HTTP\DownloadResponse->setFilePath('C:/laragon/www/...')
#3 C:\laragon\www\penyaluranapp\app\Controllers\Upload_file.php(98): CodeIgniter\HTTP\Response->download('cari_kpm.csv', NULL)
#4 C:\laragon\www\penyaluranapp\vendor\codeigniter4\framework\system\CodeIgniter.php(928): App\Controllers\Upload_file->downloadtemplate('8')
#5 C:\laragon\www\penyaluranapp\vendor\codeigniter4\framework\system\CodeIgniter.php(436): CodeIgniter\CodeIgniter->runController(Object(App\Controllers\Upload_file))
#6 C:\laragon\www\penyaluranapp\vendor\codeigniter4\framework\system\CodeIgniter.php(336): CodeIgniter\CodeIgniter->handleRequest(NULL, Object(Config\Cache), false)
#7 C:\laragon\www\penyaluranapp\public\index.php(37): CodeIgniter\CodeIgniter->run()
#8 {main}
CRITICAL - 2021-09-21 23:01:00 --> File not found: C:\laragon\www\penyaluranapp\public\templates\cari_kpm.csv
#0 C:\laragon\www\penyaluranapp\vendor\codeigniter4\framework\system\Files\File.php(51): CodeIgniter\Files\Exceptions\FileNotFoundException::forFileNotFound('C:\\laragon\\www\\...')
#1 C:\laragon\www\penyaluranapp\vendor\codeigniter4\framework\system\HTTP\DownloadResponse.php(116): CodeIgniter\Files\File->__construct('C:\\laragon\\www\\...', true)
#2 C:\laragon\www\penyaluranapp\vendor\codeigniter4\framework\system\HTTP\ResponseTrait.php(786): CodeIgniter\HTTP\DownloadResponse->setFilePath('C:\\laragon\\www\\...')
#3 C:\laragon\www\penyaluranapp\app\Controllers\Upload_file.php(98): CodeIgniter\HTTP\Response->download('cari_kpm.csv', NULL)
#4 C:\laragon\www\penyaluranapp\vendor\codeigniter4\framework\system\CodeIgniter.php(928): App\Controllers\Upload_file->downloadtemplate('8')
#5 C:\laragon\www\penyaluranapp\vendor\codeigniter4\framework\system\CodeIgniter.php(436): CodeIgniter\CodeIgniter->runController(Object(App\Controllers\Upload_file))
#6 C:\laragon\www\penyaluranapp\vendor\codeigniter4\framework\system\CodeIgniter.php(336): CodeIgniter\CodeIgniter->handleRequest(NULL, Object(Config\Cache), false)
#7 C:\laragon\www\penyaluranapp\public\index.php(37): CodeIgniter\CodeIgniter->run()
#8 {main}
ERROR - 2021-09-21 23:02:38 --> [Microsoft][ODBC Driver 17 for SQL Server][SQL Server]Error converting data type nvarchar to int.
CRITICAL - 2021-09-21 23:02:38 --> [Microsoft][ODBC Driver 17 for SQL Server][SQL Server]Error converting data type nvarchar to int.
#0 C:\laragon\www\penyaluranapp\vendor\codeigniter4\framework\system\Database\BaseConnection.php(732): CodeIgniter\Database\SQLSRV\Connection->execute('exec penyaluran...')
#1 C:\laragon\www\penyaluranapp\vendor\codeigniter4\framework\system\Database\BaseConnection.php(647): CodeIgniter\Database\BaseConnection->simpleQuery('exec penyaluran...')
#2 C:\laragon\www\penyaluranapp\app\Models\Upload_fileModel.php(22): CodeIgniter\Database\BaseConnection->query('exec penyaluran...')
#3 C:\laragon\www\penyaluranapp\app\Controllers\Upload_file.php(106): App\Models\Upload_fileModel->getall('assets')
#4 C:\laragon\www\penyaluranapp\vendor\codeigniter4\framework\system\CodeIgniter.php(928): App\Controllers\Upload_file->daftar_upload('assets', 'dist', 'img', 'user1-128x128.j...')
#5 C:\laragon\www\penyaluranapp\vendor\codeigniter4\framework\system\CodeIgniter.php(436): CodeIgniter\CodeIgniter->runController(Object(App\Controllers\Upload_file))
#6 C:\laragon\www\penyaluranapp\vendor\codeigniter4\framework\system\CodeIgniter.php(336): CodeIgniter\CodeIgniter->handleRequest(NULL, Object(Config\Cache), false)
#7 C:\laragon\www\penyaluranapp\public\index.php(37): CodeIgniter\CodeIgniter->run()
#8 {main}
ERROR - 2021-09-21 23:02:38 --> [Microsoft][ODBC Driver 17 for SQL Server][SQL Server]Error converting data type nvarchar to int.
CRITICAL - 2021-09-21 23:02:38 --> [Microsoft][ODBC Driver 17 for SQL Server][SQL Server]Error converting data type nvarchar to int.
#0 C:\laragon\www\penyaluranapp\vendor\codeigniter4\framework\system\Database\BaseConnection.php(732): CodeIgniter\Database\SQLSRV\Connection->execute('exec penyaluran...')
#1 C:\laragon\www\penyaluranapp\vendor\codeigniter4\framework\system\Database\BaseConnection.php(647): CodeIgniter\Database\BaseConnection->simpleQuery('exec penyaluran...')
#2 C:\laragon\www\penyaluranapp\app\Models\Upload_fileModel.php(22): CodeIgniter\Database\BaseConnection->query('exec penyaluran...')
#3 C:\laragon\www\penyaluranapp\app\Controllers\Upload_file.php(106): App\Models\Upload_fileModel->getall('assets')
#4 C:\laragon\www\penyaluranapp\vendor\codeigniter4\framework\system\CodeIgniter.php(928): App\Controllers\Upload_file->daftar_upload('assets', 'dist', 'img', 'user8-128x128.j...')
#5 C:\laragon\www\penyaluranapp\vendor\codeigniter4\framework\system\CodeIgniter.php(436): CodeIgniter\CodeIgniter->runController(Object(App\Controllers\Upload_file))
#6 C:\laragon\www\penyaluranapp\vendor\codeigniter4\framework\system\CodeIgniter.php(336): CodeIgniter\CodeIgniter->handleRequest(NULL, Object(Config\Cache), false)
#7 C:\laragon\www\penyaluranapp\public\index.php(37): CodeIgniter\CodeIgniter->run()
#8 {main}
ERROR - 2021-09-21 23:02:38 --> [Microsoft][ODBC Driver 17 for SQL Server][SQL Server]Error converting data type nvarchar to int.
CRITICAL - 2021-09-21 23:02:38 --> [Microsoft][ODBC Driver 17 for SQL Server][SQL Server]Error converting data type nvarchar to int.
#0 C:\laragon\www\penyaluranapp\vendor\codeigniter4\framework\system\Database\BaseConnection.php(732): CodeIgniter\Database\SQLSRV\Connection->execute('exec penyaluran...')
#1 C:\laragon\www\penyaluranapp\vendor\codeigniter4\framework\system\Database\BaseConnection.php(647): CodeIgniter\Database\BaseConnection->simpleQuery('exec penyaluran...')
#2 C:\laragon\www\penyaluranapp\app\Models\Upload_fileModel.php(22): CodeIgniter\Database\BaseConnection->query('exec penyaluran...')
#3 C:\laragon\www\penyaluranapp\app\Controllers\Upload_file.php(106): App\Models\Upload_fileModel->getall('assets')
#4 C:\laragon\www\penyaluranapp\vendor\codeigniter4\framework\system\CodeIgniter.php(928): App\Controllers\Upload_file->daftar_upload('assets', 'dist', 'img', 'user3-128x128.j...')
#5 C:\laragon\www\penyaluranapp\vendor\codeigniter4\framework\system\CodeIgniter.php(436): CodeIgniter\CodeIgniter->runController(Object(App\Controllers\Upload_file))
#6 C:\laragon\www\penyaluranapp\vendor\codeigniter4\framework\system\CodeIgniter.php(336): CodeIgniter\CodeIgniter->handleRequest(NULL, Object(Config\Cache), false)
#7 C:\laragon\www\penyaluranapp\public\index.php(37): CodeIgniter\CodeIgniter->run()
#8 {main}
ERROR - 2021-09-21 23:02:53 --> [Microsoft][ODBC Driver 17 for SQL Server][SQL Server]Error converting data type nvarchar to int.
CRITICAL - 2021-09-21 23:02:53 --> [Microsoft][ODBC Driver 17 for SQL Server][SQL Server]Error converting data type nvarchar to int.
#0 C:\laragon\www\penyaluranapp\vendor\codeigniter4\framework\system\Database\BaseConnection.php(732): CodeIgniter\Database\SQLSRV\Connection->execute('exec penyaluran...')
#1 C:\laragon\www\penyaluranapp\vendor\codeigniter4\framework\system\Database\BaseConnection.php(647): CodeIgniter\Database\BaseConnection->simpleQuery('exec penyaluran...')
#2 C:\laragon\www\penyaluranapp\app\Models\Master_jenisfileModel.php(19): CodeIgniter\Database\BaseConnection->query('exec penyaluran...')
#3 C:\laragon\www\penyaluranapp\app\Controllers\Monitoring_data.php(106): App\Models\Master_jenisfileModel->getbyid('assets')
#4 C:\laragon\www\penyaluranapp\vendor\codeigniter4\framework\system\CodeIgniter.php(928): App\Controllers\Monitoring_data->monitoring('assets', 'dist', 'img', 'user8-128x128.j...')
#5 C:\laragon\www\penyaluranapp\vendor\codeigniter4\framework\system\CodeIgniter.php(436): CodeIgniter\CodeIgniter->runController(Object(App\Controllers\Monitoring_data))
#6 C:\laragon\www\penyaluranapp\vendor\codeigniter4\framework\system\CodeIgniter.php(336): CodeIgniter\CodeIgniter->handleRequest(NULL, Object(Config\Cache), false)
#7 C:\laragon\www\penyaluranapp\public\index.php(37): CodeIgniter\CodeIgniter->run()
#8 {main}
ERROR - 2021-09-21 23:02:59 --> [Microsoft][ODBC Driver 17 for SQL Server][SQL Server]Error converting data type nvarchar to int.
CRITICAL - 2021-09-21 23:02:59 --> [Microsoft][ODBC Driver 17 for SQL Server][SQL Server]Error converting data type nvarchar to int.
#0 C:\laragon\www\penyaluranapp\vendor\codeigniter4\framework\system\Database\BaseConnection.php(732): CodeIgniter\Database\SQLSRV\Connection->execute('exec penyaluran...')
#1 C:\laragon\www\penyaluranapp\vendor\codeigniter4\framework\system\Database\BaseConnection.php(647): CodeIgniter\Database\BaseConnection->simpleQuery('exec penyaluran...')
#2 C:\laragon\www\penyaluranapp\app\Models\Master_jenisfileModel.php(19): CodeIgniter\Database\BaseConnection->query('exec penyaluran...')
#3 C:\laragon\www\penyaluranapp\app\Controllers\Monitoring_data.php(106): App\Models\Master_jenisfileModel->getbyid('assets')
#4 C:\laragon\www\penyaluranapp\vendor\codeigniter4\framework\system\CodeIgniter.php(928): App\Controllers\Monitoring_data->monitoring('assets', 'dist', 'img', 'user1-128x128.j...')
#5 C:\laragon\www\penyaluranapp\vendor\codeigniter4\framework\system\CodeIgniter.php(436): CodeIgniter\CodeIgniter->runController(Object(App\Controllers\Monitoring_data))
#6 C:\laragon\www\penyaluranapp\vendor\codeigniter4\framework\system\CodeIgniter.php(336): CodeIgniter\CodeIgniter->handleRequest(NULL, Object(Config\Cache), false)
#7 C:\laragon\www\penyaluranapp\public\index.php(37): CodeIgniter\CodeIgniter->run()
#8 {main}
ERROR - 2021-09-21 23:03:04 --> [Microsoft][ODBC Driver 17 for SQL Server][SQL Server]Error converting data type nvarchar to int.
CRITICAL - 2021-09-21 23:03:04 --> [Microsoft][ODBC Driver 17 for SQL Server][SQL Server]Error converting data type nvarchar to int.
#0 C:\laragon\www\penyaluranapp\vendor\codeigniter4\framework\system\Database\BaseConnection.php(732): CodeIgniter\Database\SQLSRV\Connection->execute('exec penyaluran...')
#1 C:\laragon\www\penyaluranapp\vendor\codeigniter4\framework\system\Database\BaseConnection.php(647): CodeIgniter\Database\BaseConnection->simpleQuery('exec penyaluran...')
#2 C:\laragon\www\penyaluranapp\app\Models\Master_jenisfileModel.php(19): CodeIgniter\Database\BaseConnection->query('exec penyaluran...')
#3 C:\laragon\www\penyaluranapp\app\Controllers\Monitoring_data.php(106): App\Models\Master_jenisfileModel->getbyid('assets')
#4 C:\laragon\www\penyaluranapp\vendor\codeigniter4\framework\system\CodeIgniter.php(928): App\Controllers\Monitoring_data->monitoring('assets', 'dist', 'img', 'user3-128x128.j...')
#5 C:\laragon\www\penyaluranapp\vendor\codeigniter4\framework\system\CodeIgniter.php(436): CodeIgniter\CodeIgniter->runController(Object(App\Controllers\Monitoring_data))
#6 C:\laragon\www\penyaluranapp\vendor\codeigniter4\framework\system\CodeIgniter.php(336): CodeIgniter\CodeIgniter->handleRequest(NULL, Object(Config\Cache), false)
#7 C:\laragon\www\penyaluranapp\public\index.php(37): CodeIgniter\CodeIgniter->run()
#8 {main}
ERROR - 2021-09-21 23:14:02 --> [Microsoft][ODBC Driver 17 for SQL Server][SQL Server]Error converting data type nvarchar to int.
CRITICAL - 2021-09-21 23:14:02 --> [Microsoft][ODBC Driver 17 for SQL Server][SQL Server]Error converting data type nvarchar to int.
#0 C:\laragon\www\penyaluranapp\vendor\codeigniter4\framework\system\Database\BaseConnection.php(732): CodeIgniter\Database\SQLSRV\Connection->execute('exec penyaluran...')
#1 C:\laragon\www\penyaluranapp\vendor\codeigniter4\framework\system\Database\BaseConnection.php(647): CodeIgniter\Database\BaseConnection->simpleQuery('exec penyaluran...')
#2 C:\laragon\www\penyaluranapp\app\Models\Upload_fileModel.php(22): CodeIgniter\Database\BaseConnection->query('exec penyaluran...')
#3 C:\laragon\www\penyaluranapp\app\Controllers\Upload_file.php(106): App\Models\Upload_fileModel->getall('assets')
#4 C:\laragon\www\penyaluranapp\vendor\codeigniter4\framework\system\CodeIgniter.php(928): App\Controllers\Upload_file->daftar_upload('assets', 'dist', 'img', 'user1-128x128.j...')
#5 C:\laragon\www\penyaluranapp\vendor\codeigniter4\framework\system\CodeIgniter.php(436): CodeIgniter\CodeIgniter->runController(Object(App\Controllers\Upload_file))
#6 C:\laragon\www\penyaluranapp\vendor\codeigniter4\framework\system\CodeIgniter.php(336): CodeIgniter\CodeIgniter->handleRequest(NULL, Object(Config\Cache), false)
#7 C:\laragon\www\penyaluranapp\public\index.php(37): CodeIgniter\CodeIgniter->run()
#8 {main}
ERROR - 2021-09-21 23:14:02 --> [Microsoft][ODBC Driver 17 for SQL Server][SQL Server]Error converting data type nvarchar to int.
CRITICAL - 2021-09-21 23:14:02 --> [Microsoft][ODBC Driver 17 for SQL Server][SQL Server]Error converting data type nvarchar to int.
#0 C:\laragon\www\penyaluranapp\vendor\codeigniter4\framework\system\Database\BaseConnection.php(732): CodeIgniter\Database\SQLSRV\Connection->execute('exec penyaluran...')
#1 C:\laragon\www\penyaluranapp\vendor\codeigniter4\framework\system\Database\BaseConnection.php(647): CodeIgniter\Database\BaseConnection->simpleQuery('exec penyaluran...')
#2 C:\laragon\www\penyaluranapp\app\Models\Upload_fileModel.php(22): CodeIgniter\Database\BaseConnection->query('exec penyaluran...')
#3 C:\laragon\www\penyaluranapp\app\Controllers\Upload_file.php(106): App\Models\Upload_fileModel->getall('assets')
#4 C:\laragon\www\penyaluranapp\vendor\codeigniter4\framework\system\CodeIgniter.php(928): App\Controllers\Upload_file->daftar_upload('assets', 'dist', 'img', 'user3-128x128.j...')
#5 C:\laragon\www\penyaluranapp\vendor\codeigniter4\framework\system\CodeIgniter.php(436): CodeIgniter\CodeIgniter->runController(Object(App\Controllers\Upload_file))
#6 C:\laragon\www\penyaluranapp\vendor\codeigniter4\framework\system\CodeIgniter.php(336): CodeIgniter\CodeIgniter->handleRequest(NULL, Object(Config\Cache), false)
#7 C:\laragon\www\penyaluranapp\public\index.php(37): CodeIgniter\CodeIgniter->run()
#8 {main}
ERROR - 2021-09-21 23:14:02 --> [Microsoft][ODBC Driver 17 for SQL Server][SQL Server]Error converting data type nvarchar to int.
CRITICAL - 2021-09-21 23:14:02 --> [Microsoft][ODBC Driver 17 for SQL Server][SQL Server]Error converting data type nvarchar to int.
#0 C:\laragon\www\penyaluranapp\vendor\codeigniter4\framework\system\Database\BaseConnection.php(732): CodeIgniter\Database\SQLSRV\Connection->execute('exec penyaluran...')
#1 C:\laragon\www\penyaluranapp\vendor\codeigniter4\framework\system\Database\BaseConnection.php(647): CodeIgniter\Database\BaseConnection->simpleQuery('exec penyaluran...')
#2 C:\laragon\www\penyaluranapp\app\Models\Upload_fileModel.php(22): CodeIgniter\Database\BaseConnection->query('exec penyaluran...')
#3 C:\laragon\www\penyaluranapp\app\Controllers\Upload_file.php(106): App\Models\Upload_fileModel->getall('assets')
#4 C:\laragon\www\penyaluranapp\vendor\codeigniter4\framework\system\CodeIgniter.php(928): App\Controllers\Upload_file->daftar_upload('assets', 'dist', 'img', 'user8-128x128.j...')
#5 C:\laragon\www\penyaluranapp\vendor\codeigniter4\framework\system\CodeIgniter.php(436): CodeIgniter\CodeIgniter->runController(Object(App\Controllers\Upload_file))
#6 C:\laragon\www\penyaluranapp\vendor\codeigniter4\framework\system\CodeIgniter.php(336): CodeIgniter\CodeIgniter->handleRequest(NULL, Object(Config\Cache), false)
#7 C:\laragon\www\penyaluranapp\public\index.php(37): CodeIgniter\CodeIgniter->run()
#8 {main}
CRITICAL - 2021-09-21 23:14:06 --> File not found: C:\laragon\www\penyaluranapp\public\templates\cari_kpm.csv
#0 C:\laragon\www\penyaluranapp\vendor\codeigniter4\framework\system\Files\File.php(51): CodeIgniter\Files\Exceptions\FileNotFoundException::forFileNotFound('C:\\laragon\\www\\...')
#1 C:\laragon\www\penyaluranapp\vendor\codeigniter4\framework\system\HTTP\DownloadResponse.php(116): CodeIgniter\Files\File->__construct('C:\\laragon\\www\\...', true)
#2 C:\laragon\www\penyaluranapp\vendor\codeigniter4\framework\system\HTTP\ResponseTrait.php(786): CodeIgniter\HTTP\DownloadResponse->setFilePath('C:\\laragon\\www\\...')
#3 C:\laragon\www\penyaluranapp\app\Controllers\Upload_file.php(98): CodeIgniter\HTTP\Response->download('cari_kpm.csv', NULL)
#4 C:\laragon\www\penyaluranapp\vendor\codeigniter4\framework\system\CodeIgniter.php(928): App\Controllers\Upload_file->downloadtemplate('8')
#5 C:\laragon\www\penyaluranapp\vendor\codeigniter4\framework\system\CodeIgniter.php(436): CodeIgniter\CodeIgniter->runController(Object(App\Controllers\Upload_file))
#6 C:\laragon\www\penyaluranapp\vendor\codeigniter4\framework\system\CodeIgniter.php(336): CodeIgniter\CodeIgniter->handleRequest(NULL, Object(Config\Cache), false)
#7 C:\laragon\www\penyaluranapp\public\index.php(37): CodeIgniter\CodeIgniter->run()
#8 {main}
ERROR - 2021-09-21 23:16:58 --> [Microsoft][ODBC Driver 17 for SQL Server][SQL Server]Error converting data type nvarchar to int.
CRITICAL - 2021-09-21 23:16:58 --> [Microsoft][ODBC Driver 17 for SQL Server][SQL Server]Error converting data type nvarchar to int.
#0 C:\laragon\www\penyaluranapp\vendor\codeigniter4\framework\system\Database\BaseConnection.php(732): CodeIgniter\Database\SQLSRV\Connection->execute('exec penyaluran...')
#1 C:\laragon\www\penyaluranapp\vendor\codeigniter4\framework\system\Database\BaseConnection.php(647): CodeIgniter\Database\BaseConnection->simpleQuery('exec penyaluran...')
#2 C:\laragon\www\penyaluranapp\app\Models\Upload_fileModel.php(22): CodeIgniter\Database\BaseConnection->query('exec penyaluran...')
#3 C:\laragon\www\penyaluranapp\app\Controllers\Upload_file.php(106): App\Models\Upload_fileModel->getall('assets')
#4 C:\laragon\www\penyaluranapp\vendor\codeigniter4\framework\system\CodeIgniter.php(928): App\Controllers\Upload_file->daftar_upload('assets', 'dist', 'img', 'user1-128x128.j...')
#5 C:\laragon\www\penyaluranapp\vendor\codeigniter4\framework\system\CodeIgniter.php(436): CodeIgniter\CodeIgniter->runController(Object(App\Controllers\Upload_file))
#6 C:\laragon\www\penyaluranapp\vendor\codeigniter4\framework\system\CodeIgniter.php(336): CodeIgniter\CodeIgniter->handleRequest(NULL, Object(Config\Cache), false)
#7 C:\laragon\www\penyaluranapp\public\index.php(37): CodeIgniter\CodeIgniter->run()
#8 {main}
ERROR - 2021-09-21 23:16:58 --> [Microsoft][ODBC Driver 17 for SQL Server][SQL Server]Error converting data type nvarchar to int.
CRITICAL - 2021-09-21 23:16:58 --> [Microsoft][ODBC Driver 17 for SQL Server][SQL Server]Error converting data type nvarchar to int.
#0 C:\laragon\www\penyaluranapp\vendor\codeigniter4\framework\system\Database\BaseConnection.php(732): CodeIgniter\Database\SQLSRV\Connection->execute('exec penyaluran...')
#1 C:\laragon\www\penyaluranapp\vendor\codeigniter4\framework\system\Database\BaseConnection.php(647): CodeIgniter\Database\BaseConnection->simpleQuery('exec penyaluran...')
#2 C:\laragon\www\penyaluranapp\app\Models\Upload_fileModel.php(22): CodeIgniter\Database\BaseConnection->query('exec penyaluran...')
#3 C:\laragon\www\penyaluranapp\app\Controllers\Upload_file.php(106): App\Models\Upload_fileModel->getall('assets')
#4 C:\laragon\www\penyaluranapp\vendor\codeigniter4\framework\system\CodeIgniter.php(928): App\Controllers\Upload_file->daftar_upload('assets', 'dist', 'img', 'user8-128x128.j...')
#5 C:\laragon\www\penyaluranapp\vendor\codeigniter4\framework\system\CodeIgniter.php(436): CodeIgniter\CodeIgniter->runController(Object(App\Controllers\Upload_file))
#6 C:\laragon\www\penyaluranapp\vendor\codeigniter4\framework\system\CodeIgniter.php(336): CodeIgniter\CodeIgniter->handleRequest(NULL, Object(Config\Cache), false)
#7 C:\laragon\www\penyaluranapp\public\index.php(37): CodeIgniter\CodeIgniter->run()
#8 {main}
ERROR - 2021-09-21 23:16:58 --> [Microsoft][ODBC Driver 17 for SQL Server][SQL Server]Error converting data type nvarchar to int.
CRITICAL - 2021-09-21 23:16:58 --> [Microsoft][ODBC Driver 17 for SQL Server][SQL Server]Error converting data type nvarchar to int.
#0 C:\laragon\www\penyaluranapp\vendor\codeigniter4\framework\system\Database\BaseConnection.php(732): CodeIgniter\Database\SQLSRV\Connection->execute('exec penyaluran...')
#1 C:\laragon\www\penyaluranapp\vendor\codeigniter4\framework\system\Database\BaseConnection.php(647): CodeIgniter\Database\BaseConnection->simpleQuery('exec penyaluran...')
#2 C:\laragon\www\penyaluranapp\app\Models\Upload_fileModel.php(22): CodeIgniter\Database\BaseConnection->query('exec penyaluran...')
#3 C:\laragon\www\penyaluranapp\app\Controllers\Upload_file.php(106): App\Models\Upload_fileModel->getall('assets')
#4 C:\laragon\www\penyaluranapp\vendor\codeigniter4\framework\system\CodeIgniter.php(928): App\Controllers\Upload_file->daftar_upload('assets', 'dist', 'img', 'user3-128x128.j...')
#5 C:\laragon\www\penyaluranapp\vendor\codeigniter4\framework\system\CodeIgniter.php(436): CodeIgniter\CodeIgniter->runController(Object(App\Controllers\Upload_file))
#6 C:\laragon\www\penyaluranapp\vendor\codeigniter4\framework\system\CodeIgniter.php(336): CodeIgniter\CodeIgniter->handleRequest(NULL, Object(Config\Cache), false)
#7 C:\laragon\www\penyaluranapp\public\index.php(37): CodeIgniter\CodeIgniter->run()
#8 {main}
ERROR - 2021-09-21 23:17:16 --> [Microsoft][ODBC Driver 17 for SQL Server][SQL Server]Error converting data type nvarchar to int.
CRITICAL - 2021-09-21 23:17:16 --> [Microsoft][ODBC Driver 17 for SQL Server][SQL Server]Error converting data type nvarchar to int.
#0 C:\laragon\www\penyaluranapp\vendor\codeigniter4\framework\system\Database\BaseConnection.php(732): CodeIgniter\Database\SQLSRV\Connection->execute('exec penyaluran...')
#1 C:\laragon\www\penyaluranapp\vendor\codeigniter4\framework\system\Database\BaseConnection.php(647): CodeIgniter\Database\BaseConnection->simpleQuery('exec penyaluran...')
#2 C:\laragon\www\penyaluranapp\app\Models\Master_jenisfileModel.php(19): CodeIgniter\Database\BaseConnection->query('exec penyaluran...')
#3 C:\laragon\www\penyaluranapp\app\Controllers\Monitoring_data.php(106): App\Models\Master_jenisfileModel->getbyid('assets')
#4 C:\laragon\www\penyaluranapp\vendor\codeigniter4\framework\system\CodeIgniter.php(928): App\Controllers\Monitoring_data->monitoring('assets', 'dist', 'img', 'user1-128x128.j...')
#5 C:\laragon\www\penyaluranapp\vendor\codeigniter4\framework\system\CodeIgniter.php(436): CodeIgniter\CodeIgniter->runController(Object(App\Controllers\Monitoring_data))
#6 C:\laragon\www\penyaluranapp\vendor\codeigniter4\framework\system\CodeIgniter.php(336): CodeIgniter\CodeIgniter->handleRequest(NULL, Object(Config\Cache), false)
#7 C:\laragon\www\penyaluranapp\public\index.php(37): CodeIgniter\CodeIgniter->run()
#8 {main}
ERROR - 2021-09-21 23:17:17 --> [Microsoft][ODBC Driver 17 for SQL Server][SQL Server]Error converting data type nvarchar to int.
CRITICAL - 2021-09-21 23:17:17 --> [Microsoft][ODBC Driver 17 for SQL Server][SQL Server]Error converting data type nvarchar to int.
#0 C:\laragon\www\penyaluranapp\vendor\codeigniter4\framework\system\Database\BaseConnection.php(732): CodeIgniter\Database\SQLSRV\Connection->execute('exec penyaluran...')
#1 C:\laragon\www\penyaluranapp\vendor\codeigniter4\framework\system\Database\BaseConnection.php(647): CodeIgniter\Database\BaseConnection->simpleQuery('exec penyaluran...')
#2 C:\laragon\www\penyaluranapp\app\Models\Master_jenisfileModel.php(19): CodeIgniter\Database\BaseConnection->query('exec penyaluran...')
#3 C:\laragon\www\penyaluranapp\app\Controllers\Monitoring_data.php(106): App\Models\Master_jenisfileModel->getbyid('assets')
#4 C:\laragon\www\penyaluranapp\vendor\codeigniter4\framework\system\CodeIgniter.php(928): App\Controllers\Monitoring_data->monitoring('assets', 'dist', 'img', 'user3-128x128.j...')
#5 C:\laragon\www\penyaluranapp\vendor\codeigniter4\framework\system\CodeIgniter.php(436): CodeIgniter\CodeIgniter->runController(Object(App\Controllers\Monitoring_data))
#6 C:\laragon\www\penyaluranapp\vendor\codeigniter4\framework\system\CodeIgniter.php(336): CodeIgniter\CodeIgniter->handleRequest(NULL, Object(Config\Cache), false)
#7 C:\laragon\www\penyaluranapp\public\index.php(37): CodeIgniter\CodeIgniter->run()
#8 {main}
ERROR - 2021-09-21 23:17:19 --> [Microsoft][ODBC Driver 17 for SQL Server][SQL Server]Error converting data type nvarchar to int.
CRITICAL - 2021-09-21 23:17:19 --> [Microsoft][ODBC Driver 17 for SQL Server][SQL Server]Error converting data type nvarchar to int.
#0 C:\laragon\www\penyaluranapp\vendor\codeigniter4\framework\system\Database\BaseConnection.php(732): CodeIgniter\Database\SQLSRV\Connection->execute('exec penyaluran...')
#1 C:\laragon\www\penyaluranapp\vendor\codeigniter4\framework\system\Database\BaseConnection.php(647): CodeIgniter\Database\BaseConnection->simpleQuery('exec penyaluran...')
#2 C:\laragon\www\penyaluranapp\app\Models\Master_jenisfileModel.php(19): CodeIgniter\Database\BaseConnection->query('exec penyaluran...')
#3 C:\laragon\www\penyaluranapp\app\Controllers\Monitoring_data.php(106): App\Models\Master_jenisfileModel->getbyid('assets')
#4 C:\laragon\www\penyaluranapp\vendor\codeigniter4\framework\system\CodeIgniter.php(928): App\Controllers\Monitoring_data->monitoring('assets', 'dist', 'img', 'user8-128x128.j...')
#5 C:\laragon\www\penyaluranapp\vendor\codeigniter4\framework\system\CodeIgniter.php(436): CodeIgniter\CodeIgniter->runController(Object(App\Controllers\Monitoring_data))
#6 C:\laragon\www\penyaluranapp\vendor\codeigniter4\framework\system\CodeIgniter.php(336): CodeIgniter\CodeIgniter->handleRequest(NULL, Object(Config\Cache), false)
#7 C:\laragon\www\penyaluranapp\public\index.php(37): CodeIgniter\CodeIgniter->run()
#8 {main}
CRITICAL - 2021-09-21 23:20:16 --> syntax error, unexpected '}', expecting ';' or ','
#0 C:\laragon\www\penyaluranapp\vendor\codeigniter4\framework\system\Router\Router.php(169): CodeIgniter\Router\Router->autoRoute('monitoring_cari...')
#1 C:\laragon\www\penyaluranapp\vendor\codeigniter4\framework\system\CodeIgniter.php(809): CodeIgniter\Router\Router->handle('monitoring_cari...')
#2 C:\laragon\www\penyaluranapp\vendor\codeigniter4\framework\system\CodeIgniter.php(389): CodeIgniter\CodeIgniter->tryToRouteIt(Object(CodeIgniter\Router\RouteCollection))
#3 C:\laragon\www\penyaluranapp\vendor\codeigniter4\framework\system\CodeIgniter.php(336): CodeIgniter\CodeIgniter->handleRequest(NULL, Object(Config\Cache), false)
#4 C:\laragon\www\penyaluranapp\public\index.php(37): CodeIgniter\CodeIgniter->run()
#5 {main}
ERROR - 2021-09-21 23:20:17 --> [Microsoft][ODBC Driver 17 for SQL Server][SQL Server]Error converting data type nvarchar to int.
CRITICAL - 2021-09-21 23:20:17 --> [Microsoft][ODBC Driver 17 for SQL Server][SQL Server]Error converting data type nvarchar to int.
#0 C:\laragon\www\penyaluranapp\vendor\codeigniter4\framework\system\Database\BaseConnection.php(732): CodeIgniter\Database\SQLSRV\Connection->execute('exec penyaluran...')
#1 C:\laragon\www\penyaluranapp\vendor\codeigniter4\framework\system\Database\BaseConnection.php(647): CodeIgniter\Database\BaseConnection->simpleQuery('exec penyaluran...')
#2 C:\laragon\www\penyaluranapp\app\Models\Master_jenisfileModel.php(19): CodeIgniter\Database\BaseConnection->query('exec penyaluran...')
#3 C:\laragon\www\penyaluranapp\app\Controllers\Monitoring_data.php(106): App\Models\Master_jenisfileModel->getbyid('assets')
#4 C:\laragon\www\penyaluranapp\vendor\codeigniter4\framework\system\CodeIgniter.php(928): App\Controllers\Monitoring_data->monitoring('assets', 'dist', 'img', 'user1-128x128.j...')
#5 C:\laragon\www\penyaluranapp\vendor\codeigniter4\framework\system\CodeIgniter.php(436): CodeIgniter\CodeIgniter->runController(Object(App\Controllers\Monitoring_data))
#6 C:\laragon\www\penyaluranapp\vendor\codeigniter4\framework\system\CodeIgniter.php(336): CodeIgniter\CodeIgniter->handleRequest(NULL, Object(Config\Cache), false)
#7 C:\laragon\www\penyaluranapp\public\index.php(37): CodeIgniter\CodeIgniter->run()
#8 {main}
ERROR - 2021-09-21 23:20:19 --> [Microsoft][ODBC Driver 17 for SQL Server][SQL Server]Error converting data type nvarchar to int.
CRITICAL - 2021-09-21 23:20:19 --> [Microsoft][ODBC Driver 17 for SQL Server][SQL Server]Error converting data type nvarchar to int.
#0 C:\laragon\www\penyaluranapp\vendor\codeigniter4\framework\system\Database\BaseConnection.php(732): CodeIgniter\Database\SQLSRV\Connection->execute('exec penyaluran...')
#1 C:\laragon\www\penyaluranapp\vendor\codeigniter4\framework\system\Database\BaseConnection.php(647): CodeIgniter\Database\BaseConnection->simpleQuery('exec penyaluran...')
#2 C:\laragon\www\penyaluranapp\app\Models\Master_jenisfileModel.php(19): CodeIgniter\Database\BaseConnection->query('exec penyaluran...')
#3 C:\laragon\www\penyaluranapp\app\Controllers\Monitoring_data.php(106): App\Models\Master_jenisfileModel->getbyid('assets')
#4 C:\laragon\www\penyaluranapp\vendor\codeigniter4\framework\system\CodeIgniter.php(928): App\Controllers\Monitoring_data->monitoring('assets', 'dist', 'img', 'user8-128x128.j...')
#5 C:\laragon\www\penyaluranapp\vendor\codeigniter4\framework\system\CodeIgniter.php(436): CodeIgniter\CodeIgniter->runController(Object(App\Controllers\Monitoring_data))
#6 C:\laragon\www\penyaluranapp\vendor\codeigniter4\framework\system\CodeIgniter.php(336): CodeIgniter\CodeIgniter->handleRequest(NULL, Object(Config\Cache), false)
#7 C:\laragon\www\penyaluranapp\public\index.php(37): CodeIgniter\CodeIgniter->run()
#8 {main}
ERROR - 2021-09-21 23:20:20 --> [Microsoft][ODBC Driver 17 for SQL Server][SQL Server]Error converting data type nvarchar to int.
CRITICAL - 2021-09-21 23:20:20 --> [Microsoft][ODBC Driver 17 for SQL Server][SQL Server]Error converting data type nvarchar to int.
#0 C:\laragon\www\penyaluranapp\vendor\codeigniter4\framework\system\Database\BaseConnection.php(732): CodeIgniter\Database\SQLSRV\Connection->execute('exec penyaluran...')
#1 C:\laragon\www\penyaluranapp\vendor\codeigniter4\framework\system\Database\BaseConnection.php(647): CodeIgniter\Database\BaseConnection->simpleQuery('exec penyaluran...')
#2 C:\laragon\www\penyaluranapp\app\Models\Master_jenisfileModel.php(19): CodeIgniter\Database\BaseConnection->query('exec penyaluran...')
#3 C:\laragon\www\penyaluranapp\app\Controllers\Monitoring_data.php(106): App\Models\Master_jenisfileModel->getbyid('assets')
#4 C:\laragon\www\penyaluranapp\vendor\codeigniter4\framework\system\CodeIgniter.php(928): App\Controllers\Monitoring_data->monitoring('assets', 'dist', 'img', 'user3-128x128.j...')
#5 C:\laragon\www\penyaluranapp\vendor\codeigniter4\framework\system\CodeIgniter.php(436): CodeIgniter\CodeIgniter->runController(Object(App\Controllers\Monitoring_data))
#6 C:\laragon\www\penyaluranapp\vendor\codeigniter4\framework\system\CodeIgniter.php(336): CodeIgniter\CodeIgniter->handleRequest(NULL, Object(Config\Cache), false)
#7 C:\laragon\www\penyaluranapp\public\index.php(37): CodeIgniter\CodeIgniter->run()
#8 {main}
CRITICAL - 2021-09-21 23:20:24 --> syntax error, unexpected '}', expecting ';' or ','
#0 C:\laragon\www\penyaluranapp\vendor\codeigniter4\framework\system\Router\Router.php(169): CodeIgniter\Router\Router->autoRoute('monitoring_cari...')
#1 C:\laragon\www\penyaluranapp\vendor\codeigniter4\framework\system\CodeIgniter.php(809): CodeIgniter\Router\Router->handle('monitoring_cari...')
#2 C:\laragon\www\penyaluranapp\vendor\codeigniter4\framework\system\CodeIgniter.php(389): CodeIgniter\CodeIgniter->tryToRouteIt(Object(CodeIgniter\Router\RouteCollection))
#3 C:\laragon\www\penyaluranapp\vendor\codeigniter4\framework\system\CodeIgniter.php(336): CodeIgniter\CodeIgniter->handleRequest(NULL, Object(Config\Cache), false)
#4 C:\laragon\www\penyaluranapp\public\index.php(37): CodeIgniter\CodeIgniter->run()
#5 {main}
ERROR - 2021-09-21 23:22:39 --> [Microsoft][ODBC Driver 17 for SQL Server][SQL Server]Ambiguous column name 'id'.
CRITICAL - 2021-09-21 23:22:39 --> [Microsoft][ODBC Driver 17 for SQL Server][SQL Server]Ambiguous column name 'id'.
#0 C:\laragon\www\penyaluranapp\vendor\codeigniter4\framework\system\Database\BaseConnection.php(732): CodeIgniter\Database\SQLSRV\Connection->execute('select distinct...')
#1 C:\laragon\www\penyaluranapp\vendor\codeigniter4\framework\system\Database\BaseConnection.php(647): CodeIgniter\Database\BaseConnection->simpleQuery('select distinct...')
#2 C:\laragon\www\penyaluranapp\app\Models\Monitoring_cari_kpm_model.php(23): CodeIgniter\Database\BaseConnection->query('select distinct...')
#3 C:\laragon\www\penyaluranapp\app\Controllers\Monitoring_data.php(50): App\Models\Monitoring_cari_kpm_model->getfilename()
#4 C:\laragon\www\penyaluranapp\vendor\codeigniter4\framework\system\CodeIgniter.php(928): App\Controllers\Monitoring_data->monitoring('8')
#5 C:\laragon\www\penyaluranapp\vendor\codeigniter4\framework\system\CodeIgniter.php(436): CodeIgniter\CodeIgniter->runController(Object(App\Controllers\Monitoring_data))
#6 C:\laragon\www\penyaluranapp\vendor\codeigniter4\framework\system\CodeIgniter.php(336): CodeIgniter\CodeIgniter->handleRequest(NULL, Object(Config\Cache), false)
#7 C:\laragon\www\penyaluranapp\public\index.php(37): CodeIgniter\CodeIgniter->run()
#8 {main}
ERROR - 2021-09-21 23:22:52 --> [Microsoft][ODBC Driver 17 for SQL Server][SQL Server]ORDER BY items must appear in the select list if SELECT DISTINCT is specified.
CRITICAL - 2021-09-21 23:22:52 --> [Microsoft][ODBC Driver 17 for SQL Server][SQL Server]ORDER BY items must appear in the select list if SELECT DISTINCT is specified.
#0 C:\laragon\www\penyaluranapp\vendor\codeigniter4\framework\system\Database\BaseConnection.php(732): CodeIgniter\Database\SQLSRV\Connection->execute('select distinct...')
#1 C:\laragon\www\penyaluranapp\vendor\codeigniter4\framework\system\Database\BaseConnection.php(647): CodeIgniter\Database\BaseConnection->simpleQuery('select distinct...')
#2 C:\laragon\www\penyaluranapp\app\Models\Monitoring_cari_kpm_model.php(23): CodeIgniter\Database\BaseConnection->query('select distinct...')
#3 C:\laragon\www\penyaluranapp\app\Controllers\Monitoring_data.php(50): App\Models\Monitoring_cari_kpm_model->getfilename()
#4 C:\laragon\www\penyaluranapp\vendor\codeigniter4\framework\system\CodeIgniter.php(928): App\Controllers\Monitoring_data->monitoring('8')
#5 C:\laragon\www\penyaluranapp\vendor\codeigniter4\framework\system\CodeIgniter.php(436): CodeIgniter\CodeIgniter->runController(Object(App\Controllers\Monitoring_data))
#6 C:\laragon\www\penyaluranapp\vendor\codeigniter4\framework\system\CodeIgniter.php(336): CodeIgniter\CodeIgniter->handleRequest(NULL, Object(Config\Cache), false)
#7 C:\laragon\www\penyaluranapp\public\index.php(37): CodeIgniter\CodeIgniter->run()
#8 {main}
ERROR - 2021-09-21 23:23:13 --> [Microsoft][ODBC Driver 17 for SQL Server][SQL Server]Error converting data type nvarchar to int.
CRITICAL - 2021-09-21 23:23:13 --> [Microsoft][ODBC Driver 17 for SQL Server][SQL Server]Error converting data type nvarchar to int.
#0 C:\laragon\www\penyaluranapp\vendor\codeigniter4\framework\system\Database\BaseConnection.php(732): CodeIgniter\Database\SQLSRV\Connection->execute('exec penyaluran...')
#1 C:\laragon\www\penyaluranapp\vendor\codeigniter4\framework\system\Database\BaseConnection.php(647): CodeIgniter\Database\BaseConnection->simpleQuery('exec penyaluran...')
#2 C:\laragon\www\penyaluranapp\app\Models\Master_jenisfileModel.php(19): CodeIgniter\Database\BaseConnection->query('exec penyaluran...')
#3 C:\laragon\www\penyaluranapp\app\Controllers\Monitoring_data.php(106): App\Models\Master_jenisfileModel->getbyid('assets')
#4 C:\laragon\www\penyaluranapp\vendor\codeigniter4\framework\system\CodeIgniter.php(928): App\Controllers\Monitoring_data->monitoring('assets', 'dist', 'img', 'user8-128x128.j...')
#5 C:\laragon\www\penyaluranapp\vendor\codeigniter4\framework\system\CodeIgniter.php(436): CodeIgniter\CodeIgniter->runController(Object(App\Controllers\Monitoring_data))
#6 C:\laragon\www\penyaluranapp\vendor\codeigniter4\framework\system\CodeIgniter.php(336): CodeIgniter\CodeIgniter->handleRequest(NULL, Object(Config\Cache), false)
#7 C:\laragon\www\penyaluranapp\public\index.php(37): CodeIgniter\CodeIgniter->run()
#8 {main}
ERROR - 2021-09-21 23:23:15 --> [Microsoft][ODBC Driver 17 for SQL Server][SQL Server]Error converting data type nvarchar to int.
CRITICAL - 2021-09-21 23:23:15 --> [Microsoft][ODBC Driver 17 for SQL Server][SQL Server]Error converting data type nvarchar to int.
#0 C:\laragon\www\penyaluranapp\vendor\codeigniter4\framework\system\Database\BaseConnection.php(732): CodeIgniter\Database\SQLSRV\Connection->execute('exec penyaluran...')
#1 C:\laragon\www\penyaluranapp\vendor\codeigniter4\framework\system\Database\BaseConnection.php(647): CodeIgniter\Database\BaseConnection->simpleQuery('exec penyaluran...')
#2 C:\laragon\www\penyaluranapp\app\Models\Master_jenisfileModel.php(19): CodeIgniter\Database\BaseConnection->query('exec penyaluran...')
#3 C:\laragon\www\penyaluranapp\app\Controllers\Monitoring_data.php(106): App\Models\Master_jenisfileModel->getbyid('assets')
#4 C:\laragon\www\penyaluranapp\vendor\codeigniter4\framework\system\CodeIgniter.php(928): App\Controllers\Monitoring_data->monitoring('assets', 'dist', 'img', 'user1-128x128.j...')
#5 C:\laragon\www\penyaluranapp\vendor\codeigniter4\framework\system\CodeIgniter.php(436): CodeIgniter\CodeIgniter->runController(Object(App\Controllers\Monitoring_data))
#6 C:\laragon\www\penyaluranapp\vendor\codeigniter4\framework\system\CodeIgniter.php(336): CodeIgniter\CodeIgniter->handleRequest(NULL, Object(Config\Cache), false)
#7 C:\laragon\www\penyaluranapp\public\index.php(37): CodeIgniter\CodeIgniter->run()
#8 {main}
ERROR - 2021-09-21 23:23:16 --> [Microsoft][ODBC Driver 17 for SQL Server][SQL Server]Error converting data type nvarchar to int.
CRITICAL - 2021-09-21 23:23:16 --> [Microsoft][ODBC Driver 17 for SQL Server][SQL Server]Error converting data type nvarchar to int.
#0 C:\laragon\www\penyaluranapp\vendor\codeigniter4\framework\system\Database\BaseConnection.php(732): CodeIgniter\Database\SQLSRV\Connection->execute('exec penyaluran...')
#1 C:\laragon\www\penyaluranapp\vendor\codeigniter4\framework\system\Database\BaseConnection.php(647): CodeIgniter\Database\BaseConnection->simpleQuery('exec penyaluran...')
#2 C:\laragon\www\penyaluranapp\app\Models\Master_jenisfileModel.php(19): CodeIgniter\Database\BaseConnection->query('exec penyaluran...')
#3 C:\laragon\www\penyaluranapp\app\Controllers\Monitoring_data.php(106): App\Models\Master_jenisfileModel->getbyid('assets')
#4 C:\laragon\www\penyaluranapp\vendor\codeigniter4\framework\system\CodeIgniter.php(928): App\Controllers\Monitoring_data->monitoring('assets', 'dist', 'img', 'user3-128x128.j...')
#5 C:\laragon\www\penyaluranapp\vendor\codeigniter4\framework\system\CodeIgniter.php(436): CodeIgniter\CodeIgniter->runController(Object(App\Controllers\Monitoring_data))
#6 C:\laragon\www\penyaluranapp\vendor\codeigniter4\framework\system\CodeIgniter.php(336): CodeIgniter\CodeIgniter->handleRequest(NULL, Object(Config\Cache), false)
#7 C:\laragon\www\penyaluranapp\public\index.php(37): CodeIgniter\CodeIgniter->run()
#8 {main}
ERROR - 2021-09-21 23:23:42 --> [Microsoft][ODBC Driver 17 for SQL Server][SQL Server]Error converting data type nvarchar to int.
CRITICAL - 2021-09-21 23:23:42 --> [Microsoft][ODBC Driver 17 for SQL Server][SQL Server]Error converting data type nvarchar to int.
#0 C:\laragon\www\penyaluranapp\vendor\codeigniter4\framework\system\Database\BaseConnection.php(732): CodeIgniter\Database\SQLSRV\Connection->execute('exec penyaluran...')
#1 C:\laragon\www\penyaluranapp\vendor\codeigniter4\framework\system\Database\BaseConnection.php(647): CodeIgniter\Database\BaseConnection->simpleQuery('exec penyaluran...')
#2 C:\laragon\www\penyaluranapp\app\Models\Upload_fileModel.php(22): CodeIgniter\Database\BaseConnection->query('exec penyaluran...')
#3 C:\laragon\www\penyaluranapp\app\Controllers\Upload_file.php(106): App\Models\Upload_fileModel->getall('assets')
#4 C:\laragon\www\penyaluranapp\vendor\codeigniter4\framework\system\CodeIgniter.php(928): App\Controllers\Upload_file->daftar_upload('assets', 'dist', 'img', 'user8-128x128.j...')
#5 C:\laragon\www\penyaluranapp\vendor\codeigniter4\framework\system\CodeIgniter.php(436): CodeIgniter\CodeIgniter->runController(Object(App\Controllers\Upload_file))
#6 C:\laragon\www\penyaluranapp\vendor\codeigniter4\framework\system\CodeIgniter.php(336): CodeIgniter\CodeIgniter->handleRequest(NULL, Object(Config\Cache), false)
#7 C:\laragon\www\penyaluranapp\public\index.php(37): CodeIgniter\CodeIgniter->run()
#8 {main}
ERROR - 2021-09-21 23:23:42 --> [Microsoft][ODBC Driver 17 for SQL Server][SQL Server]Error converting data type nvarchar to int.
CRITICAL - 2021-09-21 23:23:42 --> [Microsoft][ODBC Driver 17 for SQL Server][SQL Server]Error converting data type nvarchar to int.
#0 C:\laragon\www\penyaluranapp\vendor\codeigniter4\framework\system\Database\BaseConnection.php(732): CodeIgniter\Database\SQLSRV\Connection->execute('exec penyaluran...')
#1 C:\laragon\www\penyaluranapp\vendor\codeigniter4\framework\system\Database\BaseConnection.php(647): CodeIgniter\Database\BaseConnection->simpleQuery('exec penyaluran...')
#2 C:\laragon\www\penyaluranapp\app\Models\Upload_fileModel.php(22): CodeIgniter\Database\BaseConnection->query('exec penyaluran...')
#3 C:\laragon\www\penyaluranapp\app\Controllers\Upload_file.php(106): App\Models\Upload_fileModel->getall('assets')
#4 C:\laragon\www\penyaluranapp\vendor\codeigniter4\framework\system\CodeIgniter.php(928): App\Controllers\Upload_file->daftar_upload('assets', 'dist', 'img', 'user1-128x128.j...')
#5 C:\laragon\www\penyaluranapp\vendor\codeigniter4\framework\system\CodeIgniter.php(436): CodeIgniter\CodeIgniter->runController(Object(App\Controllers\Upload_file))
#6 C:\laragon\www\penyaluranapp\vendor\codeigniter4\framework\system\CodeIgniter.php(336): CodeIgniter\CodeIgniter->handleRequest(NULL, Object(Config\Cache), false)
#7 C:\laragon\www\penyaluranapp\public\index.php(37): CodeIgniter\CodeIgniter->run()
#8 {main}
ERROR - 2021-09-21 23:23:42 --> [Microsoft][ODBC Driver 17 for SQL Server][SQL Server]Error converting data type nvarchar to int.
CRITICAL - 2021-09-21 23:23:42 --> [Microsoft][ODBC Driver 17 for SQL Server][SQL Server]Error converting data type nvarchar to int.
#0 C:\laragon\www\penyaluranapp\vendor\codeigniter4\framework\system\Database\BaseConnection.php(732): CodeIgniter\Database\SQLSRV\Connection->execute('exec penyaluran...')
#1 C:\laragon\www\penyaluranapp\vendor\codeigniter4\framework\system\Database\BaseConnection.php(647): CodeIgniter\Database\BaseConnection->simpleQuery('exec penyaluran...')
#2 C:\laragon\www\penyaluranapp\app\Models\Upload_fileModel.php(22): CodeIgniter\Database\BaseConnection->query('exec penyaluran...')
#3 C:\laragon\www\penyaluranapp\app\Controllers\Upload_file.php(106): App\Models\Upload_fileModel->getall('assets')
#4 C:\laragon\www\penyaluranapp\vendor\codeigniter4\framework\system\CodeIgniter.php(928): App\Controllers\Upload_file->daftar_upload('assets', 'dist', 'img', 'user3-128x128.j...')
#5 C:\laragon\www\penyaluranapp\vendor\codeigniter4\framework\system\CodeIgniter.php(436): CodeIgniter\CodeIgniter->runController(Object(App\Controllers\Upload_file))
#6 C:\laragon\www\penyaluranapp\vendor\codeigniter4\framework\system\CodeIgniter.php(336): CodeIgniter\CodeIgniter->handleRequest(NULL, Object(Config\Cache), false)
#7 C:\laragon\www\penyaluranapp\public\index.php(37): CodeIgniter\CodeIgniter->run()
#8 {main}
CRITICAL - 2021-09-21 23:23:43 --> File not found: C:\laragon\www\penyaluranapp\public\templates\cari_kpm.csv
#0 C:\laragon\www\penyaluranapp\vendor\codeigniter4\framework\system\Files\File.php(51): CodeIgniter\Files\Exceptions\FileNotFoundException::forFileNotFound('C:\\laragon\\www\\...')
#1 C:\laragon\www\penyaluranapp\vendor\codeigniter4\framework\system\HTTP\DownloadResponse.php(116): CodeIgniter\Files\File->__construct('C:\\laragon\\www\\...', true)
#2 C:\laragon\www\penyaluranapp\vendor\codeigniter4\framework\system\HTTP\ResponseTrait.php(786): CodeIgniter\HTTP\DownloadResponse->setFilePath('C:\\laragon\\www\\...')
#3 C:\laragon\www\penyaluranapp\app\Controllers\Upload_file.php(98): CodeIgniter\HTTP\Response->download('cari_kpm.csv', NULL)
#4 C:\laragon\www\penyaluranapp\vendor\codeigniter4\framework\system\CodeIgniter.php(928): App\Controllers\Upload_file->downloadtemplate('8')
#5 C:\laragon\www\penyaluranapp\vendor\codeigniter4\framework\system\CodeIgniter.php(436): CodeIgniter\CodeIgniter->runController(Object(App\Controllers\Upload_file))
#6 C:\laragon\www\penyaluranapp\vendor\codeigniter4\framework\system\CodeIgniter.php(336): CodeIgniter\CodeIgniter->handleRequest(NULL, Object(Config\Cache), false)
#7 C:\laragon\www\penyaluranapp\public\index.php(37): CodeIgniter\CodeIgniter->run()
#8 {main}
CRITICAL - 2021-09-21 23:26:16 --> File not found: templates/cari_kpm.csv
#0 C:\laragon\www\penyaluranapp\vendor\codeigniter4\framework\system\Files\File.php(51): CodeIgniter\Files\Exceptions\FileNotFoundException::forFileNotFound('templates/cari_...')
#1 C:\laragon\www\penyaluranapp\vendor\codeigniter4\framework\system\HTTP\DownloadResponse.php(116): CodeIgniter\Files\File->__construct('templates/cari_...', true)
#2 C:\laragon\www\penyaluranapp\vendor\codeigniter4\framework\system\HTTP\ResponseTrait.php(786): CodeIgniter\HTTP\DownloadResponse->setFilePath('templates/cari_...')
#3 C:\laragon\www\penyaluranapp\app\Controllers\Upload_file.php(98): CodeIgniter\HTTP\Response->download('cari_kpm.csv', NULL)
#4 C:\laragon\www\penyaluranapp\vendor\codeigniter4\framework\system\CodeIgniter.php(928): App\Controllers\Upload_file->downloadtemplate('8')
#5 C:\laragon\www\penyaluranapp\vendor\codeigniter4\framework\system\CodeIgniter.php(436): CodeIgniter\CodeIgniter->runController(Object(App\Controllers\Upload_file))
#6 C:\laragon\www\penyaluranapp\vendor\codeigniter4\framework\system\CodeIgniter.php(336): CodeIgniter\CodeIgniter->handleRequest(NULL, Object(Config\Cache), false)
#7 C:\laragon\www\penyaluranapp\public\index.php(37): CodeIgniter\CodeIgniter->run()
#8 {main}
CRITICAL - 2021-09-21 23:26:40 --> File not found: public/templates/cari_kpm.csv
#0 C:\laragon\www\penyaluranapp\vendor\codeigniter4\framework\system\Files\File.php(51): CodeIgniter\Files\Exceptions\FileNotFoundException::forFileNotFound('public/template...')
#1 C:\laragon\www\penyaluranapp\vendor\codeigniter4\framework\system\HTTP\DownloadResponse.php(116): CodeIgniter\Files\File->__construct('public/template...', true)
#2 C:\laragon\www\penyaluranapp\vendor\codeigniter4\framework\system\HTTP\ResponseTrait.php(786): CodeIgniter\HTTP\DownloadResponse->setFilePath('public/template...')
#3 C:\laragon\www\penyaluranapp\app\Controllers\Upload_file.php(98): CodeIgniter\HTTP\Response->download('cari_kpm.csv', NULL)
#4 C:\laragon\www\penyaluranapp\vendor\codeigniter4\framework\system\CodeIgniter.php(928): App\Controllers\Upload_file->downloadtemplate('8')
#5 C:\laragon\www\penyaluranapp\vendor\codeigniter4\framework\system\CodeIgniter.php(436): CodeIgniter\CodeIgniter->runController(Object(App\Controllers\Upload_file))
#6 C:\laragon\www\penyaluranapp\vendor\codeigniter4\framework\system\CodeIgniter.php(336): CodeIgniter\CodeIgniter->handleRequest(NULL, Object(Config\Cache), false)
#7 C:\laragon\www\penyaluranapp\public\index.php(37): CodeIgniter\CodeIgniter->run()
#8 {main}
CRITICAL - 2021-09-21 23:29:42 --> File not found: templates/cari_kpm.csv
#0 C:\laragon\www\penyaluranapp\vendor\codeigniter4\framework\system\Files\File.php(51): CodeIgniter\Files\Exceptions\FileNotFoundException::forFileNotFound('templates/cari_...')
#1 C:\laragon\www\penyaluranapp\vendor\codeigniter4\framework\system\HTTP\DownloadResponse.php(116): CodeIgniter\Files\File->__construct('templates/cari_...', true)
#2 C:\laragon\www\penyaluranapp\vendor\codeigniter4\framework\system\HTTP\ResponseTrait.php(786): CodeIgniter\HTTP\DownloadResponse->setFilePath('templates/cari_...')
#3 C:\laragon\www\penyaluranapp\app\Controllers\Upload_file.php(98): CodeIgniter\HTTP\Response->download('cari_kpm.csv', NULL)
#4 C:\laragon\www\penyaluranapp\vendor\codeigniter4\framework\system\CodeIgniter.php(928): App\Controllers\Upload_file->downloadtemplate('8')
#5 C:\laragon\www\penyaluranapp\vendor\codeigniter4\framework\system\CodeIgniter.php(436): CodeIgniter\CodeIgniter->runController(Object(App\Controllers\Upload_file))
#6 C:\laragon\www\penyaluranapp\vendor\codeigniter4\framework\system\CodeIgniter.php(336): CodeIgniter\CodeIgniter->handleRequest(NULL, Object(Config\Cache), false)
#7 C:\laragon\www\penyaluranapp\public\index.php(37): CodeIgniter\CodeIgniter->run()
#8 {main}
CRITICAL - 2021-09-21 23:33:15 --> File not found: templates/cari_kpm.csv
#0 C:\laragon\www\penyaluranapp\vendor\codeigniter4\framework\system\Files\File.php(51): CodeIgniter\Files\Exceptions\FileNotFoundException::forFileNotFound('templates/cari_...')
#1 C:\laragon\www\penyaluranapp\vendor\codeigniter4\framework\system\HTTP\DownloadResponse.php(116): CodeIgniter\Files\File->__construct('templates/cari_...', true)
#2 C:\laragon\www\penyaluranapp\vendor\codeigniter4\framework\system\HTTP\ResponseTrait.php(786): CodeIgniter\HTTP\DownloadResponse->setFilePath('templates/cari_...')
#3 C:\laragon\www\penyaluranapp\app\Controllers\Upload_file.php(102): CodeIgniter\HTTP\Response->download('cari_kpm.csv', NULL)
#4 C:\laragon\www\penyaluranapp\vendor\codeigniter4\framework\system\CodeIgniter.php(928): App\Controllers\Upload_file->downloadtemplate('8')
#5 C:\laragon\www\penyaluranapp\vendor\codeigniter4\framework\system\CodeIgniter.php(436): CodeIgniter\CodeIgniter->runController(Object(App\Controllers\Upload_file))
#6 C:\laragon\www\penyaluranapp\vendor\codeigniter4\framework\system\CodeIgniter.php(336): CodeIgniter\CodeIgniter->handleRequest(NULL, Object(Config\Cache), false)
#7 C:\laragon\www\penyaluranapp\public\index.php(37): CodeIgniter\CodeIgniter->run()
#8 {main}
CRITICAL - 2021-09-21 23:35:28 --> File not found: templates/assets/cari_kpm.csv
#0 C:\laragon\www\penyaluranapp\vendor\codeigniter4\framework\system\Files\File.php(51): CodeIgniter\Files\Exceptions\FileNotFoundException::forFileNotFound('templates/asset...')
#1 C:\laragon\www\penyaluranapp\vendor\codeigniter4\framework\system\HTTP\DownloadResponse.php(116): CodeIgniter\Files\File->__construct('templates/asset...', true)
#2 C:\laragon\www\penyaluranapp\vendor\codeigniter4\framework\system\HTTP\ResponseTrait.php(786): CodeIgniter\HTTP\DownloadResponse->setFilePath('templates/asset...')
#3 C:\laragon\www\penyaluranapp\app\Controllers\Upload_file.php(98): CodeIgniter\HTTP\Response->download('cari_kpm.csv', NULL)
#4 C:\laragon\www\penyaluranapp\vendor\codeigniter4\framework\system\CodeIgniter.php(928): App\Controllers\Upload_file->downloadtemplate('8')
#5 C:\laragon\www\penyaluranapp\vendor\codeigniter4\framework\system\CodeIgniter.php(436): CodeIgniter\CodeIgniter->runController(Object(App\Controllers\Upload_file))
#6 C:\laragon\www\penyaluranapp\vendor\codeigniter4\framework\system\CodeIgniter.php(336): CodeIgniter\CodeIgniter->handleRequest(NULL, Object(Config\Cache), false)
#7 C:\laragon\www\penyaluranapp\public\index.php(37): CodeIgniter\CodeIgniter->run()
#8 {main}
ERROR - 2021-09-21 23:37:52 --> [Microsoft][ODBC Driver 17 for SQL Server][SQL Server]Error converting data type nvarchar to int.
CRITICAL - 2021-09-21 23:37:52 --> [Microsoft][ODBC Driver 17 for SQL Server][SQL Server]Error converting data type nvarchar to int.
#0 C:\laragon\www\penyaluranapp\vendor\codeigniter4\framework\system\Database\BaseConnection.php(732): CodeIgniter\Database\SQLSRV\Connection->execute('exec penyaluran...')
#1 C:\laragon\www\penyaluranapp\vendor\codeigniter4\framework\system\Database\BaseConnection.php(647): CodeIgniter\Database\BaseConnection->simpleQuery('exec penyaluran...')
#2 C:\laragon\www\penyaluranapp\app\Models\Upload_fileModel.php(22): CodeIgniter\Database\BaseConnection->query('exec penyaluran...')
#3 C:\laragon\www\penyaluranapp\app\Controllers\Upload_file.php(106): App\Models\Upload_fileModel->getall('assets')
#4 C:\laragon\www\penyaluranapp\vendor\codeigniter4\framework\system\CodeIgniter.php(928): App\Controllers\Upload_file->daftar_upload('assets', 'dist', 'img', 'user1-128x128.j...')
#5 C:\laragon\www\penyaluranapp\vendor\codeigniter4\framework\system\CodeIgniter.php(436): CodeIgniter\CodeIgniter->runController(Object(App\Controllers\Upload_file))
#6 C:\laragon\www\penyaluranapp\vendor\codeigniter4\framework\system\CodeIgniter.php(336): CodeIgniter\CodeIgniter->handleRequest(NULL, Object(Config\Cache), false)
#7 C:\laragon\www\penyaluranapp\public\index.php(37): CodeIgniter\CodeIgniter->run()
#8 {main}
ERROR - 2021-09-21 23:37:52 --> [Microsoft][ODBC Driver 17 for SQL Server][SQL Server]Error converting data type nvarchar to int.
CRITICAL - 2021-09-21 23:37:52 --> [Microsoft][ODBC Driver 17 for SQL Server][SQL Server]Error converting data type nvarchar to int.
#0 C:\laragon\www\penyaluranapp\vendor\codeigniter4\framework\system\Database\BaseConnection.php(732): CodeIgniter\Database\SQLSRV\Connection->execute('exec penyaluran...')
#1 C:\laragon\www\penyaluranapp\vendor\codeigniter4\framework\system\Database\BaseConnection.php(647): CodeIgniter\Database\BaseConnection->simpleQuery('exec penyaluran...')
#2 C:\laragon\www\penyaluranapp\app\Models\Upload_fileModel.php(22): CodeIgniter\Database\BaseConnection->query('exec penyaluran...')
#3 C:\laragon\www\penyaluranapp\app\Controllers\Upload_file.php(106): App\Models\Upload_fileModel->getall('assets')
#4 C:\laragon\www\penyaluranapp\vendor\codeigniter4\framework\system\CodeIgniter.php(928): App\Controllers\Upload_file->daftar_upload('assets', 'dist', 'img', 'user8-128x128.j...')
#5 C:\laragon\www\penyaluranapp\vendor\codeigniter4\framework\system\CodeIgniter.php(436): CodeIgniter\CodeIgniter->runController(Object(App\Controllers\Upload_file))
#6 C:\laragon\www\penyaluranapp\vendor\codeigniter4\framework\system\CodeIgniter.php(336): CodeIgniter\CodeIgniter->handleRequest(NULL, Object(Config\Cache), false)
#7 C:\laragon\www\penyaluranapp\public\index.php(37): CodeIgniter\CodeIgniter->run()
#8 {main}
ERROR - 2021-09-21 23:37:52 --> [Microsoft][ODBC Driver 17 for SQL Server][SQL Server]Error converting data type nvarchar to int.
CRITICAL - 2021-09-21 23:37:52 --> [Microsoft][ODBC Driver 17 for SQL Server][SQL Server]Error converting data type nvarchar to int.
#0 C:\laragon\www\penyaluranapp\vendor\codeigniter4\framework\system\Database\BaseConnection.php(732): CodeIgniter\Database\SQLSRV\Connection->execute('exec penyaluran...')
#1 C:\laragon\www\penyaluranapp\vendor\codeigniter4\framework\system\Database\BaseConnection.php(647): CodeIgniter\Database\BaseConnection->simpleQuery('exec penyaluran...')
#2 C:\laragon\www\penyaluranapp\app\Models\Upload_fileModel.php(22): CodeIgniter\Database\BaseConnection->query('exec penyaluran...')
#3 C:\laragon\www\penyaluranapp\app\Controllers\Upload_file.php(106): App\Models\Upload_fileModel->getall('assets')
#4 C:\laragon\www\penyaluranapp\vendor\codeigniter4\framework\system\CodeIgniter.php(928): App\Controllers\Upload_file->daftar_upload('assets', 'dist', 'img', 'user3-128x128.j...')
#5 C:\laragon\www\penyaluranapp\vendor\codeigniter4\framework\system\CodeIgniter.php(436): CodeIgniter\CodeIgniter->runController(Object(App\Controllers\Upload_file))
#6 C:\laragon\www\penyaluranapp\vendor\codeigniter4\framework\system\CodeIgniter.php(336): CodeIgniter\CodeIgniter->handleRequest(NULL, Object(Config\Cache), false)
#7 C:\laragon\www\penyaluranapp\public\index.php(37): CodeIgniter\CodeIgniter->run()
#8 {main}
ERROR - 2021-09-21 23:37:55 --> [Microsoft][ODBC Driver 17 for SQL Server][SQL Server]Error converting data type nvarchar to int.
ERROR - 2021-09-21 23:37:55 --> [Microsoft][ODBC Driver 17 for SQL Server][SQL Server]Error converting data type nvarchar to int.
CRITICAL - 2021-09-21 23:37:55 --> [Microsoft][ODBC Driver 17 for SQL Server][SQL Server]Error converting data type nvarchar to int.
#0 C:\laragon\www\penyaluranapp\vendor\codeigniter4\framework\system\Database\BaseConnection.php(732): CodeIgniter\Database\SQLSRV\Connection->execute('exec penyaluran...')
#1 C:\laragon\www\penyaluranapp\vendor\codeigniter4\framework\system\Database\BaseConnection.php(647): CodeIgniter\Database\BaseConnection->simpleQuery('exec penyaluran...')
#2 C:\laragon\www\penyaluranapp\app\Models\Upload_fileModel.php(22): CodeIgniter\Database\BaseConnection->query('exec penyaluran...')
#3 C:\laragon\www\penyaluranapp\app\Controllers\Upload_file.php(106): App\Models\Upload_fileModel->getall('assets')
#4 C:\laragon\www\penyaluranapp\vendor\codeigniter4\framework\system\CodeIgniter.php(928): App\Controllers\Upload_file->daftar_upload('assets', 'dist', 'img', 'user8-128x128.j...')
#5 C:\laragon\www\penyaluranapp\vendor\codeigniter4\framework\system\CodeIgniter.php(436): CodeIgniter\CodeIgniter->runController(Object(App\Controllers\Upload_file))
#6 C:\laragon\www\penyaluranapp\vendor\codeigniter4\framework\system\CodeIgniter.php(336): CodeIgniter\CodeIgniter->handleRequest(NULL, Object(Config\Cache), false)
#7 C:\laragon\www\penyaluranapp\public\index.php(37): CodeIgniter\CodeIgniter->run()
#8 {main}
CRITICAL - 2021-09-21 23:37:55 --> [Microsoft][ODBC Driver 17 for SQL Server][SQL Server]Error converting data type nvarchar to int.
#0 C:\laragon\www\penyaluranapp\vendor\codeigniter4\framework\system\Database\BaseConnection.php(732): CodeIgniter\Database\SQLSRV\Connection->execute('exec penyaluran...')
#1 C:\laragon\www\penyaluranapp\vendor\codeigniter4\framework\system\Database\BaseConnection.php(647): CodeIgniter\Database\BaseConnection->simpleQuery('exec penyaluran...')
#2 C:\laragon\www\penyaluranapp\app\Models\Upload_fileModel.php(22): CodeIgniter\Database\BaseConnection->query('exec penyaluran...')
#3 C:\laragon\www\penyaluranapp\app\Controllers\Upload_file.php(106): App\Models\Upload_fileModel->getall('assets')
#4 C:\laragon\www\penyaluranapp\vendor\codeigniter4\framework\system\CodeIgniter.php(928): App\Controllers\Upload_file->daftar_upload('assets', 'dist', 'img', 'user1-128x128.j...')
#5 C:\laragon\www\penyaluranapp\vendor\codeigniter4\framework\system\CodeIgniter.php(436): CodeIgniter\CodeIgniter->runController(Object(App\Controllers\Upload_file))
#6 C:\laragon\www\penyaluranapp\vendor\codeigniter4\framework\system\CodeIgniter.php(336): CodeIgniter\CodeIgniter->handleRequest(NULL, Object(Config\Cache), false)
#7 C:\laragon\www\penyaluranapp\public\index.php(37): CodeIgniter\CodeIgniter->run()
#8 {main}
ERROR - 2021-09-21 23:37:55 --> [Microsoft][ODBC Driver 17 for SQL Server][SQL Server]Error converting data type nvarchar to int.
CRITICAL - 2021-09-21 23:37:55 --> [Microsoft][ODBC Driver 17 for SQL Server][SQL Server]Error converting data type nvarchar to int.
#0 C:\laragon\www\penyaluranapp\vendor\codeigniter4\framework\system\Database\BaseConnection.php(732): CodeIgniter\Database\SQLSRV\Connection->execute('exec penyaluran...')
#1 C:\laragon\www\penyaluranapp\vendor\codeigniter4\framework\system\Database\BaseConnection.php(647): CodeIgniter\Database\BaseConnection->simpleQuery('exec penyaluran...')
#2 C:\laragon\www\penyaluranapp\app\Models\Upload_fileModel.php(22): CodeIgniter\Database\BaseConnection->query('exec penyaluran...')
#3 C:\laragon\www\penyaluranapp\app\Controllers\Upload_file.php(106): App\Models\Upload_fileModel->getall('assets')
#4 C:\laragon\www\penyaluranapp\vendor\codeigniter4\framework\system\CodeIgniter.php(928): App\Controllers\Upload_file->daftar_upload('assets', 'dist', 'img', 'user3-128x128.j...')
#5 C:\laragon\www\penyaluranapp\vendor\codeigniter4\framework\system\CodeIgniter.php(436): CodeIgniter\CodeIgniter->runController(Object(App\Controllers\Upload_file))
#6 C:\laragon\www\penyaluranapp\vendor\codeigniter4\framework\system\CodeIgniter.php(336): CodeIgniter\CodeIgniter->handleRequest(NULL, Object(Config\Cache), false)
#7 C:\laragon\www\penyaluranapp\public\index.php(37): CodeIgniter\CodeIgniter->run()
#8 {main}
