ERROR - 2021-09-16 17:45:54 --> [Microsoft][ODBC Driver 17 for SQL Server][SQL Server]Error converting data type nvarchar to int.
CRITICAL - 2021-09-16 17:45:54 --> [Microsoft][ODBC Driver 17 for SQL Server][SQL Server]Error converting data type nvarchar to int.
#0 C:\laragon\www\penyaluranapp\vendor\codeigniter4\framework\system\Database\BaseConnection.php(732): CodeIgniter\Database\SQLSRV\Connection->execute('exec penyaluran...')
#1 C:\laragon\www\penyaluranapp\vendor\codeigniter4\framework\system\Database\BaseConnection.php(647): CodeIgniter\Database\BaseConnection->simpleQuery('exec penyaluran...')
#2 C:\laragon\www\penyaluranapp\app\Models\Upload_fileModel.php(22): CodeIgniter\Database\BaseConnection->query('exec penyaluran...')
#3 C:\laragon\www\penyaluranapp\app\Controllers\Upload_file.php(101): App\Models\Upload_fileModel->getall('assets')
#4 C:\laragon\www\penyaluranapp\vendor\codeigniter4\framework\system\CodeIgniter.php(928): App\Controllers\Upload_file->daftar_upload('assets', 'dist', 'img', 'user8-128x128.j...')
#5 C:\laragon\www\penyaluranapp\vendor\codeigniter4\framework\system\CodeIgniter.php(436): CodeIgniter\CodeIgniter->runController(Object(App\Controllers\Upload_file))
#6 C:\laragon\www\penyaluranapp\vendor\codeigniter4\framework\system\CodeIgniter.php(336): CodeIgniter\CodeIgniter->handleRequest(NULL, Object(Config\Cache), false)
#7 C:\laragon\www\penyaluranapp\public\index.php(37): CodeIgniter\CodeIgniter->run()
#8 {main}
ERROR - 2021-09-16 17:45:54 --> [Microsoft][ODBC Driver 17 for SQL Server][SQL Server]Error converting data type nvarchar to int.
CRITICAL - 2021-09-16 17:45:54 --> [Microsoft][ODBC Driver 17 for SQL Server][SQL Server]Error converting data type nvarchar to int.
#0 C:\laragon\www\penyaluranapp\vendor\codeigniter4\framework\system\Database\BaseConnection.php(732): CodeIgniter\Database\SQLSRV\Connection->execute('exec penyaluran...')
#1 C:\laragon\www\penyaluranapp\vendor\codeigniter4\framework\system\Database\BaseConnection.php(647): CodeIgniter\Database\BaseConnection->simpleQuery('exec penyaluran...')
#2 C:\laragon\www\penyaluranapp\app\Models\Upload_fileModel.php(22): CodeIgniter\Database\BaseConnection->query('exec penyaluran...')
#3 C:\laragon\www\penyaluranapp\app\Controllers\Upload_file.php(101): App\Models\Upload_fileModel->getall('assets')
#4 C:\laragon\www\penyaluranapp\vendor\codeigniter4\framework\system\CodeIgniter.php(928): App\Controllers\Upload_file->daftar_upload('assets', 'dist', 'img', 'user1-128x128.j...')
#5 C:\laragon\www\penyaluranapp\vendor\codeigniter4\framework\system\CodeIgniter.php(436): CodeIgniter\CodeIgniter->runController(Object(App\Controllers\Upload_file))
#6 C:\laragon\www\penyaluranapp\vendor\codeigniter4\framework\system\CodeIgniter.php(336): CodeIgniter\CodeIgniter->handleRequest(NULL, Object(Config\Cache), false)
#7 C:\laragon\www\penyaluranapp\public\index.php(37): CodeIgniter\CodeIgniter->run()
#8 {main}
ERROR - 2021-09-16 17:45:54 --> [Microsoft][ODBC Driver 17 for SQL Server][SQL Server]Error converting data type nvarchar to int.
CRITICAL - 2021-09-16 17:45:54 --> [Microsoft][ODBC Driver 17 for SQL Server][SQL Server]Error converting data type nvarchar to int.
#0 C:\laragon\www\penyaluranapp\vendor\codeigniter4\framework\system\Database\BaseConnection.php(732): CodeIgniter\Database\SQLSRV\Connection->execute('exec penyaluran...')
#1 C:\laragon\www\penyaluranapp\vendor\codeigniter4\framework\system\Database\BaseConnection.php(647): CodeIgniter\Database\BaseConnection->simpleQuery('exec penyaluran...')
#2 C:\laragon\www\penyaluranapp\app\Models\Upload_fileModel.php(22): CodeIgniter\Database\BaseConnection->query('exec penyaluran...')
#3 C:\laragon\www\penyaluranapp\app\Controllers\Upload_file.php(101): App\Models\Upload_fileModel->getall('assets')
#4 C:\laragon\www\penyaluranapp\vendor\codeigniter4\framework\system\CodeIgniter.php(928): App\Controllers\Upload_file->daftar_upload('assets', 'dist', 'img', 'user3-128x128.j...')
#5 C:\laragon\www\penyaluranapp\vendor\codeigniter4\framework\system\CodeIgniter.php(436): CodeIgniter\CodeIgniter->runController(Object(App\Controllers\Upload_file))
#6 C:\laragon\www\penyaluranapp\vendor\codeigniter4\framework\system\CodeIgniter.php(336): CodeIgniter\CodeIgniter->handleRequest(NULL, Object(Config\Cache), false)
#7 C:\laragon\www\penyaluranapp\public\index.php(37): CodeIgniter\CodeIgniter->run()
#8 {main}
ERROR - 2021-09-16 17:49:30 --> [Microsoft][ODBC Driver 17 for SQL Server][SQL Server]Error converting data type nvarchar to int.
CRITICAL - 2021-09-16 17:49:30 --> [Microsoft][ODBC Driver 17 for SQL Server][SQL Server]Error converting data type nvarchar to int.
#0 C:\laragon\www\penyaluranapp\vendor\codeigniter4\framework\system\Database\BaseConnection.php(732): CodeIgniter\Database\SQLSRV\Connection->execute('exec penyaluran...')
#1 C:\laragon\www\penyaluranapp\vendor\codeigniter4\framework\system\Database\BaseConnection.php(647): CodeIgniter\Database\BaseConnection->simpleQuery('exec penyaluran...')
#2 C:\laragon\www\penyaluranapp\app\Models\Upload_fileModel.php(22): CodeIgniter\Database\BaseConnection->query('exec penyaluran...')
#3 C:\laragon\www\penyaluranapp\app\Controllers\Upload_file.php(101): App\Models\Upload_fileModel->getall('assets')
#4 C:\laragon\www\penyaluranapp\vendor\codeigniter4\framework\system\CodeIgniter.php(928): App\Controllers\Upload_file->daftar_upload('assets', 'dist', 'img', 'user1-128x128.j...')
#5 C:\laragon\www\penyaluranapp\vendor\codeigniter4\framework\system\CodeIgniter.php(436): CodeIgniter\CodeIgniter->runController(Object(App\Controllers\Upload_file))
#6 C:\laragon\www\penyaluranapp\vendor\codeigniter4\framework\system\CodeIgniter.php(336): CodeIgniter\CodeIgniter->handleRequest(NULL, Object(Config\Cache), false)
#7 C:\laragon\www\penyaluranapp\public\index.php(37): CodeIgniter\CodeIgniter->run()
#8 {main}
ERROR - 2021-09-16 17:49:30 --> [Microsoft][ODBC Driver 17 for SQL Server][SQL Server]Error converting data type nvarchar to int.
CRITICAL - 2021-09-16 17:49:30 --> [Microsoft][ODBC Driver 17 for SQL Server][SQL Server]Error converting data type nvarchar to int.
#0 C:\laragon\www\penyaluranapp\vendor\codeigniter4\framework\system\Database\BaseConnection.php(732): CodeIgniter\Database\SQLSRV\Connection->execute('exec penyaluran...')
#1 C:\laragon\www\penyaluranapp\vendor\codeigniter4\framework\system\Database\BaseConnection.php(647): CodeIgniter\Database\BaseConnection->simpleQuery('exec penyaluran...')
#2 C:\laragon\www\penyaluranapp\app\Models\Upload_fileModel.php(22): CodeIgniter\Database\BaseConnection->query('exec penyaluran...')
#3 C:\laragon\www\penyaluranapp\app\Controllers\Upload_file.php(101): App\Models\Upload_fileModel->getall('assets')
#4 C:\laragon\www\penyaluranapp\vendor\codeigniter4\framework\system\CodeIgniter.php(928): App\Controllers\Upload_file->daftar_upload('assets', 'dist', 'img', 'user8-128x128.j...')
#5 C:\laragon\www\penyaluranapp\vendor\codeigniter4\framework\system\CodeIgniter.php(436): CodeIgniter\CodeIgniter->runController(Object(App\Controllers\Upload_file))
#6 C:\laragon\www\penyaluranapp\vendor\codeigniter4\framework\system\CodeIgniter.php(336): CodeIgniter\CodeIgniter->handleRequest(NULL, Object(Config\Cache), false)
#7 C:\laragon\www\penyaluranapp\public\index.php(37): CodeIgniter\CodeIgniter->run()
#8 {main}
ERROR - 2021-09-16 17:49:30 --> [Microsoft][ODBC Driver 17 for SQL Server][SQL Server]Error converting data type nvarchar to int.
CRITICAL - 2021-09-16 17:49:30 --> [Microsoft][ODBC Driver 17 for SQL Server][SQL Server]Error converting data type nvarchar to int.
#0 C:\laragon\www\penyaluranapp\vendor\codeigniter4\framework\system\Database\BaseConnection.php(732): CodeIgniter\Database\SQLSRV\Connection->execute('exec penyaluran...')
#1 C:\laragon\www\penyaluranapp\vendor\codeigniter4\framework\system\Database\BaseConnection.php(647): CodeIgniter\Database\BaseConnection->simpleQuery('exec penyaluran...')
#2 C:\laragon\www\penyaluranapp\app\Models\Upload_fileModel.php(22): CodeIgniter\Database\BaseConnection->query('exec penyaluran...')
#3 C:\laragon\www\penyaluranapp\app\Controllers\Upload_file.php(101): App\Models\Upload_fileModel->getall('assets')
#4 C:\laragon\www\penyaluranapp\vendor\codeigniter4\framework\system\CodeIgniter.php(928): App\Controllers\Upload_file->daftar_upload('assets', 'dist', 'img', 'user3-128x128.j...')
#5 C:\laragon\www\penyaluranapp\vendor\codeigniter4\framework\system\CodeIgniter.php(436): CodeIgniter\CodeIgniter->runController(Object(App\Controllers\Upload_file))
#6 C:\laragon\www\penyaluranapp\vendor\codeigniter4\framework\system\CodeIgniter.php(336): CodeIgniter\CodeIgniter->handleRequest(NULL, Object(Config\Cache), false)
#7 C:\laragon\www\penyaluranapp\public\index.php(37): CodeIgniter\CodeIgniter->run()
#8 {main}
ERROR - 2021-09-16 17:49:52 --> [Microsoft][ODBC Driver 17 for SQL Server][SQL Server]Error converting data type nvarchar to int.
CRITICAL - 2021-09-16 17:49:52 --> [Microsoft][ODBC Driver 17 for SQL Server][SQL Server]Error converting data type nvarchar to int.
#0 C:\laragon\www\penyaluranapp\vendor\codeigniter4\framework\system\Database\BaseConnection.php(732): CodeIgniter\Database\SQLSRV\Connection->execute('exec penyaluran...')
#1 C:\laragon\www\penyaluranapp\vendor\codeigniter4\framework\system\Database\BaseConnection.php(647): CodeIgniter\Database\BaseConnection->simpleQuery('exec penyaluran...')
#2 C:\laragon\www\penyaluranapp\app\Models\Upload_fileModel.php(22): CodeIgniter\Database\BaseConnection->query('exec penyaluran...')
#3 C:\laragon\www\penyaluranapp\app\Controllers\Upload_file.php(101): App\Models\Upload_fileModel->getall('assets')
#4 C:\laragon\www\penyaluranapp\vendor\codeigniter4\framework\system\CodeIgniter.php(928): App\Controllers\Upload_file->daftar_upload('assets', 'dist', 'img', 'user8-128x128.j...')
#5 C:\laragon\www\penyaluranapp\vendor\codeigniter4\framework\system\CodeIgniter.php(436): CodeIgniter\CodeIgniter->runController(Object(App\Controllers\Upload_file))
#6 C:\laragon\www\penyaluranapp\vendor\codeigniter4\framework\system\CodeIgniter.php(336): CodeIgniter\CodeIgniter->handleRequest(NULL, Object(Config\Cache), false)
#7 C:\laragon\www\penyaluranapp\public\index.php(37): CodeIgniter\CodeIgniter->run()
#8 {main}
ERROR - 2021-09-16 17:49:52 --> [Microsoft][ODBC Driver 17 for SQL Server][SQL Server]Error converting data type nvarchar to int.
ERROR - 2021-09-16 17:49:52 --> [Microsoft][ODBC Driver 17 for SQL Server][SQL Server]Error converting data type nvarchar to int.
CRITICAL - 2021-09-16 17:49:52 --> [Microsoft][ODBC Driver 17 for SQL Server][SQL Server]Error converting data type nvarchar to int.
#0 C:\laragon\www\penyaluranapp\vendor\codeigniter4\framework\system\Database\BaseConnection.php(732): CodeIgniter\Database\SQLSRV\Connection->execute('exec penyaluran...')
#1 C:\laragon\www\penyaluranapp\vendor\codeigniter4\framework\system\Database\BaseConnection.php(647): CodeIgniter\Database\BaseConnection->simpleQuery('exec penyaluran...')
#2 C:\laragon\www\penyaluranapp\app\Models\Upload_fileModel.php(22): CodeIgniter\Database\BaseConnection->query('exec penyaluran...')
#3 C:\laragon\www\penyaluranapp\app\Controllers\Upload_file.php(101): App\Models\Upload_fileModel->getall('assets')
#4 C:\laragon\www\penyaluranapp\vendor\codeigniter4\framework\system\CodeIgniter.php(928): App\Controllers\Upload_file->daftar_upload('assets', 'dist', 'img', 'user3-128x128.j...')
#5 C:\laragon\www\penyaluranapp\vendor\codeigniter4\framework\system\CodeIgniter.php(436): CodeIgniter\CodeIgniter->runController(Object(App\Controllers\Upload_file))
#6 C:\laragon\www\penyaluranapp\vendor\codeigniter4\framework\system\CodeIgniter.php(336): CodeIgniter\CodeIgniter->handleRequest(NULL, Object(Config\Cache), false)
#7 C:\laragon\www\penyaluranapp\public\index.php(37): CodeIgniter\CodeIgniter->run()
#8 {main}
CRITICAL - 2021-09-16 17:49:52 --> [Microsoft][ODBC Driver 17 for SQL Server][SQL Server]Error converting data type nvarchar to int.
#0 C:\laragon\www\penyaluranapp\vendor\codeigniter4\framework\system\Database\BaseConnection.php(732): CodeIgniter\Database\SQLSRV\Connection->execute('exec penyaluran...')
#1 C:\laragon\www\penyaluranapp\vendor\codeigniter4\framework\system\Database\BaseConnection.php(647): CodeIgniter\Database\BaseConnection->simpleQuery('exec penyaluran...')
#2 C:\laragon\www\penyaluranapp\app\Models\Upload_fileModel.php(22): CodeIgniter\Database\BaseConnection->query('exec penyaluran...')
#3 C:\laragon\www\penyaluranapp\app\Controllers\Upload_file.php(101): App\Models\Upload_fileModel->getall('assets')
#4 C:\laragon\www\penyaluranapp\vendor\codeigniter4\framework\system\CodeIgniter.php(928): App\Controllers\Upload_file->daftar_upload('assets', 'dist', 'img', 'user1-128x128.j...')
#5 C:\laragon\www\penyaluranapp\vendor\codeigniter4\framework\system\CodeIgniter.php(436): CodeIgniter\CodeIgniter->runController(Object(App\Controllers\Upload_file))
#6 C:\laragon\www\penyaluranapp\vendor\codeigniter4\framework\system\CodeIgniter.php(336): CodeIgniter\CodeIgniter->handleRequest(NULL, Object(Config\Cache), false)
#7 C:\laragon\www\penyaluranapp\public\index.php(37): CodeIgniter\CodeIgniter->run()
#8 {main}
ERROR - 2021-09-16 17:50:09 --> [Microsoft][ODBC Driver 17 for SQL Server][SQL Server]Error converting data type nvarchar to int.
CRITICAL - 2021-09-16 17:50:09 --> [Microsoft][ODBC Driver 17 for SQL Server][SQL Server]Error converting data type nvarchar to int.
#0 C:\laragon\www\penyaluranapp\vendor\codeigniter4\framework\system\Database\BaseConnection.php(732): CodeIgniter\Database\SQLSRV\Connection->execute('exec penyaluran...')
#1 C:\laragon\www\penyaluranapp\vendor\codeigniter4\framework\system\Database\BaseConnection.php(647): CodeIgniter\Database\BaseConnection->simpleQuery('exec penyaluran...')
#2 C:\laragon\www\penyaluranapp\app\Models\Upload_fileModel.php(22): CodeIgniter\Database\BaseConnection->query('exec penyaluran...')
#3 C:\laragon\www\penyaluranapp\app\Controllers\Upload_file.php(101): App\Models\Upload_fileModel->getall('assets')
#4 C:\laragon\www\penyaluranapp\vendor\codeigniter4\framework\system\CodeIgniter.php(928): App\Controllers\Upload_file->daftar_upload('assets', 'dist', 'img', 'user1-128x128.j...')
#5 C:\laragon\www\penyaluranapp\vendor\codeigniter4\framework\system\CodeIgniter.php(436): CodeIgniter\CodeIgniter->runController(Object(App\Controllers\Upload_file))
#6 C:\laragon\www\penyaluranapp\vendor\codeigniter4\framework\system\CodeIgniter.php(336): CodeIgniter\CodeIgniter->handleRequest(NULL, Object(Config\Cache), false)
#7 C:\laragon\www\penyaluranapp\public\index.php(37): CodeIgniter\CodeIgniter->run()
#8 {main}
ERROR - 2021-09-16 17:50:09 --> [Microsoft][ODBC Driver 17 for SQL Server][SQL Server]Error converting data type nvarchar to int.
CRITICAL - 2021-09-16 17:50:09 --> [Microsoft][ODBC Driver 17 for SQL Server][SQL Server]Error converting data type nvarchar to int.
#0 C:\laragon\www\penyaluranapp\vendor\codeigniter4\framework\system\Database\BaseConnection.php(732): CodeIgniter\Database\SQLSRV\Connection->execute('exec penyaluran...')
#1 C:\laragon\www\penyaluranapp\vendor\codeigniter4\framework\system\Database\BaseConnection.php(647): CodeIgniter\Database\BaseConnection->simpleQuery('exec penyaluran...')
#2 C:\laragon\www\penyaluranapp\app\Models\Upload_fileModel.php(22): CodeIgniter\Database\BaseConnection->query('exec penyaluran...')
#3 C:\laragon\www\penyaluranapp\app\Controllers\Upload_file.php(101): App\Models\Upload_fileModel->getall('assets')
#4 C:\laragon\www\penyaluranapp\vendor\codeigniter4\framework\system\CodeIgniter.php(928): App\Controllers\Upload_file->daftar_upload('assets', 'dist', 'img', 'user8-128x128.j...')
#5 C:\laragon\www\penyaluranapp\vendor\codeigniter4\framework\system\CodeIgniter.php(436): CodeIgniter\CodeIgniter->runController(Object(App\Controllers\Upload_file))
#6 C:\laragon\www\penyaluranapp\vendor\codeigniter4\framework\system\CodeIgniter.php(336): CodeIgniter\CodeIgniter->handleRequest(NULL, Object(Config\Cache), false)
#7 C:\laragon\www\penyaluranapp\public\index.php(37): CodeIgniter\CodeIgniter->run()
#8 {main}
ERROR - 2021-09-16 17:50:09 --> [Microsoft][ODBC Driver 17 for SQL Server][SQL Server]Error converting data type nvarchar to int.
CRITICAL - 2021-09-16 17:50:09 --> [Microsoft][ODBC Driver 17 for SQL Server][SQL Server]Error converting data type nvarchar to int.
#0 C:\laragon\www\penyaluranapp\vendor\codeigniter4\framework\system\Database\BaseConnection.php(732): CodeIgniter\Database\SQLSRV\Connection->execute('exec penyaluran...')
#1 C:\laragon\www\penyaluranapp\vendor\codeigniter4\framework\system\Database\BaseConnection.php(647): CodeIgniter\Database\BaseConnection->simpleQuery('exec penyaluran...')
#2 C:\laragon\www\penyaluranapp\app\Models\Upload_fileModel.php(22): CodeIgniter\Database\BaseConnection->query('exec penyaluran...')
#3 C:\laragon\www\penyaluranapp\app\Controllers\Upload_file.php(101): App\Models\Upload_fileModel->getall('assets')
#4 C:\laragon\www\penyaluranapp\vendor\codeigniter4\framework\system\CodeIgniter.php(928): App\Controllers\Upload_file->daftar_upload('assets', 'dist', 'img', 'user3-128x128.j...')
#5 C:\laragon\www\penyaluranapp\vendor\codeigniter4\framework\system\CodeIgniter.php(436): CodeIgniter\CodeIgniter->runController(Object(App\Controllers\Upload_file))
#6 C:\laragon\www\penyaluranapp\vendor\codeigniter4\framework\system\CodeIgniter.php(336): CodeIgniter\CodeIgniter->handleRequest(NULL, Object(Config\Cache), false)
#7 C:\laragon\www\penyaluranapp\public\index.php(37): CodeIgniter\CodeIgniter->run()
#8 {main}
ERROR - 2021-09-16 17:52:20 --> [Microsoft][ODBC Driver 17 for SQL Server][SQL Server]Error converting data type nvarchar to int.
CRITICAL - 2021-09-16 17:52:20 --> [Microsoft][ODBC Driver 17 for SQL Server][SQL Server]Error converting data type nvarchar to int.
#0 C:\laragon\www\penyaluranapp\vendor\codeigniter4\framework\system\Database\BaseConnection.php(732): CodeIgniter\Database\SQLSRV\Connection->execute('exec penyaluran...')
#1 C:\laragon\www\penyaluranapp\vendor\codeigniter4\framework\system\Database\BaseConnection.php(647): CodeIgniter\Database\BaseConnection->simpleQuery('exec penyaluran...')
#2 C:\laragon\www\penyaluranapp\app\Models\Master_jenisfileModel.php(19): CodeIgniter\Database\BaseConnection->query('exec penyaluran...')
#3 C:\laragon\www\penyaluranapp\app\Controllers\Monitoring_data.php(104): App\Models\Master_jenisfileModel->getbyid('assets')
#4 C:\laragon\www\penyaluranapp\vendor\codeigniter4\framework\system\CodeIgniter.php(928): App\Controllers\Monitoring_data->monitoring('assets', 'dist', 'img', 'user1-128x128.j...')
#5 C:\laragon\www\penyaluranapp\vendor\codeigniter4\framework\system\CodeIgniter.php(436): CodeIgniter\CodeIgniter->runController(Object(App\Controllers\Monitoring_data))
#6 C:\laragon\www\penyaluranapp\vendor\codeigniter4\framework\system\CodeIgniter.php(336): CodeIgniter\CodeIgniter->handleRequest(NULL, Object(Config\Cache), false)
#7 C:\laragon\www\penyaluranapp\public\index.php(37): CodeIgniter\CodeIgniter->run()
#8 {main}
ERROR - 2021-09-16 17:52:20 --> [Microsoft][ODBC Driver 17 for SQL Server][SQL Server]Error converting data type nvarchar to int.
CRITICAL - 2021-09-16 17:52:20 --> [Microsoft][ODBC Driver 17 for SQL Server][SQL Server]Error converting data type nvarchar to int.
#0 C:\laragon\www\penyaluranapp\vendor\codeigniter4\framework\system\Database\BaseConnection.php(732): CodeIgniter\Database\SQLSRV\Connection->execute('exec penyaluran...')
#1 C:\laragon\www\penyaluranapp\vendor\codeigniter4\framework\system\Database\BaseConnection.php(647): CodeIgniter\Database\BaseConnection->simpleQuery('exec penyaluran...')
#2 C:\laragon\www\penyaluranapp\app\Models\Master_jenisfileModel.php(19): CodeIgniter\Database\BaseConnection->query('exec penyaluran...')
#3 C:\laragon\www\penyaluranapp\app\Controllers\Monitoring_data.php(104): App\Models\Master_jenisfileModel->getbyid('assets')
#4 C:\laragon\www\penyaluranapp\vendor\codeigniter4\framework\system\CodeIgniter.php(928): App\Controllers\Monitoring_data->monitoring('assets', 'dist', 'img', 'user8-128x128.j...')
#5 C:\laragon\www\penyaluranapp\vendor\codeigniter4\framework\system\CodeIgniter.php(436): CodeIgniter\CodeIgniter->runController(Object(App\Controllers\Monitoring_data))
#6 C:\laragon\www\penyaluranapp\vendor\codeigniter4\framework\system\CodeIgniter.php(336): CodeIgniter\CodeIgniter->handleRequest(NULL, Object(Config\Cache), false)
#7 C:\laragon\www\penyaluranapp\public\index.php(37): CodeIgniter\CodeIgniter->run()
#8 {main}
ERROR - 2021-09-16 17:52:20 --> [Microsoft][ODBC Driver 17 for SQL Server][SQL Server]Error converting data type nvarchar to int.
CRITICAL - 2021-09-16 17:52:20 --> [Microsoft][ODBC Driver 17 for SQL Server][SQL Server]Error converting data type nvarchar to int.
#0 C:\laragon\www\penyaluranapp\vendor\codeigniter4\framework\system\Database\BaseConnection.php(732): CodeIgniter\Database\SQLSRV\Connection->execute('exec penyaluran...')
#1 C:\laragon\www\penyaluranapp\vendor\codeigniter4\framework\system\Database\BaseConnection.php(647): CodeIgniter\Database\BaseConnection->simpleQuery('exec penyaluran...')
#2 C:\laragon\www\penyaluranapp\app\Models\Master_jenisfileModel.php(19): CodeIgniter\Database\BaseConnection->query('exec penyaluran...')
#3 C:\laragon\www\penyaluranapp\app\Controllers\Monitoring_data.php(104): App\Models\Master_jenisfileModel->getbyid('assets')
#4 C:\laragon\www\penyaluranapp\vendor\codeigniter4\framework\system\CodeIgniter.php(928): App\Controllers\Monitoring_data->monitoring('assets', 'dist', 'img', 'user3-128x128.j...')
#5 C:\laragon\www\penyaluranapp\vendor\codeigniter4\framework\system\CodeIgniter.php(436): CodeIgniter\CodeIgniter->runController(Object(App\Controllers\Monitoring_data))
#6 C:\laragon\www\penyaluranapp\vendor\codeigniter4\framework\system\CodeIgniter.php(336): CodeIgniter\CodeIgniter->handleRequest(NULL, Object(Config\Cache), false)
#7 C:\laragon\www\penyaluranapp\public\index.php(37): CodeIgniter\CodeIgniter->run()
#8 {main}
ERROR - 2021-09-16 21:02:13 --> [Microsoft][ODBC Driver 17 for SQL Server][SQL Server]Error converting data type nvarchar to int.
CRITICAL - 2021-09-16 21:02:13 --> [Microsoft][ODBC Driver 17 for SQL Server][SQL Server]Error converting data type nvarchar to int.
#0 C:\laragon\www\penyaluranapp\vendor\codeigniter4\framework\system\Database\BaseConnection.php(732): CodeIgniter\Database\SQLSRV\Connection->execute('exec penyaluran...')
#1 C:\laragon\www\penyaluranapp\vendor\codeigniter4\framework\system\Database\BaseConnection.php(647): CodeIgniter\Database\BaseConnection->simpleQuery('exec penyaluran...')
#2 C:\laragon\www\penyaluranapp\app\Models\Master_jenisfileModel.php(19): CodeIgniter\Database\BaseConnection->query('exec penyaluran...')
#3 C:\laragon\www\penyaluranapp\app\Controllers\Monitoring_data.php(104): App\Models\Master_jenisfileModel->getbyid('assets')
#4 C:\laragon\www\penyaluranapp\vendor\codeigniter4\framework\system\CodeIgniter.php(928): App\Controllers\Monitoring_data->monitoring('assets', 'dist', 'img', 'user1-128x128.j...')
#5 C:\laragon\www\penyaluranapp\vendor\codeigniter4\framework\system\CodeIgniter.php(436): CodeIgniter\CodeIgniter->runController(Object(App\Controllers\Monitoring_data))
#6 C:\laragon\www\penyaluranapp\vendor\codeigniter4\framework\system\CodeIgniter.php(336): CodeIgniter\CodeIgniter->handleRequest(NULL, Object(Config\Cache), false)
#7 C:\laragon\www\penyaluranapp\public\index.php(37): CodeIgniter\CodeIgniter->run()
#8 {main}
ERROR - 2021-09-16 21:02:14 --> [Microsoft][ODBC Driver 17 for SQL Server][SQL Server]Error converting data type nvarchar to int.
CRITICAL - 2021-09-16 21:02:14 --> [Microsoft][ODBC Driver 17 for SQL Server][SQL Server]Error converting data type nvarchar to int.
#0 C:\laragon\www\penyaluranapp\vendor\codeigniter4\framework\system\Database\BaseConnection.php(732): CodeIgniter\Database\SQLSRV\Connection->execute('exec penyaluran...')
#1 C:\laragon\www\penyaluranapp\vendor\codeigniter4\framework\system\Database\BaseConnection.php(647): CodeIgniter\Database\BaseConnection->simpleQuery('exec penyaluran...')
#2 C:\laragon\www\penyaluranapp\app\Models\Master_jenisfileModel.php(19): CodeIgniter\Database\BaseConnection->query('exec penyaluran...')
#3 C:\laragon\www\penyaluranapp\app\Controllers\Monitoring_data.php(104): App\Models\Master_jenisfileModel->getbyid('assets')
#4 C:\laragon\www\penyaluranapp\vendor\codeigniter4\framework\system\CodeIgniter.php(928): App\Controllers\Monitoring_data->monitoring('assets', 'dist', 'img', 'user3-128x128.j...')
#5 C:\laragon\www\penyaluranapp\vendor\codeigniter4\framework\system\CodeIgniter.php(436): CodeIgniter\CodeIgniter->runController(Object(App\Controllers\Monitoring_data))
#6 C:\laragon\www\penyaluranapp\vendor\codeigniter4\framework\system\CodeIgniter.php(336): CodeIgniter\CodeIgniter->handleRequest(NULL, Object(Config\Cache), false)
#7 C:\laragon\www\penyaluranapp\public\index.php(37): CodeIgniter\CodeIgniter->run()
#8 {main}
ERROR - 2021-09-16 21:02:15 --> [Microsoft][ODBC Driver 17 for SQL Server][SQL Server]Error converting data type nvarchar to int.
CRITICAL - 2021-09-16 21:02:15 --> [Microsoft][ODBC Driver 17 for SQL Server][SQL Server]Error converting data type nvarchar to int.
#0 C:\laragon\www\penyaluranapp\vendor\codeigniter4\framework\system\Database\BaseConnection.php(732): CodeIgniter\Database\SQLSRV\Connection->execute('exec penyaluran...')
#1 C:\laragon\www\penyaluranapp\vendor\codeigniter4\framework\system\Database\BaseConnection.php(647): CodeIgniter\Database\BaseConnection->simpleQuery('exec penyaluran...')
#2 C:\laragon\www\penyaluranapp\app\Models\Master_jenisfileModel.php(19): CodeIgniter\Database\BaseConnection->query('exec penyaluran...')
#3 C:\laragon\www\penyaluranapp\app\Controllers\Monitoring_data.php(104): App\Models\Master_jenisfileModel->getbyid('assets')
#4 C:\laragon\www\penyaluranapp\vendor\codeigniter4\framework\system\CodeIgniter.php(928): App\Controllers\Monitoring_data->monitoring('assets', 'dist', 'img', 'user8-128x128.j...')
#5 C:\laragon\www\penyaluranapp\vendor\codeigniter4\framework\system\CodeIgniter.php(436): CodeIgniter\CodeIgniter->runController(Object(App\Controllers\Monitoring_data))
#6 C:\laragon\www\penyaluranapp\vendor\codeigniter4\framework\system\CodeIgniter.php(336): CodeIgniter\CodeIgniter->handleRequest(NULL, Object(Config\Cache), false)
#7 C:\laragon\www\penyaluranapp\public\index.php(37): CodeIgniter\CodeIgniter->run()
#8 {main}
ERROR - 2021-09-16 21:26:46 --> [Microsoft][ODBC Driver 17 for SQL Server][SQL Server]Error converting data type nvarchar to int.
CRITICAL - 2021-09-16 21:26:46 --> [Microsoft][ODBC Driver 17 for SQL Server][SQL Server]Error converting data type nvarchar to int.
#0 C:\laragon\www\penyaluranapp\vendor\codeigniter4\framework\system\Database\BaseConnection.php(732): CodeIgniter\Database\SQLSRV\Connection->execute('exec penyaluran...')
#1 C:\laragon\www\penyaluranapp\vendor\codeigniter4\framework\system\Database\BaseConnection.php(647): CodeIgniter\Database\BaseConnection->simpleQuery('exec penyaluran...')
#2 C:\laragon\www\penyaluranapp\app\Models\Master_jenisfileModel.php(19): CodeIgniter\Database\BaseConnection->query('exec penyaluran...')
#3 C:\laragon\www\penyaluranapp\app\Controllers\Monitoring_data.php(104): App\Models\Master_jenisfileModel->getbyid('assets')
#4 C:\laragon\www\penyaluranapp\vendor\codeigniter4\framework\system\CodeIgniter.php(928): App\Controllers\Monitoring_data->monitoring('assets', 'dist', 'img', 'user1-128x128.j...')
#5 C:\laragon\www\penyaluranapp\vendor\codeigniter4\framework\system\CodeIgniter.php(436): CodeIgniter\CodeIgniter->runController(Object(App\Controllers\Monitoring_data))
#6 C:\laragon\www\penyaluranapp\vendor\codeigniter4\framework\system\CodeIgniter.php(336): CodeIgniter\CodeIgniter->handleRequest(NULL, Object(Config\Cache), false)
#7 C:\laragon\www\penyaluranapp\public\index.php(37): CodeIgniter\CodeIgniter->run()
#8 {main}
ERROR - 2021-09-16 21:26:47 --> [Microsoft][ODBC Driver 17 for SQL Server][SQL Server]Error converting data type nvarchar to int.
CRITICAL - 2021-09-16 21:26:47 --> [Microsoft][ODBC Driver 17 for SQL Server][SQL Server]Error converting data type nvarchar to int.
#0 C:\laragon\www\penyaluranapp\vendor\codeigniter4\framework\system\Database\BaseConnection.php(732): CodeIgniter\Database\SQLSRV\Connection->execute('exec penyaluran...')
#1 C:\laragon\www\penyaluranapp\vendor\codeigniter4\framework\system\Database\BaseConnection.php(647): CodeIgniter\Database\BaseConnection->simpleQuery('exec penyaluran...')
#2 C:\laragon\www\penyaluranapp\app\Models\Master_jenisfileModel.php(19): CodeIgniter\Database\BaseConnection->query('exec penyaluran...')
#3 C:\laragon\www\penyaluranapp\app\Controllers\Monitoring_data.php(104): App\Models\Master_jenisfileModel->getbyid('assets')
#4 C:\laragon\www\penyaluranapp\vendor\codeigniter4\framework\system\CodeIgniter.php(928): App\Controllers\Monitoring_data->monitoring('assets', 'dist', 'img', 'user8-128x128.j...')
#5 C:\laragon\www\penyaluranapp\vendor\codeigniter4\framework\system\CodeIgniter.php(436): CodeIgniter\CodeIgniter->runController(Object(App\Controllers\Monitoring_data))
#6 C:\laragon\www\penyaluranapp\vendor\codeigniter4\framework\system\CodeIgniter.php(336): CodeIgniter\CodeIgniter->handleRequest(NULL, Object(Config\Cache), false)
#7 C:\laragon\www\penyaluranapp\public\index.php(37): CodeIgniter\CodeIgniter->run()
#8 {main}
ERROR - 2021-09-16 21:26:48 --> [Microsoft][ODBC Driver 17 for SQL Server][SQL Server]Error converting data type nvarchar to int.
CRITICAL - 2021-09-16 21:26:48 --> [Microsoft][ODBC Driver 17 for SQL Server][SQL Server]Error converting data type nvarchar to int.
#0 C:\laragon\www\penyaluranapp\vendor\codeigniter4\framework\system\Database\BaseConnection.php(732): CodeIgniter\Database\SQLSRV\Connection->execute('exec penyaluran...')
#1 C:\laragon\www\penyaluranapp\vendor\codeigniter4\framework\system\Database\BaseConnection.php(647): CodeIgniter\Database\BaseConnection->simpleQuery('exec penyaluran...')
#2 C:\laragon\www\penyaluranapp\app\Models\Master_jenisfileModel.php(19): CodeIgniter\Database\BaseConnection->query('exec penyaluran...')
#3 C:\laragon\www\penyaluranapp\app\Controllers\Monitoring_data.php(104): App\Models\Master_jenisfileModel->getbyid('assets')
#4 C:\laragon\www\penyaluranapp\vendor\codeigniter4\framework\system\CodeIgniter.php(928): App\Controllers\Monitoring_data->monitoring('assets', 'dist', 'img', 'user3-128x128.j...')
#5 C:\laragon\www\penyaluranapp\vendor\codeigniter4\framework\system\CodeIgniter.php(436): CodeIgniter\CodeIgniter->runController(Object(App\Controllers\Monitoring_data))
#6 C:\laragon\www\penyaluranapp\vendor\codeigniter4\framework\system\CodeIgniter.php(336): CodeIgniter\CodeIgniter->handleRequest(NULL, Object(Config\Cache), false)
#7 C:\laragon\www\penyaluranapp\public\index.php(37): CodeIgniter\CodeIgniter->run()
#8 {main}
ERROR - 2021-09-16 21:28:02 --> [Microsoft][ODBC Driver 17 for SQL Server][SQL Server]Error converting data type nvarchar to int.
CRITICAL - 2021-09-16 21:28:02 --> [Microsoft][ODBC Driver 17 for SQL Server][SQL Server]Error converting data type nvarchar to int.
#0 C:\laragon\www\penyaluranapp\vendor\codeigniter4\framework\system\Database\BaseConnection.php(732): CodeIgniter\Database\SQLSRV\Connection->execute('exec penyaluran...')
#1 C:\laragon\www\penyaluranapp\vendor\codeigniter4\framework\system\Database\BaseConnection.php(647): CodeIgniter\Database\BaseConnection->simpleQuery('exec penyaluran...')
#2 C:\laragon\www\penyaluranapp\app\Models\Master_jenisfileModel.php(19): CodeIgniter\Database\BaseConnection->query('exec penyaluran...')
#3 C:\laragon\www\penyaluranapp\app\Controllers\Monitoring_data.php(104): App\Models\Master_jenisfileModel->getbyid('assets')
#4 C:\laragon\www\penyaluranapp\vendor\codeigniter4\framework\system\CodeIgniter.php(928): App\Controllers\Monitoring_data->monitoring('assets', 'dist', 'img', 'user8-128x128.j...')
#5 C:\laragon\www\penyaluranapp\vendor\codeigniter4\framework\system\CodeIgniter.php(436): CodeIgniter\CodeIgniter->runController(Object(App\Controllers\Monitoring_data))
#6 C:\laragon\www\penyaluranapp\vendor\codeigniter4\framework\system\CodeIgniter.php(336): CodeIgniter\CodeIgniter->handleRequest(NULL, Object(Config\Cache), false)
#7 C:\laragon\www\penyaluranapp\public\index.php(37): CodeIgniter\CodeIgniter->run()
#8 {main}
ERROR - 2021-09-16 21:28:10 --> [Microsoft][ODBC Driver 17 for SQL Server][SQL Server]Error converting data type nvarchar to int.
CRITICAL - 2021-09-16 21:28:10 --> [Microsoft][ODBC Driver 17 for SQL Server][SQL Server]Error converting data type nvarchar to int.
#0 C:\laragon\www\penyaluranapp\vendor\codeigniter4\framework\system\Database\BaseConnection.php(732): CodeIgniter\Database\SQLSRV\Connection->execute('exec penyaluran...')
#1 C:\laragon\www\penyaluranapp\vendor\codeigniter4\framework\system\Database\BaseConnection.php(647): CodeIgniter\Database\BaseConnection->simpleQuery('exec penyaluran...')
#2 C:\laragon\www\penyaluranapp\app\Models\Master_jenisfileModel.php(19): CodeIgniter\Database\BaseConnection->query('exec penyaluran...')
#3 C:\laragon\www\penyaluranapp\app\Controllers\Monitoring_data.php(104): App\Models\Master_jenisfileModel->getbyid('assets')
#4 C:\laragon\www\penyaluranapp\vendor\codeigniter4\framework\system\CodeIgniter.php(928): App\Controllers\Monitoring_data->monitoring('assets', 'dist', 'img', 'user1-128x128.j...')
#5 C:\laragon\www\penyaluranapp\vendor\codeigniter4\framework\system\CodeIgniter.php(436): CodeIgniter\CodeIgniter->runController(Object(App\Controllers\Monitoring_data))
#6 C:\laragon\www\penyaluranapp\vendor\codeigniter4\framework\system\CodeIgniter.php(336): CodeIgniter\CodeIgniter->handleRequest(NULL, Object(Config\Cache), false)
#7 C:\laragon\www\penyaluranapp\public\index.php(37): CodeIgniter\CodeIgniter->run()
#8 {main}
ERROR - 2021-09-16 21:28:15 --> [Microsoft][ODBC Driver 17 for SQL Server][SQL Server]Error converting data type nvarchar to int.
CRITICAL - 2021-09-16 21:28:15 --> [Microsoft][ODBC Driver 17 for SQL Server][SQL Server]Error converting data type nvarchar to int.
#0 C:\laragon\www\penyaluranapp\vendor\codeigniter4\framework\system\Database\BaseConnection.php(732): CodeIgniter\Database\SQLSRV\Connection->execute('exec penyaluran...')
#1 C:\laragon\www\penyaluranapp\vendor\codeigniter4\framework\system\Database\BaseConnection.php(647): CodeIgniter\Database\BaseConnection->simpleQuery('exec penyaluran...')
#2 C:\laragon\www\penyaluranapp\app\Models\Master_jenisfileModel.php(19): CodeIgniter\Database\BaseConnection->query('exec penyaluran...')
#3 C:\laragon\www\penyaluranapp\app\Controllers\Monitoring_data.php(104): App\Models\Master_jenisfileModel->getbyid('assets')
#4 C:\laragon\www\penyaluranapp\vendor\codeigniter4\framework\system\CodeIgniter.php(928): App\Controllers\Monitoring_data->monitoring('assets', 'dist', 'img', 'user3-128x128.j...')
#5 C:\laragon\www\penyaluranapp\vendor\codeigniter4\framework\system\CodeIgniter.php(436): CodeIgniter\CodeIgniter->runController(Object(App\Controllers\Monitoring_data))
#6 C:\laragon\www\penyaluranapp\vendor\codeigniter4\framework\system\CodeIgniter.php(336): CodeIgniter\CodeIgniter->handleRequest(NULL, Object(Config\Cache), false)
#7 C:\laragon\www\penyaluranapp\public\index.php(37): CodeIgniter\CodeIgniter->run()
#8 {main}
ERROR - 2021-09-16 21:37:15 --> [Microsoft][ODBC Driver 17 for SQL Server][SQL Server]Invalid column name 'idpropo'.
CRITICAL - 2021-09-16 21:37:15 --> [Microsoft][ODBC Driver 17 for SQL Server][SQL Server]Invalid column name 'idpropo'.
#0 C:\laragon\www\penyaluranapp\vendor\codeigniter4\framework\system\Database\BaseConnection.php(732): CodeIgniter\Database\SQLSRV\Connection->execute('select distinct...')
#1 C:\laragon\www\penyaluranapp\vendor\codeigniter4\framework\system\Database\BaseConnection.php(647): CodeIgniter\Database\BaseConnection->simpleQuery('select distinct...')
#2 C:\laragon\www\penyaluranapp\app\Models\Monitoring_cari_kpm_model.php(33): CodeIgniter\Database\BaseConnection->query('select distinct...')
#3 C:\laragon\www\penyaluranapp\app\Controllers\Monitoring_data.php(47): App\Models\Monitoring_cari_kpm_model->getprovinsi()
#4 C:\laragon\www\penyaluranapp\vendor\codeigniter4\framework\system\CodeIgniter.php(928): App\Controllers\Monitoring_data->monitoring('8')
#5 C:\laragon\www\penyaluranapp\vendor\codeigniter4\framework\system\CodeIgniter.php(436): CodeIgniter\CodeIgniter->runController(Object(App\Controllers\Monitoring_data))
#6 C:\laragon\www\penyaluranapp\vendor\codeigniter4\framework\system\CodeIgniter.php(336): CodeIgniter\CodeIgniter->handleRequest(NULL, Object(Config\Cache), false)
#7 C:\laragon\www\penyaluranapp\public\index.php(37): CodeIgniter\CodeIgniter->run()
#8 {main}
ERROR - 2021-09-16 21:37:33 --> [Microsoft][ODBC Driver 17 for SQL Server][SQL Server]Invalid column name 'idprop'.
CRITICAL - 2021-09-16 21:37:33 --> [Microsoft][ODBC Driver 17 for SQL Server][SQL Server]Invalid column name 'idprop'.
#0 C:\laragon\www\penyaluranapp\vendor\codeigniter4\framework\system\Database\BaseConnection.php(732): CodeIgniter\Database\SQLSRV\Connection->execute('select distinct...')
#1 C:\laragon\www\penyaluranapp\vendor\codeigniter4\framework\system\Database\BaseConnection.php(647): CodeIgniter\Database\BaseConnection->simpleQuery('select distinct...')
#2 C:\laragon\www\penyaluranapp\app\Models\Monitoring_cari_kpm_model.php(33): CodeIgniter\Database\BaseConnection->query('select distinct...')
#3 C:\laragon\www\penyaluranapp\app\Controllers\Monitoring_data.php(47): App\Models\Monitoring_cari_kpm_model->getprovinsi()
#4 C:\laragon\www\penyaluranapp\vendor\codeigniter4\framework\system\CodeIgniter.php(928): App\Controllers\Monitoring_data->monitoring('8')
#5 C:\laragon\www\penyaluranapp\vendor\codeigniter4\framework\system\CodeIgniter.php(436): CodeIgniter\CodeIgniter->runController(Object(App\Controllers\Monitoring_data))
#6 C:\laragon\www\penyaluranapp\vendor\codeigniter4\framework\system\CodeIgniter.php(336): CodeIgniter\CodeIgniter->handleRequest(NULL, Object(Config\Cache), false)
#7 C:\laragon\www\penyaluranapp\public\index.php(37): CodeIgniter\CodeIgniter->run()
#8 {main}
