CRITICAL - 2021-10-06 21:22:58 --> Call to undefined method App\Controllers\UploadController::helper()
#0 C:\laragon\www\ihelpfrontend\vendor\codeigniter4\framework\system\CodeIgniter.php(928): App\Controllers\UploadController->index()
#1 C:\laragon\www\ihelpfrontend\vendor\codeigniter4\framework\system\CodeIgniter.php(436): CodeIgniter\CodeIgniter->runController(Object(App\Controllers\UploadController))
#2 C:\laragon\www\ihelpfrontend\vendor\codeigniter4\framework\system\CodeIgniter.php(336): CodeIgniter\CodeIgniter->handleRequest(NULL, Object(Config\Cache), false)
#3 C:\laragon\www\ihelpfrontend\public\index.php(37): CodeIgniter\CodeIgniter->run()
#4 {main}
CRITICAL - 2021-10-06 21:25:47 --> Call to undefined function App\Controllers\read_file()
#0 C:\laragon\www\ihelpfrontend\vendor\codeigniter4\framework\system\CodeIgniter.php(928): App\Controllers\UploadController->index()
#1 C:\laragon\www\ihelpfrontend\vendor\codeigniter4\framework\system\CodeIgniter.php(436): CodeIgniter\CodeIgniter->runController(Object(App\Controllers\UploadController))
#2 C:\laragon\www\ihelpfrontend\vendor\codeigniter4\framework\system\CodeIgniter.php(336): CodeIgniter\CodeIgniter->handleRequest(NULL, Object(Config\Cache), false)
#3 C:\laragon\www\ihelpfrontend\public\index.php(37): CodeIgniter\CodeIgniter->run()
#4 {main}
CRITICAL - 2021-10-06 21:26:57 --> Call to undefined function App\Controllers\read_file()
#0 C:\laragon\www\ihelpfrontend\vendor\codeigniter4\framework\system\CodeIgniter.php(928): App\Controllers\UploadController->index()
#1 C:\laragon\www\ihelpfrontend\vendor\codeigniter4\framework\system\CodeIgniter.php(436): CodeIgniter\CodeIgniter->runController(Object(App\Controllers\UploadController))
#2 C:\laragon\www\ihelpfrontend\vendor\codeigniter4\framework\system\CodeIgniter.php(336): CodeIgniter\CodeIgniter->handleRequest(NULL, Object(Config\Cache), false)
#3 C:\laragon\www\ihelpfrontend\public\index.php(37): CodeIgniter\CodeIgniter->run()
#4 {main}
CRITICAL - 2021-10-06 21:28:31 --> file_get_contents(1633390348_72dcd4c67e64293cf165.png): failed to open stream: No such file or directory
#0 [internal function]: CodeIgniter\Debug\Exceptions->errorHandler(2, 'file_get_conten...', 'C:\\laragon\\www\\...', 39, Array)
#1 C:\laragon\www\ihelpfrontend\app\Controllers\UploadController.php(39): file_get_contents('1633390348_72dc...')
#2 C:\laragon\www\ihelpfrontend\vendor\codeigniter4\framework\system\CodeIgniter.php(928): App\Controllers\UploadController->index()
#3 C:\laragon\www\ihelpfrontend\vendor\codeigniter4\framework\system\CodeIgniter.php(436): CodeIgniter\CodeIgniter->runController(Object(App\Controllers\UploadController))
#4 C:\laragon\www\ihelpfrontend\vendor\codeigniter4\framework\system\CodeIgniter.php(336): CodeIgniter\CodeIgniter->handleRequest(NULL, Object(Config\Cache), false)
#5 C:\laragon\www\ihelpfrontend\public\index.php(37): CodeIgniter\CodeIgniter->run()
#6 {main}
CRITICAL - 2021-10-06 21:29:03 --> Undefined variable: mime_type_or_return
#0 C:\laragon\www\ihelpfrontend\app\Controllers\UploadController.php(48): CodeIgniter\Debug\Exceptions->errorHandler(8, 'Undefined varia...', 'C:\\laragon\\www\\...', 48, Array)
#1 C:\laragon\www\ihelpfrontend\vendor\codeigniter4\framework\system\CodeIgniter.php(928): App\Controllers\UploadController->index()
#2 C:\laragon\www\ihelpfrontend\vendor\codeigniter4\framework\system\CodeIgniter.php(436): CodeIgniter\CodeIgniter->runController(Object(App\Controllers\UploadController))
#3 C:\laragon\www\ihelpfrontend\vendor\codeigniter4\framework\system\CodeIgniter.php(336): CodeIgniter\CodeIgniter->handleRequest(NULL, Object(Config\Cache), false)
#4 C:\laragon\www\ihelpfrontend\public\index.php(37): CodeIgniter\CodeIgniter->run()
#5 {main}
CRITICAL - 2021-10-06 21:29:46 --> Undefined variable: mime_type_or_return
#0 C:\laragon\www\ihelpfrontend\app\Controllers\UploadController.php(50): CodeIgniter\Debug\Exceptions->errorHandler(8, 'Undefined varia...', 'C:\\laragon\\www\\...', 50, Array)
#1 C:\laragon\www\ihelpfrontend\vendor\codeigniter4\framework\system\CodeIgniter.php(928): App\Controllers\UploadController->index()
#2 C:\laragon\www\ihelpfrontend\vendor\codeigniter4\framework\system\CodeIgniter.php(436): CodeIgniter\CodeIgniter->runController(Object(App\Controllers\UploadController))
#3 C:\laragon\www\ihelpfrontend\vendor\codeigniter4\framework\system\CodeIgniter.php(336): CodeIgniter\CodeIgniter->handleRequest(NULL, Object(Config\Cache), false)
#4 C:\laragon\www\ihelpfrontend\public\index.php(37): CodeIgniter\CodeIgniter->run()
#5 {main}
CRITICAL - 2021-10-06 21:31:24 --> Undefined variable: mime_type_or_return
#0 C:\laragon\www\ihelpfrontend\app\Controllers\UploadController.php(48): CodeIgniter\Debug\Exceptions->errorHandler(8, 'Undefined varia...', 'C:\\laragon\\www\\...', 48, Array)
#1 C:\laragon\www\ihelpfrontend\vendor\codeigniter4\framework\system\CodeIgniter.php(928): App\Controllers\UploadController->index()
#2 C:\laragon\www\ihelpfrontend\vendor\codeigniter4\framework\system\CodeIgniter.php(436): CodeIgniter\CodeIgniter->runController(Object(App\Controllers\UploadController))
#3 C:\laragon\www\ihelpfrontend\vendor\codeigniter4\framework\system\CodeIgniter.php(336): CodeIgniter\CodeIgniter->handleRequest(NULL, Object(Config\Cache), false)
#4 C:\laragon\www\ihelpfrontend\public\index.php(37): CodeIgniter\CodeIgniter->run()
#5 {main}
CRITICAL - 2021-10-06 21:34:23 --> Call to undefined function App\Controllers\get_mime_by_extension()
#0 C:\laragon\www\ihelpfrontend\vendor\codeigniter4\framework\system\CodeIgniter.php(928): App\Controllers\UploadController->index()
#1 C:\laragon\www\ihelpfrontend\vendor\codeigniter4\framework\system\CodeIgniter.php(436): CodeIgniter\CodeIgniter->runController(Object(App\Controllers\UploadController))
#2 C:\laragon\www\ihelpfrontend\vendor\codeigniter4\framework\system\CodeIgniter.php(336): CodeIgniter\CodeIgniter->handleRequest(NULL, Object(Config\Cache), false)
#3 C:\laragon\www\ihelpfrontend\public\index.php(37): CodeIgniter\CodeIgniter->run()
#4 {main}
