ERROR - 2021-10-16 18:36:38 --> Email: sendWithSmtp throwed fsockopen(): unable to connect to ssl://smtp.cowellcommercial.com:587 (No connection could be made because the target machine actively refused it.
)
ERROR - 2021-10-16 18:39:04 --> Email: sendWithSmtp throwed fsockopen(): unable to connect to ssl://smtp.cowellcommercial.com:587 (No connection could be made because the target machine actively refused it.
)
ERROR - 2021-10-16 18:40:15 --> Email: sendWithSmtp throwed fsockopen(): unable to connect to ssl://smtp.cowellcommercial.com:587 (No connection could be made because the target machine actively refused it.
)
CRITICAL - 2021-10-16 18:47:29 --> Call to undefined method CodeIgniter\Email\Email::set_newline()
#0 C:\laragon\www\ihelpfrontend\vendor\codeigniter4\framework\system\CodeIgniter.php(928): App\Controllers\Permissionrequest->sendEmail('', 'isparthama@gmai...', 'test send email', '<html>content e...')
#1 C:\laragon\www\ihelpfrontend\vendor\codeigniter4\framework\system\CodeIgniter.php(436): CodeIgniter\CodeIgniter->runController(Object(App\Controllers\Permissionrequest))
#2 C:\laragon\www\ihelpfrontend\vendor\codeigniter4\framework\system\CodeIgniter.php(336): CodeIgniter\CodeIgniter->handleRequest(NULL, Object(Config\Cache), false)
#3 C:\laragon\www\ihelpfrontend\public\index.php(37): CodeIgniter\CodeIgniter->run()
#4 {main}
ERROR - 2021-10-16 18:48:35 --> Email: sendWithSmtp throwed fsockopen(): unable to connect to ssl://mail.cowellcommercial.com:587 (No connection could be made because the target machine actively refused it.
)
ERROR - 2021-10-16 19:01:58 --> Email: sendWithSmtp throwed fsockopen() expects parameter 5 to be float, string given
ERROR - 2021-10-16 19:02:20 --> Email: sendWithSmtp throwed fsockopen() expects parameter 5 to be float, string given
CRITICAL - 2021-10-16 19:04:34 --> Undefined property: App\Controllers\Permissionrequest::$load
#0 C:\laragon\www\ihelpfrontend\app\Controllers\Permissionrequest.php(231): CodeIgniter\Debug\Exceptions->errorHandler(8, 'Undefined prope...', 'C:\\laragon\\www\\...', 231, Array)
#1 C:\laragon\www\ihelpfrontend\vendor\codeigniter4\framework\system\CodeIgniter.php(928): App\Controllers\Permissionrequest->sendtogmail()
#2 C:\laragon\www\ihelpfrontend\vendor\codeigniter4\framework\system\CodeIgniter.php(436): CodeIgniter\CodeIgniter->runController(Object(App\Controllers\Permissionrequest))
#3 C:\laragon\www\ihelpfrontend\vendor\codeigniter4\framework\system\CodeIgniter.php(336): CodeIgniter\CodeIgniter->handleRequest(NULL, Object(Config\Cache), false)
#4 C:\laragon\www\ihelpfrontend\public\index.php(37): CodeIgniter\CodeIgniter->run()
#5 {main}
CRITICAL - 2021-10-16 19:05:11 --> Undefined property: App\Controllers\Permissionrequest::$load
#0 C:\laragon\www\ihelpfrontend\app\Controllers\Permissionrequest.php(232): CodeIgniter\Debug\Exceptions->errorHandler(8, 'Undefined prope...', 'C:\\laragon\\www\\...', 232, Array)
#1 C:\laragon\www\ihelpfrontend\vendor\codeigniter4\framework\system\CodeIgniter.php(928): App\Controllers\Permissionrequest->sendtogmail()
#2 C:\laragon\www\ihelpfrontend\vendor\codeigniter4\framework\system\CodeIgniter.php(436): CodeIgniter\CodeIgniter->runController(Object(App\Controllers\Permissionrequest))
#3 C:\laragon\www\ihelpfrontend\vendor\codeigniter4\framework\system\CodeIgniter.php(336): CodeIgniter\CodeIgniter->handleRequest(NULL, Object(Config\Cache), false)
#4 C:\laragon\www\ihelpfrontend\public\index.php(37): CodeIgniter\CodeIgniter->run()
#5 {main}
CRITICAL - 2021-10-16 19:05:43 --> Call to undefined method CodeIgniter\Email\Email::set_newline()
#0 C:\laragon\www\ihelpfrontend\vendor\codeigniter4\framework\system\CodeIgniter.php(928): App\Controllers\Permissionrequest->sendtogmail()
#1 C:\laragon\www\ihelpfrontend\vendor\codeigniter4\framework\system\CodeIgniter.php(436): CodeIgniter\CodeIgniter->runController(Object(App\Controllers\Permissionrequest))
#2 C:\laragon\www\ihelpfrontend\vendor\codeigniter4\framework\system\CodeIgniter.php(336): CodeIgniter\CodeIgniter->handleRequest(NULL, Object(Config\Cache), false)
#3 C:\laragon\www\ihelpfrontend\public\index.php(37): CodeIgniter\CodeIgniter->run()
#4 {main}
CRITICAL - 2021-10-16 19:05:53 --> Undefined property: App\Controllers\Permissionrequest::$input
#0 C:\laragon\www\ihelpfrontend\app\Controllers\Permissionrequest.php(249): CodeIgniter\Debug\Exceptions->errorHandler(8, 'Undefined prope...', 'C:\\laragon\\www\\...', 249, Array)
#1 C:\laragon\www\ihelpfrontend\vendor\codeigniter4\framework\system\CodeIgniter.php(928): App\Controllers\Permissionrequest->sendtogmail()
#2 C:\laragon\www\ihelpfrontend\vendor\codeigniter4\framework\system\CodeIgniter.php(436): CodeIgniter\CodeIgniter->runController(Object(App\Controllers\Permissionrequest))
#3 C:\laragon\www\ihelpfrontend\vendor\codeigniter4\framework\system\CodeIgniter.php(336): CodeIgniter\CodeIgniter->handleRequest(NULL, Object(Config\Cache), false)
#4 C:\laragon\www\ihelpfrontend\public\index.php(37): CodeIgniter\CodeIgniter->run()
#5 {main}
CRITICAL - 2021-10-16 19:06:53 --> Call to undefined method CodeIgniter\Email\Email::from()
#0 C:\laragon\www\ihelpfrontend\vendor\codeigniter4\framework\system\CodeIgniter.php(928): App\Controllers\Permissionrequest->sendtogmail()
#1 C:\laragon\www\ihelpfrontend\vendor\codeigniter4\framework\system\CodeIgniter.php(436): CodeIgniter\CodeIgniter->runController(Object(App\Controllers\Permissionrequest))
#2 C:\laragon\www\ihelpfrontend\vendor\codeigniter4\framework\system\CodeIgniter.php(336): CodeIgniter\CodeIgniter->handleRequest(NULL, Object(Config\Cache), false)
#3 C:\laragon\www\ihelpfrontend\public\index.php(37): CodeIgniter\CodeIgniter->run()
#4 {main}
CRITICAL - 2021-10-16 19:07:34 --> Call to undefined method CodeIgniter\Email\Email::print_debugger()
#0 C:\laragon\www\ihelpfrontend\vendor\codeigniter4\framework\system\CodeIgniter.php(928): App\Controllers\Permissionrequest->sendtogmail()
#1 C:\laragon\www\ihelpfrontend\vendor\codeigniter4\framework\system\CodeIgniter.php(436): CodeIgniter\CodeIgniter->runController(Object(App\Controllers\Permissionrequest))
#2 C:\laragon\www\ihelpfrontend\vendor\codeigniter4\framework\system\CodeIgniter.php(336): CodeIgniter\CodeIgniter->handleRequest(NULL, Object(Config\Cache), false)
#3 C:\laragon\www\ihelpfrontend\public\index.php(37): CodeIgniter\CodeIgniter->run()
#4 {main}
ERROR - 2021-10-16 19:10:27 --> Email: sendWithSmtp throwed fsockopen() expects parameter 5 to be float, string given
ERROR - 2021-10-16 19:15:36 --> Email: sendWithSmtp throwed fsockopen() expects parameter 5 to be float, string given
CRITICAL - 2021-10-16 19:16:49 --> Too few arguments to function App\Controllers\Permissionrequest::sendEmail(), 0 passed in C:\laragon\www\ihelpfrontend\vendor\codeigniter4\framework\system\CodeIgniter.php on line 928 and exactly 4 expected
#0 C:\laragon\www\ihelpfrontend\vendor\codeigniter4\framework\system\CodeIgniter.php(928): App\Controllers\Permissionrequest->sendEmail()
#1 C:\laragon\www\ihelpfrontend\vendor\codeigniter4\framework\system\CodeIgniter.php(436): CodeIgniter\CodeIgniter->runController(Object(App\Controllers\Permissionrequest))
#2 C:\laragon\www\ihelpfrontend\vendor\codeigniter4\framework\system\CodeIgniter.php(336): CodeIgniter\CodeIgniter->handleRequest(NULL, Object(Config\Cache), false)
#3 C:\laragon\www\ihelpfrontend\public\index.php(37): CodeIgniter\CodeIgniter->run()
#4 {main}
ERROR - 2021-10-16 19:17:22 --> Email: sendWithSmtp throwed fsockopen(): unable to connect to smtp.cowellcommercial.com:587 (No connection could be made because the target machine actively refused it.
)
CRITICAL - 2021-10-16 19:21:27 --> Undefined property: App\Controllers\Permissionrequest::$session
#0 C:\laragon\www\ihelpfrontend\app\Controllers\Permissionrequest.php(259): CodeIgniter\Debug\Exceptions->errorHandler(8, 'Undefined prope...', 'C:\\laragon\\www\\...', 259, Array)
#1 C:\laragon\www\ihelpfrontend\vendor\codeigniter4\framework\system\CodeIgniter.php(928): App\Controllers\Permissionrequest->sendtogmail()
#2 C:\laragon\www\ihelpfrontend\vendor\codeigniter4\framework\system\CodeIgniter.php(436): CodeIgniter\CodeIgniter->runController(Object(App\Controllers\Permissionrequest))
#3 C:\laragon\www\ihelpfrontend\vendor\codeigniter4\framework\system\CodeIgniter.php(336): CodeIgniter\CodeIgniter->handleRequest(NULL, Object(Config\Cache), false)
#4 C:\laragon\www\ihelpfrontend\public\index.php(37): CodeIgniter\CodeIgniter->run()
#5 {main}
