CRITICAL - 2021-10-13 07:53:04 --> syntax error, unexpected end of file
#0 C:\laragon\www\ihelpfrontend\vendor\codeigniter4\framework\system\View\View.php(232): CodeIgniter\View\View->CodeIgniter\View\{closure}()
#1 C:\laragon\www\ihelpfrontend\vendor\codeigniter4\framework\system\Common.php(1271): CodeIgniter\View\View->render('formpermissionr...', Array, true)
#2 C:\laragon\www\ihelpfrontend\app\Controllers\Cetak.php(51): view('formpermissionr...', Array)
#3 C:\laragon\www\ihelpfrontend\vendor\codeigniter4\framework\system\CodeIgniter.php(928): App\Controllers\Cetak->permissionrequest('93')
#4 C:\laragon\www\ihelpfrontend\vendor\codeigniter4\framework\system\CodeIgniter.php(436): CodeIgniter\CodeIgniter->runController(Object(App\Controllers\Cetak))
#5 C:\laragon\www\ihelpfrontend\vendor\codeigniter4\framework\system\CodeIgniter.php(336): CodeIgniter\CodeIgniter->handleRequest(NULL, Object(Config\Cache), false)
#6 C:\laragon\www\ihelpfrontend\public\index.php(37): CodeIgniter\CodeIgniter->run()
#7 {main}
CRITICAL - 2021-10-13 07:53:20 --> Invalid argument supplied for foreach()
#0 C:\laragon\www\ihelpfrontend\app\Views\formpermissionrequest.php(73): CodeIgniter\Debug\Exceptions->errorHandler(2, 'Invalid argumen...', 'C:\\laragon\\www\\...', 73, Array)
#1 C:\laragon\www\ihelpfrontend\vendor\codeigniter4\framework\system\View\View.php(230): include('C:\\laragon\\www\\...')
#2 C:\laragon\www\ihelpfrontend\vendor\codeigniter4\framework\system\View\View.php(232): CodeIgniter\View\View->CodeIgniter\View\{closure}()
#3 C:\laragon\www\ihelpfrontend\vendor\codeigniter4\framework\system\Common.php(1271): CodeIgniter\View\View->render('formpermissionr...', Array, true)
#4 C:\laragon\www\ihelpfrontend\app\Controllers\Cetak.php(51): view('formpermissionr...', Array)
#5 C:\laragon\www\ihelpfrontend\vendor\codeigniter4\framework\system\CodeIgniter.php(928): App\Controllers\Cetak->permissionrequest('93')
#6 C:\laragon\www\ihelpfrontend\vendor\codeigniter4\framework\system\CodeIgniter.php(436): CodeIgniter\CodeIgniter->runController(Object(App\Controllers\Cetak))
#7 C:\laragon\www\ihelpfrontend\vendor\codeigniter4\framework\system\CodeIgniter.php(336): CodeIgniter\CodeIgniter->handleRequest(NULL, Object(Config\Cache), false)
#8 C:\laragon\www\ihelpfrontend\public\index.php(37): CodeIgniter\CodeIgniter->run()
#9 {main}
CRITICAL - 2021-10-13 07:53:59 --> Invalid argument supplied for foreach()
#0 C:\laragon\www\ihelpfrontend\app\Views\formpermissionrequest.php(75): CodeIgniter\Debug\Exceptions->errorHandler(2, 'Invalid argumen...', 'C:\\laragon\\www\\...', 75, Array)
#1 C:\laragon\www\ihelpfrontend\vendor\codeigniter4\framework\system\View\View.php(230): include('C:\\laragon\\www\\...')
#2 C:\laragon\www\ihelpfrontend\vendor\codeigniter4\framework\system\View\View.php(232): CodeIgniter\View\View->CodeIgniter\View\{closure}()
#3 C:\laragon\www\ihelpfrontend\vendor\codeigniter4\framework\system\Common.php(1271): CodeIgniter\View\View->render('formpermissionr...', Array, true)
#4 C:\laragon\www\ihelpfrontend\app\Controllers\Cetak.php(51): view('formpermissionr...', Array)
#5 C:\laragon\www\ihelpfrontend\vendor\codeigniter4\framework\system\CodeIgniter.php(928): App\Controllers\Cetak->permissionrequest('93')
#6 C:\laragon\www\ihelpfrontend\vendor\codeigniter4\framework\system\CodeIgniter.php(436): CodeIgniter\CodeIgniter->runController(Object(App\Controllers\Cetak))
#7 C:\laragon\www\ihelpfrontend\vendor\codeigniter4\framework\system\CodeIgniter.php(336): CodeIgniter\CodeIgniter->handleRequest(NULL, Object(Config\Cache), false)
#8 C:\laragon\www\ihelpfrontend\public\index.php(37): CodeIgniter\CodeIgniter->run()
#9 {main}
CRITICAL - 2021-10-13 08:08:15 --> Undefined variable: json_kontraktor
#0 C:\laragon\www\ihelpfrontend\app\Views\formpermissionrequest.php(44): CodeIgniter\Debug\Exceptions->errorHandler(8, 'Undefined varia...', 'C:\\laragon\\www\\...', 44, Array)
#1 C:\laragon\www\ihelpfrontend\vendor\codeigniter4\framework\system\View\View.php(230): include('C:\\laragon\\www\\...')
#2 C:\laragon\www\ihelpfrontend\vendor\codeigniter4\framework\system\View\View.php(232): CodeIgniter\View\View->CodeIgniter\View\{closure}()
#3 C:\laragon\www\ihelpfrontend\vendor\codeigniter4\framework\system\Common.php(1271): CodeIgniter\View\View->render('formpermissionr...', Array, true)
#4 C:\laragon\www\ihelpfrontend\app\Controllers\Cetak.php(51): view('formpermissionr...', Array)
#5 C:\laragon\www\ihelpfrontend\vendor\codeigniter4\framework\system\CodeIgniter.php(928): App\Controllers\Cetak->permissionrequest('93')
#6 C:\laragon\www\ihelpfrontend\vendor\codeigniter4\framework\system\CodeIgniter.php(436): CodeIgniter\CodeIgniter->runController(Object(App\Controllers\Cetak))
#7 C:\laragon\www\ihelpfrontend\vendor\codeigniter4\framework\system\CodeIgniter.php(336): CodeIgniter\CodeIgniter->handleRequest(NULL, Object(Config\Cache), false)
#8 C:\laragon\www\ihelpfrontend\public\index.php(37): CodeIgniter\CodeIgniter->run()
#9 {main}
ERROR - 2021-10-13 08:11:48 --> Error connecting to the database: . 
Login timeout expired
A network-related or instance-specific error has occurred while establishing a connection to SQL Server. Server is not found or not accessible. Check if instance name is correct and if SQL Server is configured to allow remote connections. For more information see SQL Server Books Online.
CRITICAL - 2021-10-13 08:11:48 --> Unable to connect to the database.
Main connection [SQLSRV]: . 
Login timeout expired
A network-related or instance-specific error has occurred while establishing a connection to SQL Server. Server is not found or not accessible. Check if instance name is correct and if SQL Server is configured to allow remote connections. For more information see SQL Server Books Online.
#0 C:\laragon\www\ihelpfrontend\vendor\codeigniter4\framework\system\Database\BaseConnection.php(625): CodeIgniter\Database\BaseConnection->initialize()
#1 C:\laragon\www\ihelpfrontend\app\Models\M_suratjalanModel.php(24): CodeIgniter\Database\BaseConnection->query('exec [dbo].[m_s...')
#2 C:\laragon\www\ihelpfrontend\app\Controllers\Cetak.php(39): App\Models\M_suratjalanModel->get('93')
#3 C:\laragon\www\ihelpfrontend\vendor\codeigniter4\framework\system\CodeIgniter.php(928): App\Controllers\Cetak->permissionrequest('93')
#4 C:\laragon\www\ihelpfrontend\vendor\codeigniter4\framework\system\CodeIgniter.php(436): CodeIgniter\CodeIgniter->runController(Object(App\Controllers\Cetak))
#5 C:\laragon\www\ihelpfrontend\vendor\codeigniter4\framework\system\CodeIgniter.php(336): CodeIgniter\CodeIgniter->handleRequest(NULL, Object(Config\Cache), false)
#6 C:\laragon\www\ihelpfrontend\public\index.php(37): CodeIgniter\CodeIgniter->run()
#7 {main}
ERROR - 2021-10-13 08:18:21 --> Error connecting to the database: . 
Login timeout expired
Unable to complete login process due to delay in prelogin response
CRITICAL - 2021-10-13 08:18:21 --> Unable to connect to the database.
Main connection [SQLSRV]: . 
Login timeout expired
Unable to complete login process due to delay in prelogin response
#0 C:\laragon\www\ihelpfrontend\vendor\codeigniter4\framework\system\Database\BaseConnection.php(625): CodeIgniter\Database\BaseConnection->initialize()
#1 C:\laragon\www\ihelpfrontend\app\Models\M_suratjalanModel.php(24): CodeIgniter\Database\BaseConnection->query('exec [dbo].[m_s...')
#2 C:\laragon\www\ihelpfrontend\app\Controllers\Cetak.php(39): App\Models\M_suratjalanModel->get('93')
#3 C:\laragon\www\ihelpfrontend\vendor\codeigniter4\framework\system\CodeIgniter.php(928): App\Controllers\Cetak->permissionrequest('93')
#4 C:\laragon\www\ihelpfrontend\vendor\codeigniter4\framework\system\CodeIgniter.php(436): CodeIgniter\CodeIgniter->runController(Object(App\Controllers\Cetak))
#5 C:\laragon\www\ihelpfrontend\vendor\codeigniter4\framework\system\CodeIgniter.php(336): CodeIgniter\CodeIgniter->handleRequest(NULL, Object(Config\Cache), false)
#6 C:\laragon\www\ihelpfrontend\public\index.php(37): CodeIgniter\CodeIgniter->run()
#7 {main}
CRITICAL - 2021-10-13 08:49:38 --> Undefined property: stdClass::$keterangan
#0 C:\laragon\www\ihelpfrontend\app\Controllers\Cetak.php(46): CodeIgniter\Debug\Exceptions->errorHandler(8, 'Undefined prope...', 'C:\\laragon\\www\\...', 46, Array)
#1 C:\laragon\www\ihelpfrontend\vendor\codeigniter4\framework\system\CodeIgniter.php(928): App\Controllers\Cetak->permissionrequest('93')
#2 C:\laragon\www\ihelpfrontend\vendor\codeigniter4\framework\system\CodeIgniter.php(436): CodeIgniter\CodeIgniter->runController(Object(App\Controllers\Cetak))
#3 C:\laragon\www\ihelpfrontend\vendor\codeigniter4\framework\system\CodeIgniter.php(336): CodeIgniter\CodeIgniter->handleRequest(NULL, Object(Config\Cache), false)
#4 C:\laragon\www\ihelpfrontend\public\index.php(37): CodeIgniter\CodeIgniter->run()
#5 {main}
CRITICAL - 2021-10-13 08:52:52 --> Undefined variable: multitimes
#0 C:\laragon\www\ihelpfrontend\app\Views\formpermissionrequest.php(146): CodeIgniter\Debug\Exceptions->errorHandler(8, 'Undefined varia...', 'C:\\laragon\\www\\...', 146, Array)
#1 C:\laragon\www\ihelpfrontend\vendor\codeigniter4\framework\system\View\View.php(230): include('C:\\laragon\\www\\...')
#2 C:\laragon\www\ihelpfrontend\vendor\codeigniter4\framework\system\View\View.php(232): CodeIgniter\View\View->CodeIgniter\View\{closure}()
#3 C:\laragon\www\ihelpfrontend\vendor\codeigniter4\framework\system\Common.php(1271): CodeIgniter\View\View->render('formpermissionr...', Array, true)
#4 C:\laragon\www\ihelpfrontend\app\Controllers\Cetak.php(58): view('formpermissionr...', Array)
#5 C:\laragon\www\ihelpfrontend\vendor\codeigniter4\framework\system\CodeIgniter.php(928): App\Controllers\Cetak->permissionrequest('93')
#6 C:\laragon\www\ihelpfrontend\vendor\codeigniter4\framework\system\CodeIgniter.php(436): CodeIgniter\CodeIgniter->runController(Object(App\Controllers\Cetak))
#7 C:\laragon\www\ihelpfrontend\vendor\codeigniter4\framework\system\CodeIgniter.php(336): CodeIgniter\CodeIgniter->handleRequest(NULL, Object(Config\Cache), false)
#8 C:\laragon\www\ihelpfrontend\public\index.php(37): CodeIgniter\CodeIgniter->run()
#9 {main}
CRITICAL - 2021-10-13 08:53:09 --> Trying to get property 'from_time' of non-object
#0 C:\laragon\www\ihelpfrontend\app\Views\formpermissionrequest.php(147): CodeIgniter\Debug\Exceptions->errorHandler(8, 'Trying to get p...', 'C:\\laragon\\www\\...', 147, Array)
#1 C:\laragon\www\ihelpfrontend\vendor\codeigniter4\framework\system\View\View.php(230): include('C:\\laragon\\www\\...')
#2 C:\laragon\www\ihelpfrontend\vendor\codeigniter4\framework\system\View\View.php(232): CodeIgniter\View\View->CodeIgniter\View\{closure}()
#3 C:\laragon\www\ihelpfrontend\vendor\codeigniter4\framework\system\Common.php(1271): CodeIgniter\View\View->render('formpermissionr...', Array, true)
#4 C:\laragon\www\ihelpfrontend\app\Controllers\Cetak.php(58): view('formpermissionr...', Array)
#5 C:\laragon\www\ihelpfrontend\vendor\codeigniter4\framework\system\CodeIgniter.php(928): App\Controllers\Cetak->permissionrequest('93')
#6 C:\laragon\www\ihelpfrontend\vendor\codeigniter4\framework\system\CodeIgniter.php(436): CodeIgniter\CodeIgniter->runController(Object(App\Controllers\Cetak))
#7 C:\laragon\www\ihelpfrontend\vendor\codeigniter4\framework\system\CodeIgniter.php(336): CodeIgniter\CodeIgniter->handleRequest(NULL, Object(Config\Cache), false)
#8 C:\laragon\www\ihelpfrontend\public\index.php(37): CodeIgniter\CodeIgniter->run()
#9 {main}
CRITICAL - 2021-10-13 09:42:03 --> Undefined property: stdClass::$show_multipledate
#0 C:\laragon\www\ihelpfrontend\app\Views\formpermissionrequest.php(150): CodeIgniter\Debug\Exceptions->errorHandler(8, 'Undefined prope...', 'C:\\laragon\\www\\...', 150, Array)
#1 C:\laragon\www\ihelpfrontend\vendor\codeigniter4\framework\system\View\View.php(230): include('C:\\laragon\\www\\...')
#2 C:\laragon\www\ihelpfrontend\vendor\codeigniter4\framework\system\View\View.php(232): CodeIgniter\View\View->CodeIgniter\View\{closure}()
#3 C:\laragon\www\ihelpfrontend\vendor\codeigniter4\framework\system\Common.php(1271): CodeIgniter\View\View->render('formpermissionr...', Array, true)
#4 C:\laragon\www\ihelpfrontend\app\Controllers\Cetak.php(58): view('formpermissionr...', Array)
#5 C:\laragon\www\ihelpfrontend\vendor\codeigniter4\framework\system\CodeIgniter.php(928): App\Controllers\Cetak->permissionrequest('93')
#6 C:\laragon\www\ihelpfrontend\vendor\codeigniter4\framework\system\CodeIgniter.php(436): CodeIgniter\CodeIgniter->runController(Object(App\Controllers\Cetak))
#7 C:\laragon\www\ihelpfrontend\vendor\codeigniter4\framework\system\CodeIgniter.php(336): CodeIgniter\CodeIgniter->handleRequest(NULL, Object(Config\Cache), false)
#8 C:\laragon\www\ihelpfrontend\public\index.php(37): CodeIgniter\CodeIgniter->run()
#9 {main}
CRITICAL - 2021-10-13 19:44:58 --> Too few arguments to function App\Controllers\Permissionrequest::sendEmail(), 3 passed in C:\laragon\www\ihelpfrontend\vendor\codeigniter4\framework\system\CodeIgniter.php on line 928 and exactly 4 expected
#0 C:\laragon\www\ihelpfrontend\vendor\codeigniter4\framework\system\CodeIgniter.php(928): App\Controllers\Permissionrequest->sendEmail('isparthama@gmai...', 'test email', 'testemail')
#1 C:\laragon\www\ihelpfrontend\vendor\codeigniter4\framework\system\CodeIgniter.php(436): CodeIgniter\CodeIgniter->runController(Object(App\Controllers\Permissionrequest))
#2 C:\laragon\www\ihelpfrontend\vendor\codeigniter4\framework\system\CodeIgniter.php(336): CodeIgniter\CodeIgniter->handleRequest(NULL, Object(Config\Cache), false)
#3 C:\laragon\www\ihelpfrontend\public\index.php(37): CodeIgniter\CodeIgniter->run()
#4 {main}
CRITICAL - 2021-10-13 19:45:15 --> Undefined property: App\Controllers\Permissionrequest::$email
#0 C:\laragon\www\ihelpfrontend\app\Controllers\Permissionrequest.php(187): CodeIgniter\Debug\Exceptions->errorHandler(8, 'Undefined prope...', 'C:\\laragon\\www\\...', 187, Array)
#1 C:\laragon\www\ihelpfrontend\vendor\codeigniter4\framework\system\CodeIgniter.php(928): App\Controllers\Permissionrequest->sendEmail('attacment', 'isparthama@gmai...', 'test email', 'testemail')
#2 C:\laragon\www\ihelpfrontend\vendor\codeigniter4\framework\system\CodeIgniter.php(436): CodeIgniter\CodeIgniter->runController(Object(App\Controllers\Permissionrequest))
#3 C:\laragon\www\ihelpfrontend\vendor\codeigniter4\framework\system\CodeIgniter.php(336): CodeIgniter\CodeIgniter->handleRequest(NULL, Object(Config\Cache), false)
#4 C:\laragon\www\ihelpfrontend\public\index.php(37): CodeIgniter\CodeIgniter->run()
#5 {main}
CRITICAL - 2021-10-13 19:48:59 --> Undefined property: App\Controllers\Permissionrequest::$email
#0 C:\laragon\www\ihelpfrontend\app\Controllers\Permissionrequest.php(188): CodeIgniter\Debug\Exceptions->errorHandler(8, 'Undefined prope...', 'C:\\laragon\\www\\...', 188, Array)
#1 C:\laragon\www\ihelpfrontend\vendor\codeigniter4\framework\system\CodeIgniter.php(928): App\Controllers\Permissionrequest->sendEmail('attacment', 'isparthama@gmai...', 'test email', 'testemail')
#2 C:\laragon\www\ihelpfrontend\vendor\codeigniter4\framework\system\CodeIgniter.php(436): CodeIgniter\CodeIgniter->runController(Object(App\Controllers\Permissionrequest))
#3 C:\laragon\www\ihelpfrontend\vendor\codeigniter4\framework\system\CodeIgniter.php(336): CodeIgniter\CodeIgniter->handleRequest(NULL, Object(Config\Cache), false)
#4 C:\laragon\www\ihelpfrontend\public\index.php(37): CodeIgniter\CodeIgniter->run()
#5 {main}
CRITICAL - 2021-10-13 21:15:02 --> Call to undefined method CodeIgniter\Email\Email::print_debugger()
#0 C:\laragon\www\ihelpfrontend\vendor\codeigniter4\framework\system\CodeIgniter.php(928): App\Controllers\Permissionrequest->sendEmail('attacment', 'isparthama@gmai...', 'test email', 'testemail')
#1 C:\laragon\www\ihelpfrontend\vendor\codeigniter4\framework\system\CodeIgniter.php(436): CodeIgniter\CodeIgniter->runController(Object(App\Controllers\Permissionrequest))
#2 C:\laragon\www\ihelpfrontend\vendor\codeigniter4\framework\system\CodeIgniter.php(336): CodeIgniter\CodeIgniter->handleRequest(NULL, Object(Config\Cache), false)
#3 C:\laragon\www\ihelpfrontend\public\index.php(37): CodeIgniter\CodeIgniter->run()
#4 {main}
