ERROR - 2021-09-19 01:11:30 --> [Microsoft][ODBC Driver 17 for SQL Server][SQL Server]Incorrect syntax near the keyword 'order'.
CRITICAL - 2021-09-19 01:11:30 --> [Microsoft][ODBC Driver 17 for SQL Server][SQL Server]Incorrect syntax near the keyword 'order'.
#0 C:\laragon\www\penyaluranapp\vendor\codeigniter4\framework\system\Database\BaseConnection.php(732): CodeIgniter\Database\SQLSRV\Connection->execute('select distinct...')
#1 C:\laragon\www\penyaluranapp\vendor\codeigniter4\framework\system\Database\BaseConnection.php(647): CodeIgniter\Database\BaseConnection->simpleQuery('select distinct...')
#2 C:\laragon\www\penyaluranapp\app\Models\Dtks_pfm_model.php(54): CodeIgniter\Database\BaseConnection->query('select distinct...')
#3 C:\laragon\www\penyaluranapp\app\Controllers\Dtks_pfm.php(35): App\Models\Dtks_pfm_model->getkelurahan('18', '6', '')
#4 C:\laragon\www\penyaluranapp\vendor\codeigniter4\framework\system\CodeIgniter.php(928): App\Controllers\Dtks_pfm->getkelurahan()
#5 C:\laragon\www\penyaluranapp\vendor\codeigniter4\framework\system\CodeIgniter.php(436): CodeIgniter\CodeIgniter->runController(Object(App\Controllers\Dtks_pfm))
#6 C:\laragon\www\penyaluranapp\vendor\codeigniter4\framework\system\CodeIgniter.php(336): CodeIgniter\CodeIgniter->handleRequest(NULL, Object(Config\Cache), false)
#7 C:\laragon\www\penyaluranapp\public\index.php(37): CodeIgniter\CodeIgniter->run()
#8 {main}
ERROR - 2021-09-19 01:11:36 --> [Microsoft][ODBC Driver 17 for SQL Server][SQL Server]Incorrect syntax near the keyword 'order'.
CRITICAL - 2021-09-19 01:11:36 --> [Microsoft][ODBC Driver 17 for SQL Server][SQL Server]Incorrect syntax near the keyword 'order'.
#0 C:\laragon\www\penyaluranapp\vendor\codeigniter4\framework\system\Database\BaseConnection.php(732): CodeIgniter\Database\SQLSRV\Connection->execute('select distinct...')
#1 C:\laragon\www\penyaluranapp\vendor\codeigniter4\framework\system\Database\BaseConnection.php(647): CodeIgniter\Database\BaseConnection->simpleQuery('select distinct...')
#2 C:\laragon\www\penyaluranapp\app\Models\Dtks_pfm_model.php(43): CodeIgniter\Database\BaseConnection->query('select distinct...')
#3 C:\laragon\www\penyaluranapp\app\Controllers\Dtks_pfm.php(26): App\Models\Dtks_pfm_model->getkecamatan('18', '')
#4 C:\laragon\www\penyaluranapp\vendor\codeigniter4\framework\system\CodeIgniter.php(928): App\Controllers\Dtks_pfm->getkecamatan()
#5 C:\laragon\www\penyaluranapp\vendor\codeigniter4\framework\system\CodeIgniter.php(436): CodeIgniter\CodeIgniter->runController(Object(App\Controllers\Dtks_pfm))
#6 C:\laragon\www\penyaluranapp\vendor\codeigniter4\framework\system\CodeIgniter.php(336): CodeIgniter\CodeIgniter->handleRequest(NULL, Object(Config\Cache), false)
#7 C:\laragon\www\penyaluranapp\public\index.php(37): CodeIgniter\CodeIgniter->run()
#8 {main}
ERROR - 2021-09-19 01:11:38 --> [Microsoft][ODBC Driver 17 for SQL Server][SQL Server]Incorrect syntax near the keyword 'order'.
CRITICAL - 2021-09-19 01:11:38 --> [Microsoft][ODBC Driver 17 for SQL Server][SQL Server]Incorrect syntax near the keyword 'order'.
#0 C:\laragon\www\penyaluranapp\vendor\codeigniter4\framework\system\Database\BaseConnection.php(732): CodeIgniter\Database\SQLSRV\Connection->execute('select distinct...')
#1 C:\laragon\www\penyaluranapp\vendor\codeigniter4\framework\system\Database\BaseConnection.php(647): CodeIgniter\Database\BaseConnection->simpleQuery('select distinct...')
#2 C:\laragon\www\penyaluranapp\app\Models\Dtks_pfm_model.php(32): CodeIgniter\Database\BaseConnection->query('select distinct...')
#3 C:\laragon\www\penyaluranapp\app\Controllers\Dtks_pfm.php(18): App\Models\Dtks_pfm_model->getkabupaten('')
#4 C:\laragon\www\penyaluranapp\vendor\codeigniter4\framework\system\CodeIgniter.php(928): App\Controllers\Dtks_pfm->getkabupaten()
#5 C:\laragon\www\penyaluranapp\vendor\codeigniter4\framework\system\CodeIgniter.php(436): CodeIgniter\CodeIgniter->runController(Object(App\Controllers\Dtks_pfm))
#6 C:\laragon\www\penyaluranapp\vendor\codeigniter4\framework\system\CodeIgniter.php(336): CodeIgniter\CodeIgniter->handleRequest(NULL, Object(Config\Cache), false)
#7 C:\laragon\www\penyaluranapp\public\index.php(37): CodeIgniter\CodeIgniter->run()
#8 {main}
ERROR - 2021-09-19 01:15:40 --> [Microsoft][ODBC Driver 17 for SQL Server][SQL Server]Error converting data type nvarchar to int.
CRITICAL - 2021-09-19 01:15:40 --> [Microsoft][ODBC Driver 17 for SQL Server][SQL Server]Error converting data type nvarchar to int.
#0 C:\laragon\www\penyaluranapp\vendor\codeigniter4\framework\system\Database\BaseConnection.php(732): CodeIgniter\Database\SQLSRV\Connection->execute('exec penyaluran...')
#1 C:\laragon\www\penyaluranapp\vendor\codeigniter4\framework\system\Database\BaseConnection.php(647): CodeIgniter\Database\BaseConnection->simpleQuery('exec penyaluran...')
#2 C:\laragon\www\penyaluranapp\app\Models\Master_jenisfileModel.php(19): CodeIgniter\Database\BaseConnection->query('exec penyaluran...')
#3 C:\laragon\www\penyaluranapp\app\Controllers\Monitoring_data.php(106): App\Models\Master_jenisfileModel->getbyid('assets')
#4 C:\laragon\www\penyaluranapp\vendor\codeigniter4\framework\system\CodeIgniter.php(928): App\Controllers\Monitoring_data->monitoring('assets', 'dist', 'img', 'user1-128x128.j...')
#5 C:\laragon\www\penyaluranapp\vendor\codeigniter4\framework\system\CodeIgniter.php(436): CodeIgniter\CodeIgniter->runController(Object(App\Controllers\Monitoring_data))
#6 C:\laragon\www\penyaluranapp\vendor\codeigniter4\framework\system\CodeIgniter.php(336): CodeIgniter\CodeIgniter->handleRequest(NULL, Object(Config\Cache), false)
#7 C:\laragon\www\penyaluranapp\public\index.php(37): CodeIgniter\CodeIgniter->run()
#8 {main}
ERROR - 2021-09-19 01:15:42 --> [Microsoft][ODBC Driver 17 for SQL Server][SQL Server]Error converting data type nvarchar to int.
CRITICAL - 2021-09-19 01:15:42 --> [Microsoft][ODBC Driver 17 for SQL Server][SQL Server]Error converting data type nvarchar to int.
#0 C:\laragon\www\penyaluranapp\vendor\codeigniter4\framework\system\Database\BaseConnection.php(732): CodeIgniter\Database\SQLSRV\Connection->execute('exec penyaluran...')
#1 C:\laragon\www\penyaluranapp\vendor\codeigniter4\framework\system\Database\BaseConnection.php(647): CodeIgniter\Database\BaseConnection->simpleQuery('exec penyaluran...')
#2 C:\laragon\www\penyaluranapp\app\Models\Master_jenisfileModel.php(19): CodeIgniter\Database\BaseConnection->query('exec penyaluran...')
#3 C:\laragon\www\penyaluranapp\app\Controllers\Monitoring_data.php(106): App\Models\Master_jenisfileModel->getbyid('assets')
#4 C:\laragon\www\penyaluranapp\vendor\codeigniter4\framework\system\CodeIgniter.php(928): App\Controllers\Monitoring_data->monitoring('assets', 'dist', 'img', 'user8-128x128.j...')
#5 C:\laragon\www\penyaluranapp\vendor\codeigniter4\framework\system\CodeIgniter.php(436): CodeIgniter\CodeIgniter->runController(Object(App\Controllers\Monitoring_data))
#6 C:\laragon\www\penyaluranapp\vendor\codeigniter4\framework\system\CodeIgniter.php(336): CodeIgniter\CodeIgniter->handleRequest(NULL, Object(Config\Cache), false)
#7 C:\laragon\www\penyaluranapp\public\index.php(37): CodeIgniter\CodeIgniter->run()
#8 {main}
ERROR - 2021-09-19 01:15:43 --> [Microsoft][ODBC Driver 17 for SQL Server][SQL Server]Error converting data type nvarchar to int.
CRITICAL - 2021-09-19 01:15:43 --> [Microsoft][ODBC Driver 17 for SQL Server][SQL Server]Error converting data type nvarchar to int.
#0 C:\laragon\www\penyaluranapp\vendor\codeigniter4\framework\system\Database\BaseConnection.php(732): CodeIgniter\Database\SQLSRV\Connection->execute('exec penyaluran...')
#1 C:\laragon\www\penyaluranapp\vendor\codeigniter4\framework\system\Database\BaseConnection.php(647): CodeIgniter\Database\BaseConnection->simpleQuery('exec penyaluran...')
#2 C:\laragon\www\penyaluranapp\app\Models\Master_jenisfileModel.php(19): CodeIgniter\Database\BaseConnection->query('exec penyaluran...')
#3 C:\laragon\www\penyaluranapp\app\Controllers\Monitoring_data.php(106): App\Models\Master_jenisfileModel->getbyid('assets')
#4 C:\laragon\www\penyaluranapp\vendor\codeigniter4\framework\system\CodeIgniter.php(928): App\Controllers\Monitoring_data->monitoring('assets', 'dist', 'img', 'user3-128x128.j...')
#5 C:\laragon\www\penyaluranapp\vendor\codeigniter4\framework\system\CodeIgniter.php(436): CodeIgniter\CodeIgniter->runController(Object(App\Controllers\Monitoring_data))
#6 C:\laragon\www\penyaluranapp\vendor\codeigniter4\framework\system\CodeIgniter.php(336): CodeIgniter\CodeIgniter->handleRequest(NULL, Object(Config\Cache), false)
#7 C:\laragon\www\penyaluranapp\public\index.php(37): CodeIgniter\CodeIgniter->run()
#8 {main}
ERROR - 2021-09-19 01:18:28 --> [Microsoft][ODBC Driver 17 for SQL Server][SQL Server]Error converting data type nvarchar to int.
CRITICAL - 2021-09-19 01:18:28 --> [Microsoft][ODBC Driver 17 for SQL Server][SQL Server]Error converting data type nvarchar to int.
#0 C:\laragon\www\penyaluranapp\vendor\codeigniter4\framework\system\Database\BaseConnection.php(732): CodeIgniter\Database\SQLSRV\Connection->execute('exec penyaluran...')
#1 C:\laragon\www\penyaluranapp\vendor\codeigniter4\framework\system\Database\BaseConnection.php(647): CodeIgniter\Database\BaseConnection->simpleQuery('exec penyaluran...')
#2 C:\laragon\www\penyaluranapp\app\Models\Master_jenisfileModel.php(19): CodeIgniter\Database\BaseConnection->query('exec penyaluran...')
#3 C:\laragon\www\penyaluranapp\app\Controllers\Monitoring_data.php(106): App\Models\Master_jenisfileModel->getbyid('assets')
#4 C:\laragon\www\penyaluranapp\vendor\codeigniter4\framework\system\CodeIgniter.php(928): App\Controllers\Monitoring_data->monitoring('assets', 'dist', 'img', 'user1-128x128.j...')
#5 C:\laragon\www\penyaluranapp\vendor\codeigniter4\framework\system\CodeIgniter.php(436): CodeIgniter\CodeIgniter->runController(Object(App\Controllers\Monitoring_data))
#6 C:\laragon\www\penyaluranapp\vendor\codeigniter4\framework\system\CodeIgniter.php(336): CodeIgniter\CodeIgniter->handleRequest(NULL, Object(Config\Cache), false)
#7 C:\laragon\www\penyaluranapp\public\index.php(37): CodeIgniter\CodeIgniter->run()
#8 {main}
ERROR - 2021-09-19 01:19:14 --> [Microsoft][ODBC Driver 17 for SQL Server][SQL Server]Error converting data type nvarchar to int.
CRITICAL - 2021-09-19 01:19:14 --> [Microsoft][ODBC Driver 17 for SQL Server][SQL Server]Error converting data type nvarchar to int.
#0 C:\laragon\www\penyaluranapp\vendor\codeigniter4\framework\system\Database\BaseConnection.php(732): CodeIgniter\Database\SQLSRV\Connection->execute('exec penyaluran...')
#1 C:\laragon\www\penyaluranapp\vendor\codeigniter4\framework\system\Database\BaseConnection.php(647): CodeIgniter\Database\BaseConnection->simpleQuery('exec penyaluran...')
#2 C:\laragon\www\penyaluranapp\app\Models\Master_jenisfileModel.php(19): CodeIgniter\Database\BaseConnection->query('exec penyaluran...')
#3 C:\laragon\www\penyaluranapp\app\Controllers\Monitoring_data.php(106): App\Models\Master_jenisfileModel->getbyid('assets')
#4 C:\laragon\www\penyaluranapp\vendor\codeigniter4\framework\system\CodeIgniter.php(928): App\Controllers\Monitoring_data->monitoring('assets', 'dist', 'img', 'user8-128x128.j...')
#5 C:\laragon\www\penyaluranapp\vendor\codeigniter4\framework\system\CodeIgniter.php(436): CodeIgniter\CodeIgniter->runController(Object(App\Controllers\Monitoring_data))
#6 C:\laragon\www\penyaluranapp\vendor\codeigniter4\framework\system\CodeIgniter.php(336): CodeIgniter\CodeIgniter->handleRequest(NULL, Object(Config\Cache), false)
#7 C:\laragon\www\penyaluranapp\public\index.php(37): CodeIgniter\CodeIgniter->run()
#8 {main}
ERROR - 2021-09-19 01:20:02 --> [Microsoft][ODBC Driver 17 for SQL Server][SQL Server]Error converting data type nvarchar to int.
CRITICAL - 2021-09-19 01:20:02 --> [Microsoft][ODBC Driver 17 for SQL Server][SQL Server]Error converting data type nvarchar to int.
#0 C:\laragon\www\penyaluranapp\vendor\codeigniter4\framework\system\Database\BaseConnection.php(732): CodeIgniter\Database\SQLSRV\Connection->execute('exec penyaluran...')
#1 C:\laragon\www\penyaluranapp\vendor\codeigniter4\framework\system\Database\BaseConnection.php(647): CodeIgniter\Database\BaseConnection->simpleQuery('exec penyaluran...')
#2 C:\laragon\www\penyaluranapp\app\Models\Master_jenisfileModel.php(19): CodeIgniter\Database\BaseConnection->query('exec penyaluran...')
#3 C:\laragon\www\penyaluranapp\app\Controllers\Monitoring_data.php(106): App\Models\Master_jenisfileModel->getbyid('assets')
#4 C:\laragon\www\penyaluranapp\vendor\codeigniter4\framework\system\CodeIgniter.php(928): App\Controllers\Monitoring_data->monitoring('assets', 'dist', 'img', 'user3-128x128.j...')
#5 C:\laragon\www\penyaluranapp\vendor\codeigniter4\framework\system\CodeIgniter.php(436): CodeIgniter\CodeIgniter->runController(Object(App\Controllers\Monitoring_data))
#6 C:\laragon\www\penyaluranapp\vendor\codeigniter4\framework\system\CodeIgniter.php(336): CodeIgniter\CodeIgniter->handleRequest(NULL, Object(Config\Cache), false)
#7 C:\laragon\www\penyaluranapp\public\index.php(37): CodeIgniter\CodeIgniter->run()
#8 {main}
ERROR - 2021-09-19 01:20:16 --> [Microsoft][ODBC Driver 17 for SQL Server][SQL Server]Error converting data type nvarchar to int.
CRITICAL - 2021-09-19 01:20:16 --> [Microsoft][ODBC Driver 17 for SQL Server][SQL Server]Error converting data type nvarchar to int.
#0 C:\laragon\www\penyaluranapp\vendor\codeigniter4\framework\system\Database\BaseConnection.php(732): CodeIgniter\Database\SQLSRV\Connection->execute('exec penyaluran...')
#1 C:\laragon\www\penyaluranapp\vendor\codeigniter4\framework\system\Database\BaseConnection.php(647): CodeIgniter\Database\BaseConnection->simpleQuery('exec penyaluran...')
#2 C:\laragon\www\penyaluranapp\app\Models\Master_jenisfileModel.php(19): CodeIgniter\Database\BaseConnection->query('exec penyaluran...')
#3 C:\laragon\www\penyaluranapp\app\Controllers\Monitoring_data.php(106): App\Models\Master_jenisfileModel->getbyid('assets')
#4 C:\laragon\www\penyaluranapp\vendor\codeigniter4\framework\system\CodeIgniter.php(928): App\Controllers\Monitoring_data->monitoring('assets', 'dist', 'img', 'user1-128x128.j...')
#5 C:\laragon\www\penyaluranapp\vendor\codeigniter4\framework\system\CodeIgniter.php(436): CodeIgniter\CodeIgniter->runController(Object(App\Controllers\Monitoring_data))
#6 C:\laragon\www\penyaluranapp\vendor\codeigniter4\framework\system\CodeIgniter.php(336): CodeIgniter\CodeIgniter->handleRequest(NULL, Object(Config\Cache), false)
#7 C:\laragon\www\penyaluranapp\public\index.php(37): CodeIgniter\CodeIgniter->run()
#8 {main}
ERROR - 2021-09-19 01:20:16 --> [Microsoft][ODBC Driver 17 for SQL Server][SQL Server]Error converting data type nvarchar to int.
CRITICAL - 2021-09-19 01:20:16 --> [Microsoft][ODBC Driver 17 for SQL Server][SQL Server]Error converting data type nvarchar to int.
#0 C:\laragon\www\penyaluranapp\vendor\codeigniter4\framework\system\Database\BaseConnection.php(732): CodeIgniter\Database\SQLSRV\Connection->execute('exec penyaluran...')
#1 C:\laragon\www\penyaluranapp\vendor\codeigniter4\framework\system\Database\BaseConnection.php(647): CodeIgniter\Database\BaseConnection->simpleQuery('exec penyaluran...')
#2 C:\laragon\www\penyaluranapp\app\Models\Master_jenisfileModel.php(19): CodeIgniter\Database\BaseConnection->query('exec penyaluran...')
#3 C:\laragon\www\penyaluranapp\app\Controllers\Monitoring_data.php(106): App\Models\Master_jenisfileModel->getbyid('assets')
#4 C:\laragon\www\penyaluranapp\vendor\codeigniter4\framework\system\CodeIgniter.php(928): App\Controllers\Monitoring_data->monitoring('assets', 'dist', 'img', 'user8-128x128.j...')
#5 C:\laragon\www\penyaluranapp\vendor\codeigniter4\framework\system\CodeIgniter.php(436): CodeIgniter\CodeIgniter->runController(Object(App\Controllers\Monitoring_data))
#6 C:\laragon\www\penyaluranapp\vendor\codeigniter4\framework\system\CodeIgniter.php(336): CodeIgniter\CodeIgniter->handleRequest(NULL, Object(Config\Cache), false)
#7 C:\laragon\www\penyaluranapp\public\index.php(37): CodeIgniter\CodeIgniter->run()
#8 {main}
ERROR - 2021-09-19 01:20:17 --> [Microsoft][ODBC Driver 17 for SQL Server][SQL Server]Error converting data type nvarchar to int.
CRITICAL - 2021-09-19 01:20:17 --> [Microsoft][ODBC Driver 17 for SQL Server][SQL Server]Error converting data type nvarchar to int.
#0 C:\laragon\www\penyaluranapp\vendor\codeigniter4\framework\system\Database\BaseConnection.php(732): CodeIgniter\Database\SQLSRV\Connection->execute('exec penyaluran...')
#1 C:\laragon\www\penyaluranapp\vendor\codeigniter4\framework\system\Database\BaseConnection.php(647): CodeIgniter\Database\BaseConnection->simpleQuery('exec penyaluran...')
#2 C:\laragon\www\penyaluranapp\app\Models\Master_jenisfileModel.php(19): CodeIgniter\Database\BaseConnection->query('exec penyaluran...')
#3 C:\laragon\www\penyaluranapp\app\Controllers\Monitoring_data.php(106): App\Models\Master_jenisfileModel->getbyid('assets')
#4 C:\laragon\www\penyaluranapp\vendor\codeigniter4\framework\system\CodeIgniter.php(928): App\Controllers\Monitoring_data->monitoring('assets', 'dist', 'img', 'user3-128x128.j...')
#5 C:\laragon\www\penyaluranapp\vendor\codeigniter4\framework\system\CodeIgniter.php(436): CodeIgniter\CodeIgniter->runController(Object(App\Controllers\Monitoring_data))
#6 C:\laragon\www\penyaluranapp\vendor\codeigniter4\framework\system\CodeIgniter.php(336): CodeIgniter\CodeIgniter->handleRequest(NULL, Object(Config\Cache), false)
#7 C:\laragon\www\penyaluranapp\public\index.php(37): CodeIgniter\CodeIgniter->run()
#8 {main}
ERROR - 2021-09-19 18:58:09 --> [Microsoft][ODBC Driver 17 for SQL Server][SQL Server]Error converting data type nvarchar to int.
CRITICAL - 2021-09-19 18:58:09 --> [Microsoft][ODBC Driver 17 for SQL Server][SQL Server]Error converting data type nvarchar to int.
#0 C:\laragon\www\penyaluranapp\vendor\codeigniter4\framework\system\Database\BaseConnection.php(732): CodeIgniter\Database\SQLSRV\Connection->execute('exec penyaluran...')
#1 C:\laragon\www\penyaluranapp\vendor\codeigniter4\framework\system\Database\BaseConnection.php(647): CodeIgniter\Database\BaseConnection->simpleQuery('exec penyaluran...')
#2 C:\laragon\www\penyaluranapp\app\Models\Master_jenisfileModel.php(19): CodeIgniter\Database\BaseConnection->query('exec penyaluran...')
#3 C:\laragon\www\penyaluranapp\app\Controllers\Monitoring_data.php(106): App\Models\Master_jenisfileModel->getbyid('assets')
#4 C:\laragon\www\penyaluranapp\vendor\codeigniter4\framework\system\CodeIgniter.php(928): App\Controllers\Monitoring_data->monitoring('assets', 'dist', 'img', 'user1-128x128.j...')
#5 C:\laragon\www\penyaluranapp\vendor\codeigniter4\framework\system\CodeIgniter.php(436): CodeIgniter\CodeIgniter->runController(Object(App\Controllers\Monitoring_data))
#6 C:\laragon\www\penyaluranapp\vendor\codeigniter4\framework\system\CodeIgniter.php(336): CodeIgniter\CodeIgniter->handleRequest(NULL, Object(Config\Cache), false)
#7 C:\laragon\www\penyaluranapp\public\index.php(37): CodeIgniter\CodeIgniter->run()
#8 {main}
ERROR - 2021-09-19 18:58:10 --> [Microsoft][ODBC Driver 17 for SQL Server][SQL Server]Error converting data type nvarchar to int.
CRITICAL - 2021-09-19 18:58:10 --> [Microsoft][ODBC Driver 17 for SQL Server][SQL Server]Error converting data type nvarchar to int.
#0 C:\laragon\www\penyaluranapp\vendor\codeigniter4\framework\system\Database\BaseConnection.php(732): CodeIgniter\Database\SQLSRV\Connection->execute('exec penyaluran...')
#1 C:\laragon\www\penyaluranapp\vendor\codeigniter4\framework\system\Database\BaseConnection.php(647): CodeIgniter\Database\BaseConnection->simpleQuery('exec penyaluran...')
#2 C:\laragon\www\penyaluranapp\app\Models\Master_jenisfileModel.php(19): CodeIgniter\Database\BaseConnection->query('exec penyaluran...')
#3 C:\laragon\www\penyaluranapp\app\Controllers\Monitoring_data.php(106): App\Models\Master_jenisfileModel->getbyid('assets')
#4 C:\laragon\www\penyaluranapp\vendor\codeigniter4\framework\system\CodeIgniter.php(928): App\Controllers\Monitoring_data->monitoring('assets', 'dist', 'img', 'user8-128x128.j...')
#5 C:\laragon\www\penyaluranapp\vendor\codeigniter4\framework\system\CodeIgniter.php(436): CodeIgniter\CodeIgniter->runController(Object(App\Controllers\Monitoring_data))
#6 C:\laragon\www\penyaluranapp\vendor\codeigniter4\framework\system\CodeIgniter.php(336): CodeIgniter\CodeIgniter->handleRequest(NULL, Object(Config\Cache), false)
#7 C:\laragon\www\penyaluranapp\public\index.php(37): CodeIgniter\CodeIgniter->run()
#8 {main}
ERROR - 2021-09-19 18:58:11 --> [Microsoft][ODBC Driver 17 for SQL Server][SQL Server]Error converting data type nvarchar to int.
CRITICAL - 2021-09-19 18:58:11 --> [Microsoft][ODBC Driver 17 for SQL Server][SQL Server]Error converting data type nvarchar to int.
#0 C:\laragon\www\penyaluranapp\vendor\codeigniter4\framework\system\Database\BaseConnection.php(732): CodeIgniter\Database\SQLSRV\Connection->execute('exec penyaluran...')
#1 C:\laragon\www\penyaluranapp\vendor\codeigniter4\framework\system\Database\BaseConnection.php(647): CodeIgniter\Database\BaseConnection->simpleQuery('exec penyaluran...')
#2 C:\laragon\www\penyaluranapp\app\Models\Master_jenisfileModel.php(19): CodeIgniter\Database\BaseConnection->query('exec penyaluran...')
#3 C:\laragon\www\penyaluranapp\app\Controllers\Monitoring_data.php(106): App\Models\Master_jenisfileModel->getbyid('assets')
#4 C:\laragon\www\penyaluranapp\vendor\codeigniter4\framework\system\CodeIgniter.php(928): App\Controllers\Monitoring_data->monitoring('assets', 'dist', 'img', 'user3-128x128.j...')
#5 C:\laragon\www\penyaluranapp\vendor\codeigniter4\framework\system\CodeIgniter.php(436): CodeIgniter\CodeIgniter->runController(Object(App\Controllers\Monitoring_data))
#6 C:\laragon\www\penyaluranapp\vendor\codeigniter4\framework\system\CodeIgniter.php(336): CodeIgniter\CodeIgniter->handleRequest(NULL, Object(Config\Cache), false)
#7 C:\laragon\www\penyaluranapp\public\index.php(37): CodeIgniter\CodeIgniter->run()
#8 {main}
ERROR - 2021-09-19 18:59:09 --> [Microsoft][ODBC Driver 17 for SQL Server][SQL Server]Incorrect syntax near the keyword 'order'.
CRITICAL - 2021-09-19 18:59:09 --> [Microsoft][ODBC Driver 17 for SQL Server][SQL Server]Incorrect syntax near the keyword 'order'.
#0 C:\laragon\www\penyaluranapp\vendor\codeigniter4\framework\system\Database\BaseConnection.php(732): CodeIgniter\Database\SQLSRV\Connection->execute('select distinct...')
#1 C:\laragon\www\penyaluranapp\vendor\codeigniter4\framework\system\Database\BaseConnection.php(647): CodeIgniter\Database\BaseConnection->simpleQuery('select distinct...')
#2 C:\laragon\www\penyaluranapp\app\Models\Dtks_pfm_model.php(54): CodeIgniter\Database\BaseConnection->query('select distinct...')
#3 C:\laragon\www\penyaluranapp\app\Controllers\Dtks_pfm.php(35): App\Models\Dtks_pfm_model->getkelurahan('18', '6', '')
#4 C:\laragon\www\penyaluranapp\vendor\codeigniter4\framework\system\CodeIgniter.php(928): App\Controllers\Dtks_pfm->getkelurahan()
#5 C:\laragon\www\penyaluranapp\vendor\codeigniter4\framework\system\CodeIgniter.php(436): CodeIgniter\CodeIgniter->runController(Object(App\Controllers\Dtks_pfm))
#6 C:\laragon\www\penyaluranapp\vendor\codeigniter4\framework\system\CodeIgniter.php(336): CodeIgniter\CodeIgniter->handleRequest(NULL, Object(Config\Cache), false)
#7 C:\laragon\www\penyaluranapp\public\index.php(37): CodeIgniter\CodeIgniter->run()
#8 {main}
ERROR - 2021-09-19 19:31:23 --> [Microsoft][ODBC Driver 17 for SQL Server][SQL Server]Incorrect syntax near the keyword 'order'.
CRITICAL - 2021-09-19 19:31:23 --> [Microsoft][ODBC Driver 17 for SQL Server][SQL Server]Incorrect syntax near the keyword 'order'.
#0 C:\laragon\www\penyaluranapp\vendor\codeigniter4\framework\system\Database\BaseConnection.php(732): CodeIgniter\Database\SQLSRV\Connection->execute('select distinct...')
#1 C:\laragon\www\penyaluranapp\vendor\codeigniter4\framework\system\Database\BaseConnection.php(647): CodeIgniter\Database\BaseConnection->simpleQuery('select distinct...')
#2 C:\laragon\www\penyaluranapp\app\Models\Dtks_pfm_model.php(43): CodeIgniter\Database\BaseConnection->query('select distinct...')
#3 C:\laragon\www\penyaluranapp\app\Controllers\Dtks_pfm.php(26): App\Models\Dtks_pfm_model->getkecamatan('18', '')
#4 C:\laragon\www\penyaluranapp\vendor\codeigniter4\framework\system\CodeIgniter.php(928): App\Controllers\Dtks_pfm->getkecamatan()
#5 C:\laragon\www\penyaluranapp\vendor\codeigniter4\framework\system\CodeIgniter.php(436): CodeIgniter\CodeIgniter->runController(Object(App\Controllers\Dtks_pfm))
#6 C:\laragon\www\penyaluranapp\vendor\codeigniter4\framework\system\CodeIgniter.php(336): CodeIgniter\CodeIgniter->handleRequest(NULL, Object(Config\Cache), false)
#7 C:\laragon\www\penyaluranapp\public\index.php(37): CodeIgniter\CodeIgniter->run()
#8 {main}
