CRITICAL - 2021-10-19 03:13:29 --> Call to undefined function CodeIgniter\locale_set_default()
#0 C:\xampp\htdocs\ihelpfrontend\vendor\codeigniter4\framework\system\bootstrap.php(157): CodeIgniter\CodeIgniter->initialize()
#1 C:\xampp\htdocs\ihelpfrontend\public\index.php(28): require('C:\\xampp\\htdocs...')
#2 {main}
CRITICAL - 2021-10-19 00:15:38 --> Use of undefined constant id - assumed 'id' (this will throw an Error in a future version of PHP)
#0 C:\xampp\htdocs\ihelpfrontend\app\Views\service.php(324): CodeIgniter\Debug\Exceptions->errorHandler(2, 'Use of undefine...', 'C:\\xampp\\htdocs...', 324, Array)
#1 C:\xampp\htdocs\ihelpfrontend\vendor\codeigniter4\framework\system\View\View.php(230): include('C:\\xampp\\htdocs...')
#2 C:\xampp\htdocs\ihelpfrontend\vendor\codeigniter4\framework\system\View\View.php(232): CodeIgniter\View\View->CodeIgniter\View\{closure}()
#3 C:\xampp\htdocs\ihelpfrontend\vendor\codeigniter4\framework\system\Common.php(1271): CodeIgniter\View\View->render('service', Array, true)
#4 C:\xampp\htdocs\ihelpfrontend\app\Controllers\Service.php(59): view('service', Array)
#5 C:\xampp\htdocs\ihelpfrontend\vendor\codeigniter4\framework\system\CodeIgniter.php(928): App\Controllers\Service->index()
#6 C:\xampp\htdocs\ihelpfrontend\vendor\codeigniter4\framework\system\CodeIgniter.php(436): CodeIgniter\CodeIgniter->runController(Object(App\Controllers\Service))
#7 C:\xampp\htdocs\ihelpfrontend\vendor\codeigniter4\framework\system\CodeIgniter.php(336): CodeIgniter\CodeIgniter->handleRequest(NULL, Object(Config\Cache), false)
#8 C:\xampp\htdocs\ihelpfrontend\public\index.php(37): CodeIgniter\CodeIgniter->run()
#9 {main}
ERROR - 2021-10-19 00:27:25 --> Email: sendWithSmtp throwed stream_socket_enable_crypto(): SSL operation failed with code 1. OpenSSL Error messages:
error:1408F10B:SSL routines:ssl3_get_record:wrong version number
ERROR - 2021-10-19 00:29:28 --> Email: sendWithSmtp throwed stream_socket_enable_crypto(): SSL operation failed with code 1. OpenSSL Error messages:
error:1408F10B:SSL routines:ssl3_get_record:wrong version number
CRITICAL - 2021-10-19 13:50:14 --> Invalid file: {0}
#0 C:\xampp\htdocs\ihelpfrontend\vendor\codeigniter4\framework\system\View\View.php(213): CodeIgniter\Exceptions\FrameworkException::forInvalidFile('email_template_...')
#1 C:\xampp\htdocs\ihelpfrontend\vendor\codeigniter4\framework\system\Common.php(1271): CodeIgniter\View\View->render('email_template_...', Array, true)
#2 C:\xampp\htdocs\ihelpfrontend\app\Controllers\Permissionrequest.php(202): view('email_template_...', Array)
#3 C:\xampp\htdocs\ihelpfrontend\vendor\codeigniter4\framework\system\CodeIgniter.php(928): App\Controllers\Permissionrequest->sendEmail('93')
#4 C:\xampp\htdocs\ihelpfrontend\vendor\codeigniter4\framework\system\CodeIgniter.php(436): CodeIgniter\CodeIgniter->runController(Object(App\Controllers\Permissionrequest))
#5 C:\xampp\htdocs\ihelpfrontend\vendor\codeigniter4\framework\system\CodeIgniter.php(336): CodeIgniter\CodeIgniter->handleRequest(NULL, Object(Config\Cache), false)
#6 C:\xampp\htdocs\ihelpfrontend\public\index.php(37): CodeIgniter\CodeIgniter->run()
#7 {main}
